running egg_info
writing ../../build/otonom_arac/otonom_arac.egg-info/PKG-INFO
writing dependency_links to ../../build/otonom_arac/otonom_arac.egg-info/dependency_links.txt
writing entry points to ../../build/otonom_arac/otonom_arac.egg-info/entry_points.txt
writing requirements to ../../build/otonom_arac/otonom_arac.egg-info/requires.txt
writing top-level names to ../../build/otonom_arac/otonom_arac.egg-info/top_level.txt
reading manifest file '../../build/otonom_arac/otonom_arac.egg-info/SOURCES.txt'
writing manifest file '../../build/otonom_arac/otonom_arac.egg-info/SOURCES.txt'
running build
running build_py
copying otonom_arac/nodes/perception/lane_detection_node.py -> /workspace/ros2_ws/build/otonom_arac/build/lib/otonom_arac/nodes/perception
running install
running install_lib
copying /workspace/ros2_ws/build/otonom_arac/build/lib/otonom_arac/nodes/perception/lane_detection_node.py -> /workspace/ros2_ws/install/otonom_arac/lib/python3.12/site-packages/otonom_arac/nodes/perception
byte-compiling /workspace/ros2_ws/install/otonom_arac/lib/python3.12/site-packages/otonom_arac/nodes/perception/lane_detection_node.py to lane_detection_node.cpython-312.pyc
/workspace/ros2_ws/install/otonom_arac/lib/python3.12/site-packages/otonom_arac/nodes/perception/lane_detection_node.py:24: SyntaxWarning: invalid escape sequence '\ '
  """
running install_data
running install_egg_info
removing '/workspace/ros2_ws/install/otonom_arac/lib/python3.12/site-packages/otonom_arac-0.0.0-py3.12.egg-info' (and everything under it)
Copying ../../build/otonom_arac/otonom_arac.egg-info to /workspace/ros2_ws/install/otonom_arac/lib/python3.12/site-packages/otonom_arac-0.0.0-py3.12.egg-info
running install_scripts
Installing camera_node script to /workspace/ros2_ws/install/otonom_arac/lib/otonom_arac
Installing control_node script to /workspace/ros2_ws/install/otonom_arac/lib/otonom_arac
Installing encoder_node script to /workspace/ros2_ws/install/otonom_arac/lib/otonom_arac
Installing joystick_node script to /workspace/ros2_ws/install/otonom_arac/lib/otonom_arac
Installing lane_detection_node script to /workspace/ros2_ws/install/otonom_arac/lib/otonom_arac
Installing lidar_node script to /workspace/ros2_ws/install/otonom_arac/lib/otonom_arac
Installing object_detection_node script to /workspace/ros2_ws/install/otonom_arac/lib/otonom_arac
Installing teensy_node script to /workspace/ros2_ws/install/otonom_arac/lib/otonom_arac
Installing video_player_node script to /workspace/ros2_ws/install/otonom_arac/lib/otonom_arac
Installing video_recorder_node script to /workspace/ros2_ws/install/otonom_arac/lib/otonom_arac
writing list of installed files to '/workspace/ros2_ws/build/otonom_arac/install.log'
