[2.262s] Invoking command in '/Users/faikaktss/ISA_TEAMM_2025-2026/ros2_ws/src/otonom_arac': CONDA_PROMPT_MODIFIER=(isa_env) PYTHONPATH=/Users/faikaktss/ISA_TEAMM_2025-2026/ros2_ws/build/otonom_arac/prefix_override:/opt/homebrew/Caskroom/miniforge/base/envs/isa_env/lib/python3.11/site-packages/colcon_core/task/python/colcon_distutils_commands:/Users/faikaktss/ISA_TEAMM_2025-2026/ros2_ws/install/otonom_arac/lib/python3.11/site-packages:${PYTHONPATH} SHLVL=2 _=/usr/bin/env /opt/homebrew/Caskroom/miniforge/base/envs/isa_env/bin/python3.11 -W ignore:setup.py install is deprecated -W ignore:easy_install command is deprecated setup.py egg_info --egg-base ../../build/otonom_arac build --build-base /Users/faikaktss/ISA_TEAMM_2025-2026/ros2_ws/build/otonom_arac/build install --record /Users/faikaktss/ISA_TEAMM_2025-2026/ros2_ws/build/otonom_arac/install.log --single-version-externally-managed install_data
[2.695s] /opt/homebrew/Caskroom/miniforge/base/envs/isa_env/lib/python3.11/site-packages/setuptools/_distutils/dist.py:289: UserWarning: Unknown distribution option: 'tests_require'
[2.695s]   warnings.warn(msg)
[2.887s] running egg_info
[2.923s] writing ../../build/otonom_arac/otonom_arac.egg-info/PKG-INFO
[2.924s] writing dependency_links to ../../build/otonom_arac/otonom_arac.egg-info/dependency_links.txt
[2.927s] writing entry points to ../../build/otonom_arac/otonom_arac.egg-info/entry_points.txt
[2.927s] writing requirements to ../../build/otonom_arac/otonom_arac.egg-info/requires.txt
[2.928s] writing top-level names to ../../build/otonom_arac/otonom_arac.egg-info/top_level.txt
[3.006s] reading manifest file '../../build/otonom_arac/otonom_arac.egg-info/SOURCES.txt'
[3.009s] writing manifest file '../../build/otonom_arac/otonom_arac.egg-info/SOURCES.txt'
[3.010s] running build
[3.010s] running build_py
[3.012s] copying otonom_arac/error.py -> /Users/faikaktss/ISA_TEAMM_2025-2026/ros2_ws/build/otonom_arac/build/lib/otonom_arac
[3.013s] copying otonom_arac/object_detection_node.py -> /Users/faikaktss/ISA_TEAMM_2025-2026/ros2_ws/build/otonom_arac/build/lib/otonom_arac
[3.013s] copying otonom_arac/lidar_node.py -> /Users/faikaktss/ISA_TEAMM_2025-2026/ros2_ws/build/otonom_arac/build/lib/otonom_arac
[3.017s] copying otonom_arac/__init__.py -> /Users/faikaktss/ISA_TEAMM_2025-2026/ros2_ws/build/otonom_arac/build/lib/otonom_arac
[3.018s] copying otonom_arac/LaneDetect.py -> /Users/faikaktss/ISA_TEAMM_2025-2026/ros2_ws/build/otonom_arac/build/lib/otonom_arac
[3.030s] copying otonom_arac/realsense.py -> /Users/faikaktss/ISA_TEAMM_2025-2026/ros2_ws/build/otonom_arac/build/lib/otonom_arac
[3.031s] copying otonom_arac/sonKararTabela.py -> /Users/faikaktss/ISA_TEAMM_2025-2026/ros2_ws/build/otonom_arac/build/lib/otonom_arac
[3.032s] copying otonom_arac/camera.py -> /Users/faikaktss/ISA_TEAMM_2025-2026/ros2_ws/build/otonom_arac/build/lib/otonom_arac
[3.032s] copying otonom_arac/utils.py -> /Users/faikaktss/ISA_TEAMM_2025-2026/ros2_ws/build/otonom_arac/build/lib/otonom_arac
[3.034s] copying otonom_arac/lane_detection_node.py -> /Users/faikaktss/ISA_TEAMM_2025-2026/ros2_ws/build/otonom_arac/build/lib/otonom_arac
[3.036s] copying otonom_arac/control_node.py -> /Users/faikaktss/ISA_TEAMM_2025-2026/ros2_ws/build/otonom_arac/build/lib/otonom_arac
[3.039s] copying otonom_arac/lidar.py -> /Users/faikaktss/ISA_TEAMM_2025-2026/ros2_ws/build/otonom_arac/build/lib/otonom_arac
[3.041s] copying otonom_arac/camera_node.py -> /Users/faikaktss/ISA_TEAMM_2025-2026/ros2_ws/build/otonom_arac/build/lib/otonom_arac
[3.042s] copying otonom_arac/info.py -> /Users/faikaktss/ISA_TEAMM_2025-2026/ros2_ws/build/otonom_arac/build/lib/otonom_arac
[3.048s] copying otonom_arac/arduino.py -> /Users/faikaktss/ISA_TEAMM_2025-2026/ros2_ws/build/otonom_arac/build/lib/otonom_arac
[3.049s] running install
[3.051s] running install_lib
[3.102s] copying /Users/faikaktss/ISA_TEAMM_2025-2026/ros2_ws/build/otonom_arac/build/lib/otonom_arac/control_node.py -> /Users/faikaktss/ISA_TEAMM_2025-2026/ros2_ws/install/otonom_arac/lib/python3.11/site-packages/otonom_arac
[3.107s] copying /Users/faikaktss/ISA_TEAMM_2025-2026/ros2_ws/build/otonom_arac/build/lib/otonom_arac/camera_node.py -> /Users/faikaktss/ISA_TEAMM_2025-2026/ros2_ws/install/otonom_arac/lib/python3.11/site-packages/otonom_arac
[3.110s] byte-compiling /Users/faikaktss/ISA_TEAMM_2025-2026/ros2_ws/install/otonom_arac/lib/python3.11/site-packages/otonom_arac/control_node.py to control_node.cpython-311.pyc
[3.117s] byte-compiling /Users/faikaktss/ISA_TEAMM_2025-2026/ros2_ws/install/otonom_arac/lib/python3.11/site-packages/otonom_arac/camera_node.py to camera_node.cpython-311.pyc
[3.123s] running install_data
[3.123s] copying resource/otonom_arac -> /Users/faikaktss/ISA_TEAMM_2025-2026/ros2_ws/install/otonom_arac/share/ament_index/resource_index/packages
[3.127s] copying package.xml -> /Users/faikaktss/ISA_TEAMM_2025-2026/ros2_ws/install/otonom_arac/share/otonom_arac
[3.127s] copying launch/otonom_arac_launch.py -> /Users/faikaktss/ISA_TEAMM_2025-2026/ros2_ws/install/otonom_arac/share/otonom_arac/launch
[3.134s] running install_egg_info
[3.203s] removing '/Users/faikaktss/ISA_TEAMM_2025-2026/ros2_ws/install/otonom_arac/lib/python3.11/site-packages/otonom_arac-0.0.0-py3.11.egg-info' (and everything under it)
[3.204s] Copying ../../build/otonom_arac/otonom_arac.egg-info to /Users/faikaktss/ISA_TEAMM_2025-2026/ros2_ws/install/otonom_arac/lib/python3.11/site-packages/otonom_arac-0.0.0-py3.11.egg-info
[3.222s] running install_scripts
[3.309s] Installing camera_node script to /Users/faikaktss/ISA_TEAMM_2025-2026/ros2_ws/install/otonom_arac/lib/otonom_arac
[3.310s] Installing control_node script to /Users/faikaktss/ISA_TEAMM_2025-2026/ros2_ws/install/otonom_arac/lib/otonom_arac
[3.311s] Installing lane_detection_node script to /Users/faikaktss/ISA_TEAMM_2025-2026/ros2_ws/install/otonom_arac/lib/otonom_arac
[3.312s] Installing lidar_node script to /Users/faikaktss/ISA_TEAMM_2025-2026/ros2_ws/install/otonom_arac/lib/otonom_arac
[3.312s] Installing object_detection_node script to /Users/faikaktss/ISA_TEAMM_2025-2026/ros2_ws/install/otonom_arac/lib/otonom_arac
[3.315s] writing list of installed files to '/Users/faikaktss/ISA_TEAMM_2025-2026/ros2_ws/build/otonom_arac/install.log'
[3.481s] Invoked command in '/Users/faikaktss/ISA_TEAMM_2025-2026/ros2_ws/src/otonom_arac' returned '0': CONDA_PROMPT_MODIFIER=(isa_env) PYTHONPATH=/Users/faikaktss/ISA_TEAMM_2025-2026/ros2_ws/build/otonom_arac/prefix_override:/opt/homebrew/Caskroom/miniforge/base/envs/isa_env/lib/python3.11/site-packages/colcon_core/task/python/colcon_distutils_commands:/Users/faikaktss/ISA_TEAMM_2025-2026/ros2_ws/install/otonom_arac/lib/python3.11/site-packages:${PYTHONPATH} SHLVL=2 _=/usr/bin/env /opt/homebrew/Caskroom/miniforge/base/envs/isa_env/bin/python3.11 -W ignore:setup.py install is deprecated -W ignore:easy_install command is deprecated setup.py egg_info --egg-base ../../build/otonom_arac build --build-base /Users/faikaktss/ISA_TEAMM_2025-2026/ros2_ws/build/otonom_arac/build install --record /Users/faikaktss/ISA_TEAMM_2025-2026/ros2_ws/build/otonom_arac/install.log --single-version-externally-managed install_data
