[1.405s] Invoking command in '/workspace/ros2_ws/src/otonom_arac': PYTHONPATH=/workspace/ros2_ws/build/otonom_arac/prefix_override:/usr/lib/python3/dist-packages/colcon_core/task/python/colcon_distutils_commands:/workspace/ros2_ws/install/otonom_arac/lib/python3.12/site-packages:${PYTHONPATH} /usr/bin/python3 -W ignore:setup.py install is deprecated -W ignore:easy_install command is deprecated setup.py egg_info --egg-base ../../build/otonom_arac build --build-base /workspace/ros2_ws/build/otonom_arac/build install --record /workspace/ros2_ws/build/otonom_arac/install.log --single-version-externally-managed install_data
[1.738s] running egg_info
[1.752s] writing ../../build/otonom_arac/otonom_arac.egg-info/PKG-INFO
[1.752s] writing dependency_links to ../../build/otonom_arac/otonom_arac.egg-info/dependency_links.txt
[1.753s] writing entry points to ../../build/otonom_arac/otonom_arac.egg-info/entry_points.txt
[1.759s] writing requirements to ../../build/otonom_arac/otonom_arac.egg-info/requires.txt
[1.762s] writing top-level names to ../../build/otonom_arac/otonom_arac.egg-info/top_level.txt
[1.795s] reading manifest file '../../build/otonom_arac/otonom_arac.egg-info/SOURCES.txt'
[1.797s] writing manifest file '../../build/otonom_arac/otonom_arac.egg-info/SOURCES.txt'
[1.797s] running build
[1.797s] running build_py
[1.820s] running install
[1.824s] running install_lib
[1.846s] running install_data
[1.853s] running install_egg_info
[1.878s] removing '/workspace/ros2_ws/install/otonom_arac/lib/python3.12/site-packages/otonom_arac-0.0.0-py3.12.egg-info' (and everything under it)
[1.883s] Copying ../../build/otonom_arac/otonom_arac.egg-info to /workspace/ros2_ws/install/otonom_arac/lib/python3.12/site-packages/otonom_arac-0.0.0-py3.12.egg-info
[1.913s] running install_scripts
[2.064s] Installing camera_node script to /workspace/ros2_ws/install/otonom_arac/lib/otonom_arac
[2.065s] Installing control_node script to /workspace/ros2_ws/install/otonom_arac/lib/otonom_arac
[2.067s] Installing encoder_node script to /workspace/ros2_ws/install/otonom_arac/lib/otonom_arac
[2.069s] Installing joystick_node script to /workspace/ros2_ws/install/otonom_arac/lib/otonom_arac
[2.073s] Installing lane_detection_node script to /workspace/ros2_ws/install/otonom_arac/lib/otonom_arac
[2.077s] Installing lidar_node script to /workspace/ros2_ws/install/otonom_arac/lib/otonom_arac
[2.079s] Installing object_detection_node script to /workspace/ros2_ws/install/otonom_arac/lib/otonom_arac
[2.080s] Installing teensy_node script to /workspace/ros2_ws/install/otonom_arac/lib/otonom_arac
[2.081s] Installing video_player_node script to /workspace/ros2_ws/install/otonom_arac/lib/otonom_arac
[2.087s] writing list of installed files to '/workspace/ros2_ws/build/otonom_arac/install.log'
[2.128s] Invoked command in '/workspace/ros2_ws/src/otonom_arac' returned '0': PYTHONPATH=/workspace/ros2_ws/build/otonom_arac/prefix_override:/usr/lib/python3/dist-packages/colcon_core/task/python/colcon_distutils_commands:/workspace/ros2_ws/install/otonom_arac/lib/python3.12/site-packages:${PYTHONPATH} /usr/bin/python3 -W ignore:setup.py install is deprecated -W ignore:easy_install command is deprecated setup.py egg_info --egg-base ../../build/otonom_arac build --build-base /workspace/ros2_ws/build/otonom_arac/build install --record /workspace/ros2_ws/build/otonom_arac/install.log --single-version-externally-managed install_data
