[0.000000] (-) TimerEvent: {}
[0.000258] (otonom_arac) JobQueued: {'identifier': 'otonom_arac', 'dependencies': OrderedDict()}
[0.002380] (otonom_arac) JobStarted: {'identifier': 'otonom_arac'}
[0.100792] (-) TimerEvent: {}
[0.204045] (-) TimerEvent: {}
[0.309817] (-) TimerEvent: {}
[0.410745] (-) TimerEvent: {}
[0.511829] (-) TimerEvent: {}
[0.613154] (-) TimerEvent: {}
[0.721765] (-) TimerEvent: {}
[0.825708] (-) TimerEvent: {}
[0.927081] (-) TimerEvent: {}
[1.033671] (-) TimerEvent: {}
[1.135227] (-) TimerEvent: {}
[1.241864] (-) TimerEvent: {}
[1.258222] (otonom_arac) Command: {'cmd': ['/usr/bin/python3', '-W', 'ignore:setup.py install is deprecated', '-W', 'ignore:easy_install command is deprecated', 'setup.py', 'egg_info', '--egg-base', '../../build/otonom_arac', 'build', '--build-base', '/workspace/ros2_ws/build/otonom_arac/build', 'install', '--record', '/workspace/ros2_ws/build/otonom_arac/install.log', '--single-version-externally-managed', 'install_data'], 'cwd': '/workspace/ros2_ws/src/otonom_arac', 'env': {'HOSTNAME': 'a6e9cae19606', 'SHLVL': '1', 'LD_LIBRARY_PATH': '/opt/ros/jazzy/opt/rviz_ogre_vendor/lib:/opt/ros/jazzy/lib/x86_64-linux-gnu:/opt/ros/jazzy/opt/gz_math_vendor/lib:/opt/ros/jazzy/opt/gz_utils_vendor/lib:/opt/ros/jazzy/opt/gz_cmake_vendor/lib:/opt/ros/jazzy/lib', 'HOME': '/root', 'OLDPWD': '/', 'ROS_PYTHON_VERSION': '3', 'ROS_DISTRO': 'jazzy', '_': '/usr/bin/colcon', 'ROS_VERSION': '2', 'PATH': '/opt/ros/jazzy/bin:/usr/local/sbin:/usr/local/bin:/usr/sbin:/usr/bin:/sbin:/bin', 'LANG': 'C.UTF-8', 'AMENT_PREFIX_PATH': '/opt/ros/jazzy', 'ROS_AUTOMATIC_DISCOVERY_RANGE': 'SUBNET', 'PWD': '/workspace/ros2_ws/build/otonom_arac', 'LC_ALL': 'C.UTF-8', 'PYTHONPATH': '/workspace/ros2_ws/build/otonom_arac/prefix_override:/usr/lib/python3/dist-packages/colcon_core/task/python/colcon_distutils_commands:/workspace/ros2_ws/install/otonom_arac/lib/python3.12/site-packages:/opt/ros/jazzy/lib/python3.12/site-packages', 'COLCON': '1', 'CMAKE_PREFIX_PATH': '/opt/ros/jazzy/opt/gz_math_vendor:/opt/ros/jazzy/opt/gz_utils_vendor:/opt/ros/jazzy/opt/gz_cmake_vendor'}, 'shell': False}
[1.348118] (-) TimerEvent: {}
[1.449763] (-) TimerEvent: {}
[1.551824] (-) TimerEvent: {}
[1.654730] (-) TimerEvent: {}
[1.720057] (otonom_arac) StdoutLine: {'line': b'running egg_info\n'}
[1.756933] (otonom_arac) StdoutLine: {'line': b'writing ../../build/otonom_arac/otonom_arac.egg-info/PKG-INFO\n'}
[1.759991] (-) TimerEvent: {}
[1.761455] (otonom_arac) StdoutLine: {'line': b'writing dependency_links to ../../build/otonom_arac/otonom_arac.egg-info/dependency_links.txt\n'}
[1.763711] (otonom_arac) StdoutLine: {'line': b'writing entry points to ../../build/otonom_arac/otonom_arac.egg-info/entry_points.txt\n'}
[1.766157] (otonom_arac) StdoutLine: {'line': b'writing requirements to ../../build/otonom_arac/otonom_arac.egg-info/requires.txt\n'}
[1.772389] (otonom_arac) StdoutLine: {'line': b'writing top-level names to ../../build/otonom_arac/otonom_arac.egg-info/top_level.txt\n'}
[1.845609] (otonom_arac) StdoutLine: {'line': b"reading manifest file '../../build/otonom_arac/otonom_arac.egg-info/SOURCES.txt'\n"}
[1.851351] (otonom_arac) StdoutLine: {'line': b"writing manifest file '../../build/otonom_arac/otonom_arac.egg-info/SOURCES.txt'\n"}
[1.853478] (otonom_arac) StdoutLine: {'line': b'running build\n'}
[1.855478] (otonom_arac) StdoutLine: {'line': b'running build_py\n'}
[1.860790] (-) TimerEvent: {}
[1.866409] (otonom_arac) StdoutLine: {'line': b'copying otonom_arac/nodes/perception/object_detection_node.py -> /workspace/ros2_ws/build/otonom_arac/build/lib/otonom_arac/nodes/perception\n'}
[1.871880] (otonom_arac) StdoutLine: {'line': b'copying otonom_arac/nodes/perception/lane_detection_node.py -> /workspace/ros2_ws/build/otonom_arac/build/lib/otonom_arac/nodes/perception\n'}
[1.879824] (otonom_arac) StdoutLine: {'line': b'running install\n'}
[1.891306] (otonom_arac) StdoutLine: {'line': b'running install_lib\n'}
[1.915445] (otonom_arac) StdoutLine: {'line': b'copying /workspace/ros2_ws/build/otonom_arac/build/lib/otonom_arac/nodes/perception/object_detection_node.py -> /workspace/ros2_ws/install/otonom_arac/lib/python3.12/site-packages/otonom_arac/nodes/perception\n'}
[1.917824] (otonom_arac) StdoutLine: {'line': b'copying /workspace/ros2_ws/build/otonom_arac/build/lib/otonom_arac/nodes/perception/lane_detection_node.py -> /workspace/ros2_ws/install/otonom_arac/lib/python3.12/site-packages/otonom_arac/nodes/perception\n'}
[1.922045] (otonom_arac) StdoutLine: {'line': b'byte-compiling /workspace/ros2_ws/install/otonom_arac/lib/python3.12/site-packages/otonom_arac/nodes/perception/object_detection_node.py to object_detection_node.cpython-312.pyc\n'}
[1.931325] (otonom_arac) StdoutLine: {'line': b'byte-compiling /workspace/ros2_ws/install/otonom_arac/lib/python3.12/site-packages/otonom_arac/nodes/perception/lane_detection_node.py to lane_detection_node.cpython-312.pyc\n'}
[1.943923] (otonom_arac) StdoutLine: {'line': b'running install_data\n'}
[1.945055] (otonom_arac) StdoutLine: {'line': b'running install_egg_info\n'}
[1.956718] (otonom_arac) StdoutLine: {'line': b"removing '/workspace/ros2_ws/install/otonom_arac/lib/python3.12/site-packages/otonom_arac-0.0.0-py3.12.egg-info' (and everything under it)\n"}
[1.959436] (otonom_arac) StdoutLine: {'line': b'Copying ../../build/otonom_arac/otonom_arac.egg-info to /workspace/ros2_ws/install/otonom_arac/lib/python3.12/site-packages/otonom_arac-0.0.0-py3.12.egg-info\n'}
[1.961666] (-) TimerEvent: {}
[1.974177] (otonom_arac) StdoutLine: {'line': b'running install_scripts\n'}
[2.062781] (-) TimerEvent: {}
[2.089578] (otonom_arac) StdoutLine: {'line': b'Installing camera_node script to /workspace/ros2_ws/install/otonom_arac/lib/otonom_arac\n'}
[2.091404] (otonom_arac) StdoutLine: {'line': b'Installing control_node script to /workspace/ros2_ws/install/otonom_arac/lib/otonom_arac\n'}
[2.092906] (otonom_arac) StdoutLine: {'line': b'Installing encoder_node script to /workspace/ros2_ws/install/otonom_arac/lib/otonom_arac\n'}
[2.094209] (otonom_arac) StdoutLine: {'line': b'Installing joystick_node script to /workspace/ros2_ws/install/otonom_arac/lib/otonom_arac\n'}
[2.095708] (otonom_arac) StdoutLine: {'line': b'Installing lane_detection_node script to /workspace/ros2_ws/install/otonom_arac/lib/otonom_arac\n'}
[2.097288] (otonom_arac) StdoutLine: {'line': b'Installing lidar_node script to /workspace/ros2_ws/install/otonom_arac/lib/otonom_arac\n'}
[2.099111] (otonom_arac) StdoutLine: {'line': b'Installing object_detection_node script to /workspace/ros2_ws/install/otonom_arac/lib/otonom_arac\n'}
[2.099774] (otonom_arac) StdoutLine: {'line': b'Installing teensy_node script to /workspace/ros2_ws/install/otonom_arac/lib/otonom_arac\n'}
[2.100444] (otonom_arac) StdoutLine: {'line': b'Installing video_player_node script to /workspace/ros2_ws/install/otonom_arac/lib/otonom_arac\n'}
[2.106333] (otonom_arac) StdoutLine: {'line': b"writing list of installed files to '/workspace/ros2_ws/build/otonom_arac/install.log'\n"}
[2.163755] (-) TimerEvent: {}
[2.170447] (otonom_arac) CommandEnded: {'returncode': 0}
[2.211005] (otonom_arac) JobEnded: {'identifier': 'otonom_arac', 'rc': 0}
[2.217818] (-) EventReactorShutdown: {}
