[0.611s] Invoking command in '/workspace/ros2_ws/src/otonom_arac': PYTHONPATH=/workspace/ros2_ws/build/otonom_arac/prefix_override:/usr/lib/python3/dist-packages/colcon_core/task/python/colcon_distutils_commands:/workspace/ros2_ws/install/otonom_arac/lib/python3.12/site-packages:${PYTHONPATH} /usr/bin/python3 -W ignore:setup.py install is deprecated -W ignore:easy_install command is deprecated setup.py egg_info --egg-base ../../build/otonom_arac build --build-base /workspace/ros2_ws/build/otonom_arac/build install --record /workspace/ros2_ws/build/otonom_arac/install.log --single-version-externally-managed install_data
[0.819s] running egg_info
[0.826s] writing ../../build/otonom_arac/otonom_arac.egg-info/PKG-INFO
[0.827s] writing dependency_links to ../../build/otonom_arac/otonom_arac.egg-info/dependency_links.txt
[0.828s] writing entry points to ../../build/otonom_arac/otonom_arac.egg-info/entry_points.txt
[0.829s] writing requirements to ../../build/otonom_arac/otonom_arac.egg-info/requires.txt
[0.829s] writing top-level names to ../../build/otonom_arac/otonom_arac.egg-info/top_level.txt
[0.851s] reading manifest file '../../build/otonom_arac/otonom_arac.egg-info/SOURCES.txt'
[0.852s] writing manifest file '../../build/otonom_arac/otonom_arac.egg-info/SOURCES.txt'
[0.852s] running build
[0.852s] running build_py
[0.855s] copying otonom_arac/nodes/perception/lane_detection_node.py -> /workspace/ros2_ws/build/otonom_arac/build/lib/otonom_arac/nodes/perception
[0.857s] running install
[0.861s] running install_lib
[0.872s] copying /workspace/ros2_ws/build/otonom_arac/build/lib/otonom_arac/nodes/perception/lane_detection_node.py -> /workspace/ros2_ws/install/otonom_arac/lib/python3.12/site-packages/otonom_arac/nodes/perception
[0.874s] byte-compiling /workspace/ros2_ws/install/otonom_arac/lib/python3.12/site-packages/otonom_arac/nodes/perception/lane_detection_node.py to lane_detection_node.cpython-312.pyc
[0.879s] running install_data
[0.880s] running install_egg_info
[0.888s] removing '/workspace/ros2_ws/install/otonom_arac/lib/python3.12/site-packages/otonom_arac-0.0.0-py3.12.egg-info' (and everything under it)
[0.890s] Copying ../../build/otonom_arac/otonom_arac.egg-info to /workspace/ros2_ws/install/otonom_arac/lib/python3.12/site-packages/otonom_arac-0.0.0-py3.12.egg-info
[0.895s] running install_scripts
[0.960s] Installing camera_node script to /workspace/ros2_ws/install/otonom_arac/lib/otonom_arac
[0.960s] Installing control_node script to /workspace/ros2_ws/install/otonom_arac/lib/otonom_arac
[0.961s] Installing encoder_node script to /workspace/ros2_ws/install/otonom_arac/lib/otonom_arac
[0.961s] Installing joystick_node script to /workspace/ros2_ws/install/otonom_arac/lib/otonom_arac
[0.962s] Installing lane_detection_node script to /workspace/ros2_ws/install/otonom_arac/lib/otonom_arac
[0.963s] Installing lidar_node script to /workspace/ros2_ws/install/otonom_arac/lib/otonom_arac
[0.964s] Installing object_detection_node script to /workspace/ros2_ws/install/otonom_arac/lib/otonom_arac
[0.964s] Installing teensy_node script to /workspace/ros2_ws/install/otonom_arac/lib/otonom_arac
[0.964s] Installing video_player_node script to /workspace/ros2_ws/install/otonom_arac/lib/otonom_arac
[0.965s] Installing video_recorder_node script to /workspace/ros2_ws/install/otonom_arac/lib/otonom_arac
[0.967s] writing list of installed files to '/workspace/ros2_ws/build/otonom_arac/install.log'
[0.985s] Invoked command in '/workspace/ros2_ws/src/otonom_arac' returned '0': PYTHONPATH=/workspace/ros2_ws/build/otonom_arac/prefix_override:/usr/lib/python3/dist-packages/colcon_core/task/python/colcon_distutils_commands:/workspace/ros2_ws/install/otonom_arac/lib/python3.12/site-packages:${PYTHONPATH} /usr/bin/python3 -W ignore:setup.py install is deprecated -W ignore:easy_install command is deprecated setup.py egg_info --egg-base ../../build/otonom_arac build --build-base /workspace/ros2_ws/build/otonom_arac/build install --record /workspace/ros2_ws/build/otonom_arac/install.log --single-version-externally-managed install_data
