[0.269s] DEBUG:colcon:Command line arguments: ['/Users/faikaktss/Library/Python/3.11/bin/colcon', 'build', '--packages-select', 'otonom_arac']
[0.269s] DEBUG:colcon:Parsed command line arguments: Namespace(log_base=None, log_level=None, verb_name='build', build_base='build', install_base='install', merge_install=False, symlink_install=False, test_result_base=None, continue_on_error=False, executor='parallel', parallel_workers=10, event_handlers=None, ignore_user_meta=False, metas=['./colcon.meta'], base_paths=['.'], packages_ignore=None, packages_ignore_regex=None, paths=None, packages_up_to=None, packages_up_to_regex=None, packages_above=None, packages_above_and_dependencies=None, packages_above_depth=None, packages_select_by_dep=None, packages_skip_by_dep=None, packages_skip_up_to=None, packages_select_build_failed=False, packages_skip_build_finished=False, packages_select_test_failures=False, packages_skip_test_passed=False, packages_select=['otonom_arac'], packages_skip=None, packages_select_regex=None, packages_skip_regex=None, packages_start=None, packages_end=None, cmake_args=None, cmake_target=None, cmake_target_skip_unavailable=False, cmake_clean_cache=False, cmake_clean_first=False, cmake_force_configure=False, ament_cmake_args=None, catkin_cmake_args=None, catkin_skip_building_tests=False, verb_parser=<colcon_defaults.argument_parser.defaults.DefaultArgumentsDecorator object at 0x107fc33d0>, verb_extension=<colcon_core.verb.build.BuildVerb object at 0x108797790>, main=<bound method BuildVerb.main of <colcon_core.verb.build.BuildVerb object at 0x108797790>>)
[0.352s] Level 1:colcon.colcon_core.package_discovery:discover_packages(colcon_meta) check parameters
[0.353s] Level 1:colcon.colcon_core.package_discovery:discover_packages(recursive) check parameters
[0.353s] Level 1:colcon.colcon_core.package_discovery:discover_packages(ignore) check parameters
[0.353s] Level 1:colcon.colcon_core.package_discovery:discover_packages(path) check parameters
[0.353s] Level 1:colcon.colcon_core.package_discovery:discover_packages(colcon_meta) discover
[0.353s] Level 1:colcon.colcon_core.package_discovery:discover_packages(recursive) discover
[0.353s] INFO:colcon.colcon_core.package_discovery:Crawling recursively for packages in '/Users/faikaktss/ISA_TEAM_2025-2026_ROS2/ros2_ws'
[0.353s] Level 1:colcon.colcon_core.package_identification:_identify(.) by extensions ['ignore', 'ignore_ament_install']
[0.354s] Level 1:colcon.colcon_core.package_identification:_identify(.) by extension 'ignore'
[0.354s] Level 1:colcon.colcon_core.package_identification:_identify(.) by extension 'ignore_ament_install'
[0.354s] Level 1:colcon.colcon_core.package_identification:_identify(.) by extensions ['colcon_pkg']
[0.354s] Level 1:colcon.colcon_core.package_identification:_identify(.) by extension 'colcon_pkg'
[0.354s] Level 1:colcon.colcon_core.package_identification:_identify(.) by extensions ['colcon_meta']
[0.354s] Level 1:colcon.colcon_core.package_identification:_identify(.) by extension 'colcon_meta'
[0.354s] Level 1:colcon.colcon_core.package_identification:_identify(.) by extensions ['ros']
[0.354s] Level 1:colcon.colcon_core.package_identification:_identify(.) by extension 'ros'
[0.396s] Level 1:colcon.colcon_core.package_identification:_identify(.) by extensions ['cmake', 'python']
[0.396s] Level 1:colcon.colcon_core.package_identification:_identify(.) by extension 'cmake'
[0.396s] Level 1:colcon.colcon_core.package_identification:_identify(.) by extension 'python'
[0.396s] Level 1:colcon.colcon_core.package_identification:_identify(.) by extensions ['python_setup_py']
[0.396s] Level 1:colcon.colcon_core.package_identification:_identify(.) by extension 'python_setup_py'
[0.396s] Level 1:colcon.colcon_core.package_identification:_identify(build) by extensions ['ignore', 'ignore_ament_install']
[0.396s] Level 1:colcon.colcon_core.package_identification:_identify(build) by extension 'ignore'
[0.396s] Level 1:colcon.colcon_core.package_identification:_identify(build) ignored
[0.396s] Level 1:colcon.colcon_core.package_identification:_identify(install) by extensions ['ignore', 'ignore_ament_install']
[0.396s] Level 1:colcon.colcon_core.package_identification:_identify(install) by extension 'ignore'
[0.396s] Level 1:colcon.colcon_core.package_identification:_identify(install) ignored
[0.396s] Level 1:colcon.colcon_core.package_identification:_identify(log) by extensions ['ignore', 'ignore_ament_install']
[0.396s] Level 1:colcon.colcon_core.package_identification:_identify(log) by extension 'ignore'
[0.396s] Level 1:colcon.colcon_core.package_identification:_identify(log) ignored
[0.396s] Level 1:colcon.colcon_core.package_identification:_identify(src) by extensions ['ignore', 'ignore_ament_install']
[0.396s] Level 1:colcon.colcon_core.package_identification:_identify(src) by extension 'ignore'
[0.396s] Level 1:colcon.colcon_core.package_identification:_identify(src) by extension 'ignore_ament_install'
[0.396s] Level 1:colcon.colcon_core.package_identification:_identify(src) by extensions ['colcon_pkg']
[0.396s] Level 1:colcon.colcon_core.package_identification:_identify(src) by extension 'colcon_pkg'
[0.397s] Level 1:colcon.colcon_core.package_identification:_identify(src) by extensions ['colcon_meta']
[0.397s] Level 1:colcon.colcon_core.package_identification:_identify(src) by extension 'colcon_meta'
[0.397s] Level 1:colcon.colcon_core.package_identification:_identify(src) by extensions ['ros']
[0.397s] Level 1:colcon.colcon_core.package_identification:_identify(src) by extension 'ros'
[0.397s] Level 1:colcon.colcon_core.package_identification:_identify(src) by extensions ['cmake', 'python']
[0.397s] Level 1:colcon.colcon_core.package_identification:_identify(src) by extension 'cmake'
[0.397s] Level 1:colcon.colcon_core.package_identification:_identify(src) by extension 'python'
[0.397s] Level 1:colcon.colcon_core.package_identification:_identify(src) by extensions ['python_setup_py']
[0.397s] Level 1:colcon.colcon_core.package_identification:_identify(src) by extension 'python_setup_py'
[0.397s] Level 1:colcon.colcon_core.package_identification:_identify(src/otonom_arac) by extensions ['ignore', 'ignore_ament_install']
[0.397s] Level 1:colcon.colcon_core.package_identification:_identify(src/otonom_arac) by extension 'ignore'
[0.397s] Level 1:colcon.colcon_core.package_identification:_identify(src/otonom_arac) by extension 'ignore_ament_install'
[0.397s] Level 1:colcon.colcon_core.package_identification:_identify(src/otonom_arac) by extensions ['colcon_pkg']
[0.397s] Level 1:colcon.colcon_core.package_identification:_identify(src/otonom_arac) by extension 'colcon_pkg'
[0.397s] Level 1:colcon.colcon_core.package_identification:_identify(src/otonom_arac) by extensions ['colcon_meta']
[0.397s] Level 1:colcon.colcon_core.package_identification:_identify(src/otonom_arac) by extension 'colcon_meta'
[0.397s] Level 1:colcon.colcon_core.package_identification:_identify(src/otonom_arac) by extensions ['ros']
[0.397s] Level 1:colcon.colcon_core.package_identification:_identify(src/otonom_arac) by extension 'ros'
[0.403s] DEBUG:colcon.colcon_core.package_identification:Package 'src/otonom_arac' with type 'ros.ament_python' and name 'otonom_arac'
[0.403s] Level 1:colcon.colcon_core.package_discovery:discover_packages(recursive) using defaults
[0.403s] Level 1:colcon.colcon_core.package_discovery:discover_packages(ignore) discover
[0.403s] Level 1:colcon.colcon_core.package_discovery:discover_packages(ignore) using defaults
[0.403s] Level 1:colcon.colcon_core.package_discovery:discover_packages(path) discover
[0.403s] Level 1:colcon.colcon_core.package_discovery:discover_packages(path) using defaults
[0.454s] Level 5:colcon.colcon_core.verb:set package 'otonom_arac' build argument 'cmake_args' from command line to 'None'
[0.454s] Level 5:colcon.colcon_core.verb:set package 'otonom_arac' build argument 'cmake_target' from command line to 'None'
[0.454s] Level 5:colcon.colcon_core.verb:set package 'otonom_arac' build argument 'cmake_target_skip_unavailable' from command line to 'False'
[0.454s] Level 5:colcon.colcon_core.verb:set package 'otonom_arac' build argument 'cmake_clean_cache' from command line to 'False'
[0.454s] Level 5:colcon.colcon_core.verb:set package 'otonom_arac' build argument 'cmake_clean_first' from command line to 'False'
[0.454s] Level 5:colcon.colcon_core.verb:set package 'otonom_arac' build argument 'cmake_force_configure' from command line to 'False'
[0.454s] Level 5:colcon.colcon_core.verb:set package 'otonom_arac' build argument 'ament_cmake_args' from command line to 'None'
[0.454s] Level 5:colcon.colcon_core.verb:set package 'otonom_arac' build argument 'catkin_cmake_args' from command line to 'None'
[0.454s] Level 5:colcon.colcon_core.verb:set package 'otonom_arac' build argument 'catkin_skip_building_tests' from command line to 'False'
[0.454s] DEBUG:colcon.colcon_core.verb:Building package 'otonom_arac' with the following arguments: {'ament_cmake_args': None, 'build_base': '/Users/faikaktss/ISA_TEAM_2025-2026_ROS2/ros2_ws/build/otonom_arac', 'catkin_cmake_args': None, 'catkin_skip_building_tests': False, 'cmake_args': None, 'cmake_clean_cache': False, 'cmake_clean_first': False, 'cmake_force_configure': False, 'cmake_target': None, 'cmake_target_skip_unavailable': False, 'install_base': '/Users/faikaktss/ISA_TEAM_2025-2026_ROS2/ros2_ws/install/otonom_arac', 'merge_install': False, 'path': '/Users/faikaktss/ISA_TEAM_2025-2026_ROS2/ros2_ws/src/otonom_arac', 'symlink_install': False, 'test_result_base': None}
[0.454s] INFO:colcon.colcon_core.executor:Executing jobs using 'parallel' executor
[0.456s] DEBUG:colcon.colcon_parallel_executor.executor.parallel:run_until_complete
[0.457s] INFO:colcon.colcon_ros.task.ament_python.build:Building ROS package in '/Users/faikaktss/ISA_TEAM_2025-2026_ROS2/ros2_ws/src/otonom_arac' with build type 'ament_python'
[0.457s] Level 1:colcon.colcon_core.shell:create_environment_hook('otonom_arac', 'ament_prefix_path')
[0.463s] INFO:colcon.colcon_core.plugin_system:Skipping extension 'colcon_core.shell.bat': Not used on non-Windows systems
[0.463s] INFO:colcon.colcon_core.shell:Creating environment hook '/Users/faikaktss/ISA_TEAM_2025-2026_ROS2/ros2_ws/install/otonom_arac/share/otonom_arac/hook/ament_prefix_path.ps1'
[0.465s] INFO:colcon.colcon_core.shell:Creating environment descriptor '/Users/faikaktss/ISA_TEAM_2025-2026_ROS2/ros2_ws/install/otonom_arac/share/otonom_arac/hook/ament_prefix_path.dsv'
[0.473s] INFO:colcon.colcon_core.shell:Creating environment hook '/Users/faikaktss/ISA_TEAM_2025-2026_ROS2/ros2_ws/install/otonom_arac/share/otonom_arac/hook/ament_prefix_path.sh'
[0.476s] INFO:colcon.colcon_core.shell:Skip shell extension 'powershell' for command environment: Not usable outside of PowerShell
[0.476s] DEBUG:colcon.colcon_core.shell:Skip shell extension 'dsv' for command environment
[0.900s] INFO:colcon.colcon_core.task.python.build:Building Python package in '/Users/faikaktss/ISA_TEAM_2025-2026_ROS2/ros2_ws/src/otonom_arac'
[0.901s] INFO:colcon.colcon_core.shell:Skip shell extension 'powershell' for command environment: Not usable outside of PowerShell
[0.901s] DEBUG:colcon.colcon_core.shell:Skip shell extension 'dsv' for command environment
[1.693s] DEBUG:colcon.colcon_core.event_handler.log_command:Invoking command in '/Users/faikaktss/ISA_TEAM_2025-2026_ROS2/ros2_ws/src/otonom_arac': PYTHONPATH=/Users/faikaktss/ISA_TEAM_2025-2026_ROS2/ros2_ws/build/otonom_arac/prefix_override:/Users/faikaktss/Library/Python/3.11/lib/python/site-packages/colcon_core/task/python/colcon_distutils_commands:/Users/faikaktss/ISA_TEAM_2025-2026_ROS2/ros2_ws/install/otonom_arac/lib/python3.11/site-packages:${PYTHONPATH} SHLVL=2 _=/usr/bin/env /opt/homebrew/opt/python@3.11/bin/python3.11 -W ignore:setup.py install is deprecated -W ignore:easy_install command is deprecated setup.py egg_info --egg-base ../../build/otonom_arac build --build-base /Users/faikaktss/ISA_TEAM_2025-2026_ROS2/ros2_ws/build/otonom_arac/build install --record /Users/faikaktss/ISA_TEAM_2025-2026_ROS2/ros2_ws/build/otonom_arac/install.log --single-version-externally-managed install_data
[2.364s] DEBUG:colcon.colcon_core.event_handler.log_command:Invoked command in '/Users/faikaktss/ISA_TEAM_2025-2026_ROS2/ros2_ws/src/otonom_arac' returned '0': PYTHONPATH=/Users/faikaktss/ISA_TEAM_2025-2026_ROS2/ros2_ws/build/otonom_arac/prefix_override:/Users/faikaktss/Library/Python/3.11/lib/python/site-packages/colcon_core/task/python/colcon_distutils_commands:/Users/faikaktss/ISA_TEAM_2025-2026_ROS2/ros2_ws/install/otonom_arac/lib/python3.11/site-packages:${PYTHONPATH} SHLVL=2 _=/usr/bin/env /opt/homebrew/opt/python@3.11/bin/python3.11 -W ignore:setup.py install is deprecated -W ignore:easy_install command is deprecated setup.py egg_info --egg-base ../../build/otonom_arac build --build-base /Users/faikaktss/ISA_TEAM_2025-2026_ROS2/ros2_ws/build/otonom_arac/build install --record /Users/faikaktss/ISA_TEAM_2025-2026_ROS2/ros2_ws/build/otonom_arac/install.log --single-version-externally-managed install_data
[2.375s] Level 1:colcon.colcon_core.environment:checking '/Users/faikaktss/ISA_TEAM_2025-2026_ROS2/ros2_ws/install/otonom_arac' for CMake module files
[2.376s] Level 1:colcon.colcon_core.environment:checking '/Users/faikaktss/ISA_TEAM_2025-2026_ROS2/ros2_ws/install/otonom_arac' for CMake config files
[2.378s] Level 1:colcon.colcon_core.environment:checking '/Users/faikaktss/ISA_TEAM_2025-2026_ROS2/ros2_ws/install/otonom_arac/lib'
[2.379s] Level 1:colcon.colcon_core.environment:checking '/Users/faikaktss/ISA_TEAM_2025-2026_ROS2/ros2_ws/install/otonom_arac/bin'
[2.379s] Level 1:colcon.colcon_core.environment:checking '/Users/faikaktss/ISA_TEAM_2025-2026_ROS2/ros2_ws/install/otonom_arac/lib/pkgconfig/otonom_arac.pc'
[2.380s] Level 1:colcon.colcon_core.environment:checking '/Users/faikaktss/ISA_TEAM_2025-2026_ROS2/ros2_ws/install/otonom_arac/lib/python3.11/site-packages'
[2.380s] Level 1:colcon.colcon_core.shell:create_environment_hook('otonom_arac', 'pythonpath')
[2.381s] INFO:colcon.colcon_core.shell:Creating environment hook '/Users/faikaktss/ISA_TEAM_2025-2026_ROS2/ros2_ws/install/otonom_arac/share/otonom_arac/hook/pythonpath.ps1'
[2.382s] INFO:colcon.colcon_core.shell:Creating environment descriptor '/Users/faikaktss/ISA_TEAM_2025-2026_ROS2/ros2_ws/install/otonom_arac/share/otonom_arac/hook/pythonpath.dsv'
[2.383s] INFO:colcon.colcon_core.shell:Creating environment hook '/Users/faikaktss/ISA_TEAM_2025-2026_ROS2/ros2_ws/install/otonom_arac/share/otonom_arac/hook/pythonpath.sh'
[2.384s] Level 1:colcon.colcon_core.environment:checking '/Users/faikaktss/ISA_TEAM_2025-2026_ROS2/ros2_ws/install/otonom_arac/bin'
[2.385s] Level 1:colcon.colcon_core.environment:create_environment_scripts_only(otonom_arac)
[2.385s] INFO:colcon.colcon_core.shell:Creating package script '/Users/faikaktss/ISA_TEAM_2025-2026_ROS2/ros2_ws/install/otonom_arac/share/otonom_arac/package.ps1'
[2.389s] INFO:colcon.colcon_core.shell:Creating package descriptor '/Users/faikaktss/ISA_TEAM_2025-2026_ROS2/ros2_ws/install/otonom_arac/share/otonom_arac/package.dsv'
[2.391s] INFO:colcon.colcon_core.shell:Creating package script '/Users/faikaktss/ISA_TEAM_2025-2026_ROS2/ros2_ws/install/otonom_arac/share/otonom_arac/package.sh'
[2.394s] INFO:colcon.colcon_core.shell:Creating package script '/Users/faikaktss/ISA_TEAM_2025-2026_ROS2/ros2_ws/install/otonom_arac/share/otonom_arac/package.bash'
[2.396s] INFO:colcon.colcon_core.shell:Creating package script '/Users/faikaktss/ISA_TEAM_2025-2026_ROS2/ros2_ws/install/otonom_arac/share/otonom_arac/package.zsh'
[2.398s] Level 1:colcon.colcon_core.environment:create_file_with_runtime_dependencies(/Users/faikaktss/ISA_TEAM_2025-2026_ROS2/ros2_ws/install/otonom_arac/share/colcon-core/packages/otonom_arac)
[2.399s] DEBUG:colcon.colcon_parallel_executor.executor.parallel:closing loop
[2.399s] DEBUG:colcon.colcon_parallel_executor.executor.parallel:loop closed
[2.399s] DEBUG:colcon.colcon_parallel_executor.executor.parallel:run_until_complete finished with '0'
[2.399s] DEBUG:colcon.colcon_core.event_reactor:joining thread
[2.404s] INFO:colcon.colcon_core.plugin_system:Skipping extension 'colcon_notification.desktop_notification.notify2': 'notify2' not found
[2.404s] INFO:colcon.colcon_core.plugin_system:Skipping extension 'colcon_notification.desktop_notification.notify_send': Not used on non-Linux systems
[2.404s] INFO:colcon.colcon_core.plugin_system:Skipping extension 'colcon_notification.desktop_notification.win32': Not used on non-Windows systems
[2.404s] INFO:colcon.colcon_notification.desktop_notification:Sending desktop notification using 'terminal_notifier'
[2.481s] DEBUG:colcon.colcon_core.event_reactor:joined thread
[2.482s] INFO:colcon.colcon_core.shell:Creating prefix script '/Users/faikaktss/ISA_TEAM_2025-2026_ROS2/ros2_ws/install/local_setup.ps1'
[2.483s] INFO:colcon.colcon_core.shell:Creating prefix util module '/Users/faikaktss/ISA_TEAM_2025-2026_ROS2/ros2_ws/install/_local_setup_util_ps1.py'
[2.485s] INFO:colcon.colcon_core.shell:Creating prefix chain script '/Users/faikaktss/ISA_TEAM_2025-2026_ROS2/ros2_ws/install/setup.ps1'
[2.486s] INFO:colcon.colcon_core.shell:Creating prefix script '/Users/faikaktss/ISA_TEAM_2025-2026_ROS2/ros2_ws/install/local_setup.sh'
[2.487s] INFO:colcon.colcon_core.shell:Creating prefix util module '/Users/faikaktss/ISA_TEAM_2025-2026_ROS2/ros2_ws/install/_local_setup_util_sh.py'
[2.487s] INFO:colcon.colcon_core.shell:Creating prefix chain script '/Users/faikaktss/ISA_TEAM_2025-2026_ROS2/ros2_ws/install/setup.sh'
[2.498s] INFO:colcon.colcon_core.shell:Creating prefix script '/Users/faikaktss/ISA_TEAM_2025-2026_ROS2/ros2_ws/install/local_setup.bash'
[2.499s] INFO:colcon.colcon_core.shell:Creating prefix chain script '/Users/faikaktss/ISA_TEAM_2025-2026_ROS2/ros2_ws/install/setup.bash'
[2.500s] INFO:colcon.colcon_core.shell:Creating prefix script '/Users/faikaktss/ISA_TEAM_2025-2026_ROS2/ros2_ws/install/local_setup.zsh'
[2.501s] INFO:colcon.colcon_core.shell:Creating prefix chain script '/Users/faikaktss/ISA_TEAM_2025-2026_ROS2/ros2_ws/install/setup.zsh'
