[6.240s] DEBUG:colcon:Command line arguments: ['/Users/faikaktss/Library/Python/3.11/bin/colcon', 'build', '--packages-select', 'otonom_arac']
[6.241s] DEBUG:colcon:Parsed command line arguments: Namespace(log_base=None, log_level=None, verb_name='build', build_base='build', install_base='install', merge_install=False, symlink_install=False, test_result_base=None, continue_on_error=False, executor='parallel', parallel_workers=10, event_handlers=None, ignore_user_meta=False, metas=['./colcon.meta'], base_paths=['.'], packages_ignore=None, packages_ignore_regex=None, paths=None, packages_up_to=None, packages_up_to_regex=None, packages_above=None, packages_above_and_dependencies=None, packages_above_depth=None, packages_select_by_dep=None, packages_skip_by_dep=None, packages_skip_up_to=None, packages_select_build_failed=False, packages_skip_build_finished=False, packages_select_test_failures=False, packages_skip_test_passed=False, packages_select=['otonom_arac'], packages_skip=None, packages_select_regex=None, packages_skip_regex=None, packages_start=None, packages_end=None, cmake_args=None, cmake_target=None, cmake_target_skip_unavailable=False, cmake_clean_cache=False, cmake_clean_first=False, cmake_force_configure=False, ament_cmake_args=None, catkin_cmake_args=None, catkin_skip_building_tests=False, verb_parser=<colcon_defaults.argument_parser.defaults.DefaultArgumentsDecorator object at 0x10810add0>, verb_extension=<colcon_core.verb.build.BuildVerb object at 0x1080af190>, main=<bound method BuildVerb.main of <colcon_core.verb.build.BuildVerb object at 0x1080af190>>)
[6.998s] Level 1:colcon.colcon_core.package_discovery:discover_packages(colcon_meta) check parameters
[6.999s] Level 1:colcon.colcon_core.package_discovery:discover_packages(recursive) check parameters
[6.999s] Level 1:colcon.colcon_core.package_discovery:discover_packages(ignore) check parameters
[6.999s] Level 1:colcon.colcon_core.package_discovery:discover_packages(path) check parameters
[6.999s] Level 1:colcon.colcon_core.package_discovery:discover_packages(colcon_meta) discover
[6.999s] Level 1:colcon.colcon_core.package_discovery:discover_packages(recursive) discover
[6.999s] INFO:colcon.colcon_core.package_discovery:Crawling recursively for packages in '/Users/faikaktss/ISA_TEAM_2025-2026_ROS2'
[6.999s] Level 1:colcon.colcon_core.package_identification:_identify(.) by extensions ['ignore', 'ignore_ament_install']
[7.000s] Level 1:colcon.colcon_core.package_identification:_identify(.) by extension 'ignore'
[7.000s] Level 1:colcon.colcon_core.package_identification:_identify(.) by extension 'ignore_ament_install'
[7.000s] Level 1:colcon.colcon_core.package_identification:_identify(.) by extensions ['colcon_pkg']
[7.000s] Level 1:colcon.colcon_core.package_identification:_identify(.) by extension 'colcon_pkg'
[7.000s] Level 1:colcon.colcon_core.package_identification:_identify(.) by extensions ['colcon_meta']
[7.000s] Level 1:colcon.colcon_core.package_identification:_identify(.) by extension 'colcon_meta'
[7.000s] Level 1:colcon.colcon_core.package_identification:_identify(.) by extensions ['ros']
[7.000s] Level 1:colcon.colcon_core.package_identification:_identify(.) by extension 'ros'
[7.943s] Level 1:colcon.colcon_core.package_identification:_identify(.) by extensions ['cmake', 'python']
[8.063s] Level 1:colcon.colcon_core.package_identification:_identify(.) by extension 'cmake'
[8.063s] Level 1:colcon.colcon_core.package_identification:_identify(.) by extension 'python'
[8.063s] Level 1:colcon.colcon_core.package_identification:_identify(.) by extensions ['python_setup_py']
[8.063s] Level 1:colcon.colcon_core.package_identification:_identify(.) by extension 'python_setup_py'
[8.064s] Level 1:colcon.colcon_core.package_identification:_identify(build) by extensions ['ignore', 'ignore_ament_install']
[8.064s] Level 1:colcon.colcon_core.package_identification:_identify(build) by extension 'ignore'
[8.064s] Level 1:colcon.colcon_core.package_identification:_identify(build) ignored
[8.064s] Level 1:colcon.colcon_core.package_identification:_identify(install) by extensions ['ignore', 'ignore_ament_install']
[8.064s] Level 1:colcon.colcon_core.package_identification:_identify(install) by extension 'ignore'
[8.064s] Level 1:colcon.colcon_core.package_identification:_identify(install) ignored
[8.064s] Level 1:colcon.colcon_core.package_identification:_identify(log) by extensions ['ignore', 'ignore_ament_install']
[8.064s] Level 1:colcon.colcon_core.package_identification:_identify(log) by extension 'ignore'
[8.064s] Level 1:colcon.colcon_core.package_identification:_identify(log) ignored
[8.064s] Level 1:colcon.colcon_core.package_identification:_identify(ros2_ws) by extensions ['ignore', 'ignore_ament_install']
[8.064s] Level 1:colcon.colcon_core.package_identification:_identify(ros2_ws) by extension 'ignore'
[8.064s] Level 1:colcon.colcon_core.package_identification:_identify(ros2_ws) by extension 'ignore_ament_install'
[8.064s] Level 1:colcon.colcon_core.package_identification:_identify(ros2_ws) by extensions ['colcon_pkg']
[8.064s] Level 1:colcon.colcon_core.package_identification:_identify(ros2_ws) by extension 'colcon_pkg'
[8.064s] Level 1:colcon.colcon_core.package_identification:_identify(ros2_ws) by extensions ['colcon_meta']
[8.064s] Level 1:colcon.colcon_core.package_identification:_identify(ros2_ws) by extension 'colcon_meta'
[8.064s] Level 1:colcon.colcon_core.package_identification:_identify(ros2_ws) by extensions ['ros']
[8.064s] Level 1:colcon.colcon_core.package_identification:_identify(ros2_ws) by extension 'ros'
[8.064s] Level 1:colcon.colcon_core.package_identification:_identify(ros2_ws) by extensions ['cmake', 'python']
[8.064s] Level 1:colcon.colcon_core.package_identification:_identify(ros2_ws) by extension 'cmake'
[8.064s] Level 1:colcon.colcon_core.package_identification:_identify(ros2_ws) by extension 'python'
[8.064s] Level 1:colcon.colcon_core.package_identification:_identify(ros2_ws) by extensions ['python_setup_py']
[8.064s] Level 1:colcon.colcon_core.package_identification:_identify(ros2_ws) by extension 'python_setup_py'
[8.067s] Level 1:colcon.colcon_core.package_identification:_identify(ros2_ws/build) by extensions ['ignore', 'ignore_ament_install']
[8.067s] Level 1:colcon.colcon_core.package_identification:_identify(ros2_ws/build) by extension 'ignore'
[8.068s] Level 1:colcon.colcon_core.package_identification:_identify(ros2_ws/build) ignored
[8.068s] Level 1:colcon.colcon_core.package_identification:_identify(ros2_ws/install) by extensions ['ignore', 'ignore_ament_install']
[8.068s] Level 1:colcon.colcon_core.package_identification:_identify(ros2_ws/install) by extension 'ignore'
[8.068s] Level 1:colcon.colcon_core.package_identification:_identify(ros2_ws/install) ignored
[8.068s] Level 1:colcon.colcon_core.package_identification:_identify(ros2_ws/log) by extensions ['ignore', 'ignore_ament_install']
[8.068s] Level 1:colcon.colcon_core.package_identification:_identify(ros2_ws/log) by extension 'ignore'
[8.068s] Level 1:colcon.colcon_core.package_identification:_identify(ros2_ws/log) ignored
[8.068s] Level 1:colcon.colcon_core.package_identification:_identify(ros2_ws/src) by extensions ['ignore', 'ignore_ament_install']
[8.069s] Level 1:colcon.colcon_core.package_identification:_identify(ros2_ws/src) by extension 'ignore'
[8.069s] Level 1:colcon.colcon_core.package_identification:_identify(ros2_ws/src) by extension 'ignore_ament_install'
[8.069s] Level 1:colcon.colcon_core.package_identification:_identify(ros2_ws/src) by extensions ['colcon_pkg']
[8.069s] Level 1:colcon.colcon_core.package_identification:_identify(ros2_ws/src) by extension 'colcon_pkg'
[8.069s] Level 1:colcon.colcon_core.package_identification:_identify(ros2_ws/src) by extensions ['colcon_meta']
[8.069s] Level 1:colcon.colcon_core.package_identification:_identify(ros2_ws/src) by extension 'colcon_meta'
[8.069s] Level 1:colcon.colcon_core.package_identification:_identify(ros2_ws/src) by extensions ['ros']
[8.069s] Level 1:colcon.colcon_core.package_identification:_identify(ros2_ws/src) by extension 'ros'
[8.069s] Level 1:colcon.colcon_core.package_identification:_identify(ros2_ws/src) by extensions ['cmake', 'python']
[8.069s] Level 1:colcon.colcon_core.package_identification:_identify(ros2_ws/src) by extension 'cmake'
[8.069s] Level 1:colcon.colcon_core.package_identification:_identify(ros2_ws/src) by extension 'python'
[8.069s] Level 1:colcon.colcon_core.package_identification:_identify(ros2_ws/src) by extensions ['python_setup_py']
[8.069s] Level 1:colcon.colcon_core.package_identification:_identify(ros2_ws/src) by extension 'python_setup_py'
[8.069s] Level 1:colcon.colcon_core.package_identification:_identify(ros2_ws/src/otonom_arac) by extensions ['ignore', 'ignore_ament_install']
[8.069s] Level 1:colcon.colcon_core.package_identification:_identify(ros2_ws/src/otonom_arac) by extension 'ignore'
[8.069s] Level 1:colcon.colcon_core.package_identification:_identify(ros2_ws/src/otonom_arac) by extension 'ignore_ament_install'
[8.069s] Level 1:colcon.colcon_core.package_identification:_identify(ros2_ws/src/otonom_arac) by extensions ['colcon_pkg']
[8.069s] Level 1:colcon.colcon_core.package_identification:_identify(ros2_ws/src/otonom_arac) by extension 'colcon_pkg'
[8.069s] Level 1:colcon.colcon_core.package_identification:_identify(ros2_ws/src/otonom_arac) by extensions ['colcon_meta']
[8.069s] Level 1:colcon.colcon_core.package_identification:_identify(ros2_ws/src/otonom_arac) by extension 'colcon_meta'
[8.069s] Level 1:colcon.colcon_core.package_identification:_identify(ros2_ws/src/otonom_arac) by extensions ['ros']
[8.069s] Level 1:colcon.colcon_core.package_identification:_identify(ros2_ws/src/otonom_arac) by extension 'ros'
[8.262s] DEBUG:colcon.colcon_core.package_identification:Package 'ros2_ws/src/otonom_arac' with type 'ros.ament_python' and name 'otonom_arac'
[8.269s] Level 1:colcon.colcon_core.package_discovery:discover_packages(recursive) using defaults
[8.277s] Level 1:colcon.colcon_core.package_discovery:discover_packages(ignore) discover
[8.279s] Level 1:colcon.colcon_core.package_discovery:discover_packages(ignore) using defaults
[8.279s] Level 1:colcon.colcon_core.package_discovery:discover_packages(path) discover
[8.279s] Level 1:colcon.colcon_core.package_discovery:discover_packages(path) using defaults
[8.996s] Level 5:colcon.colcon_core.verb:set package 'otonom_arac' build argument 'cmake_args' from command line to 'None'
[9.001s] Level 5:colcon.colcon_core.verb:set package 'otonom_arac' build argument 'cmake_target' from command line to 'None'
[9.001s] Level 5:colcon.colcon_core.verb:set package 'otonom_arac' build argument 'cmake_target_skip_unavailable' from command line to 'False'
[9.001s] Level 5:colcon.colcon_core.verb:set package 'otonom_arac' build argument 'cmake_clean_cache' from command line to 'False'
[9.001s] Level 5:colcon.colcon_core.verb:set package 'otonom_arac' build argument 'cmake_clean_first' from command line to 'False'
[9.001s] Level 5:colcon.colcon_core.verb:set package 'otonom_arac' build argument 'cmake_force_configure' from command line to 'False'
[9.001s] Level 5:colcon.colcon_core.verb:set package 'otonom_arac' build argument 'ament_cmake_args' from command line to 'None'
[9.001s] Level 5:colcon.colcon_core.verb:set package 'otonom_arac' build argument 'catkin_cmake_args' from command line to 'None'
[9.001s] Level 5:colcon.colcon_core.verb:set package 'otonom_arac' build argument 'catkin_skip_building_tests' from command line to 'False'
[9.001s] DEBUG:colcon.colcon_core.verb:Building package 'otonom_arac' with the following arguments: {'ament_cmake_args': None, 'build_base': '/Users/faikaktss/ISA_TEAM_2025-2026_ROS2/build/otonom_arac', 'catkin_cmake_args': None, 'catkin_skip_building_tests': False, 'cmake_args': None, 'cmake_clean_cache': False, 'cmake_clean_first': False, 'cmake_force_configure': False, 'cmake_target': None, 'cmake_target_skip_unavailable': False, 'install_base': '/Users/faikaktss/ISA_TEAM_2025-2026_ROS2/install/otonom_arac', 'merge_install': False, 'path': '/Users/faikaktss/ISA_TEAM_2025-2026_ROS2/ros2_ws/src/otonom_arac', 'symlink_install': False, 'test_result_base': None}
[9.002s] INFO:colcon.colcon_core.executor:Executing jobs using 'parallel' executor
[9.040s] DEBUG:colcon.colcon_parallel_executor.executor.parallel:run_until_complete
[9.095s] INFO:colcon.colcon_ros.task.ament_python.build:Building ROS package in '/Users/faikaktss/ISA_TEAM_2025-2026_ROS2/ros2_ws/src/otonom_arac' with build type 'ament_python'
[9.104s] Level 1:colcon.colcon_core.shell:create_environment_hook('otonom_arac', 'ament_prefix_path')
[9.159s] INFO:colcon.colcon_core.plugin_system:Skipping extension 'colcon_core.shell.bat': Not used on non-Windows systems
[9.163s] INFO:colcon.colcon_core.shell:Creating environment hook '/Users/faikaktss/ISA_TEAM_2025-2026_ROS2/install/otonom_arac/share/otonom_arac/hook/ament_prefix_path.ps1'
[9.245s] INFO:colcon.colcon_core.shell:Creating environment descriptor '/Users/faikaktss/ISA_TEAM_2025-2026_ROS2/install/otonom_arac/share/otonom_arac/hook/ament_prefix_path.dsv'
[9.247s] INFO:colcon.colcon_core.shell:Creating environment hook '/Users/faikaktss/ISA_TEAM_2025-2026_ROS2/install/otonom_arac/share/otonom_arac/hook/ament_prefix_path.sh'
[9.287s] INFO:colcon.colcon_core.shell:Skip shell extension 'powershell' for command environment: Not usable outside of PowerShell
[9.287s] DEBUG:colcon.colcon_core.shell:Skip shell extension 'dsv' for command environment
[16.411s] INFO:colcon.colcon_core.task.python.build:Building Python package in '/Users/faikaktss/ISA_TEAM_2025-2026_ROS2/ros2_ws/src/otonom_arac'
[16.411s] INFO:colcon.colcon_core.shell:Skip shell extension 'powershell' for command environment: Not usable outside of PowerShell
[16.412s] DEBUG:colcon.colcon_core.shell:Skip shell extension 'dsv' for command environment
[23.424s] DEBUG:colcon.colcon_core.event_handler.log_command:Invoking command in '/Users/faikaktss/ISA_TEAM_2025-2026_ROS2/ros2_ws/src/otonom_arac': PYTHONPATH=/Users/faikaktss/ISA_TEAM_2025-2026_ROS2/build/otonom_arac/prefix_override:/Users/faikaktss/Library/Python/3.11/lib/python/site-packages/colcon_core/task/python/colcon_distutils_commands:/Users/faikaktss/ISA_TEAM_2025-2026_ROS2/install/otonom_arac/lib/python3.11/site-packages: SHLVL=2 _=/usr/bin/env /opt/homebrew/opt/python@3.11/bin/python3.11 -W ignore:setup.py install is deprecated -W ignore:easy_install command is deprecated setup.py egg_info --egg-base ../../../build/otonom_arac build --build-base /Users/faikaktss/ISA_TEAM_2025-2026_ROS2/build/otonom_arac/build install --record /Users/faikaktss/ISA_TEAM_2025-2026_ROS2/build/otonom_arac/install.log --single-version-externally-managed install_data
[30.330s] DEBUG:colcon.colcon_core.event_handler.log_command:Invoked command in '/Users/faikaktss/ISA_TEAM_2025-2026_ROS2/ros2_ws/src/otonom_arac' returned '0': PYTHONPATH=/Users/faikaktss/ISA_TEAM_2025-2026_ROS2/build/otonom_arac/prefix_override:/Users/faikaktss/Library/Python/3.11/lib/python/site-packages/colcon_core/task/python/colcon_distutils_commands:/Users/faikaktss/ISA_TEAM_2025-2026_ROS2/install/otonom_arac/lib/python3.11/site-packages: SHLVL=2 _=/usr/bin/env /opt/homebrew/opt/python@3.11/bin/python3.11 -W ignore:setup.py install is deprecated -W ignore:easy_install command is deprecated setup.py egg_info --egg-base ../../../build/otonom_arac build --build-base /Users/faikaktss/ISA_TEAM_2025-2026_ROS2/build/otonom_arac/build install --record /Users/faikaktss/ISA_TEAM_2025-2026_ROS2/build/otonom_arac/install.log --single-version-externally-managed install_data
[30.356s] Level 1:colcon.colcon_core.environment:checking '/Users/faikaktss/ISA_TEAM_2025-2026_ROS2/install/otonom_arac' for CMake module files
[30.357s] Level 1:colcon.colcon_core.environment:checking '/Users/faikaktss/ISA_TEAM_2025-2026_ROS2/install/otonom_arac' for CMake config files
[30.357s] Level 1:colcon.colcon_core.environment:checking '/Users/faikaktss/ISA_TEAM_2025-2026_ROS2/install/otonom_arac/lib'
[30.361s] Level 1:colcon.colcon_core.environment:checking '/Users/faikaktss/ISA_TEAM_2025-2026_ROS2/install/otonom_arac/bin'
[30.362s] Level 1:colcon.colcon_core.environment:checking '/Users/faikaktss/ISA_TEAM_2025-2026_ROS2/install/otonom_arac/lib/pkgconfig/otonom_arac.pc'
[30.366s] Level 1:colcon.colcon_core.environment:checking '/Users/faikaktss/ISA_TEAM_2025-2026_ROS2/install/otonom_arac/lib/python3.11/site-packages'
[30.367s] Level 1:colcon.colcon_core.shell:create_environment_hook('otonom_arac', 'pythonpath')
[30.367s] INFO:colcon.colcon_core.shell:Creating environment hook '/Users/faikaktss/ISA_TEAM_2025-2026_ROS2/install/otonom_arac/share/otonom_arac/hook/pythonpath.ps1'
[30.387s] INFO:colcon.colcon_core.shell:Creating environment descriptor '/Users/faikaktss/ISA_TEAM_2025-2026_ROS2/install/otonom_arac/share/otonom_arac/hook/pythonpath.dsv'
[30.391s] INFO:colcon.colcon_core.shell:Creating environment hook '/Users/faikaktss/ISA_TEAM_2025-2026_ROS2/install/otonom_arac/share/otonom_arac/hook/pythonpath.sh'
[30.395s] Level 1:colcon.colcon_core.environment:checking '/Users/faikaktss/ISA_TEAM_2025-2026_ROS2/install/otonom_arac/bin'
[30.395s] Level 1:colcon.colcon_core.environment:create_environment_scripts_only(otonom_arac)
[30.395s] INFO:colcon.colcon_core.shell:Creating package script '/Users/faikaktss/ISA_TEAM_2025-2026_ROS2/install/otonom_arac/share/otonom_arac/package.ps1'
[30.399s] INFO:colcon.colcon_core.shell:Creating package descriptor '/Users/faikaktss/ISA_TEAM_2025-2026_ROS2/install/otonom_arac/share/otonom_arac/package.dsv'
[30.401s] INFO:colcon.colcon_core.shell:Creating package script '/Users/faikaktss/ISA_TEAM_2025-2026_ROS2/install/otonom_arac/share/otonom_arac/package.sh'
[30.427s] INFO:colcon.colcon_core.shell:Creating package script '/Users/faikaktss/ISA_TEAM_2025-2026_ROS2/install/otonom_arac/share/otonom_arac/package.bash'
[30.458s] INFO:colcon.colcon_core.shell:Creating package script '/Users/faikaktss/ISA_TEAM_2025-2026_ROS2/install/otonom_arac/share/otonom_arac/package.zsh'
[30.537s] Level 1:colcon.colcon_core.environment:create_file_with_runtime_dependencies(/Users/faikaktss/ISA_TEAM_2025-2026_ROS2/install/otonom_arac/share/colcon-core/packages/otonom_arac)
[30.800s] DEBUG:colcon.colcon_parallel_executor.executor.parallel:closing loop
[30.812s] DEBUG:colcon.colcon_parallel_executor.executor.parallel:loop closed
[30.812s] DEBUG:colcon.colcon_parallel_executor.executor.parallel:run_until_complete finished with '0'
[30.812s] DEBUG:colcon.colcon_core.event_reactor:joining thread
[30.846s] INFO:colcon.colcon_core.plugin_system:Skipping extension 'colcon_notification.desktop_notification.notify2': 'notify2' not found
[30.846s] INFO:colcon.colcon_core.plugin_system:Skipping extension 'colcon_notification.desktop_notification.notify_send': Not used on non-Linux systems
[30.846s] INFO:colcon.colcon_core.plugin_system:Skipping extension 'colcon_notification.desktop_notification.win32': Not used on non-Windows systems
[30.846s] INFO:colcon.colcon_notification.desktop_notification:Sending desktop notification using 'terminal_notifier'
[31.179s] DEBUG:colcon.colcon_core.event_reactor:joined thread
[31.198s] INFO:colcon.colcon_core.shell:Creating prefix script '/Users/faikaktss/ISA_TEAM_2025-2026_ROS2/install/local_setup.ps1'
[31.206s] INFO:colcon.colcon_core.shell:Creating prefix util module '/Users/faikaktss/ISA_TEAM_2025-2026_ROS2/install/_local_setup_util_ps1.py'
[31.213s] INFO:colcon.colcon_core.shell:Creating prefix chain script '/Users/faikaktss/ISA_TEAM_2025-2026_ROS2/install/setup.ps1'
[31.240s] INFO:colcon.colcon_core.shell:Creating prefix script '/Users/faikaktss/ISA_TEAM_2025-2026_ROS2/install/local_setup.sh'
[31.284s] INFO:colcon.colcon_core.shell:Creating prefix util module '/Users/faikaktss/ISA_TEAM_2025-2026_ROS2/install/_local_setup_util_sh.py'
[31.286s] INFO:colcon.colcon_core.shell:Creating prefix chain script '/Users/faikaktss/ISA_TEAM_2025-2026_ROS2/install/setup.sh'
[31.330s] INFO:colcon.colcon_core.shell:Creating prefix script '/Users/faikaktss/ISA_TEAM_2025-2026_ROS2/install/local_setup.bash'
[31.331s] INFO:colcon.colcon_core.shell:Creating prefix chain script '/Users/faikaktss/ISA_TEAM_2025-2026_ROS2/install/setup.bash'
[31.341s] INFO:colcon.colcon_core.shell:Creating prefix script '/Users/faikaktss/ISA_TEAM_2025-2026_ROS2/install/local_setup.zsh'
[31.388s] INFO:colcon.colcon_core.shell:Creating prefix chain script '/Users/faikaktss/ISA_TEAM_2025-2026_ROS2/install/setup.zsh'
