[1.373s] DEBUG:colcon:Command line arguments: ['/usr/bin/colcon', 'build', '--packages-select', 'otonom_arac']
[1.375s] DEBUG:colcon:Parsed command line arguments: Namespace(log_base=None, log_level=None, verb_name='build', build_base='build', install_base='install', merge_install=False, symlink_install=False, test_result_base=None, continue_on_error=False, executor='parallel', parallel_workers=10, event_handlers=None, ignore_user_meta=False, metas=['./colcon.meta'], base_paths=['.'], packages_ignore=None, packages_ignore_regex=None, paths=None, packages_up_to=None, packages_up_to_regex=None, packages_above=None, packages_above_and_dependencies=None, packages_above_depth=None, packages_select_by_dep=None, packages_skip_by_dep=None, packages_skip_up_to=None, packages_select_build_failed=False, packages_skip_build_finished=False, packages_select_test_failures=False, packages_skip_test_passed=False, packages_select=['otonom_arac'], packages_skip=None, packages_select_regex=None, packages_skip_regex=None, packages_start=None, packages_end=None, cmake_args=None, cmake_target=None, cmake_target_skip_unavailable=False, cmake_clean_cache=False, cmake_clean_first=False, cmake_force_configure=False, ament_cmake_args=None, catkin_cmake_args=None, catkin_skip_building_tests=False, mixin_files=None, mixin=None, verb_parser=<colcon_mixin.mixin.mixin_argument.MixinArgumentDecorator object at 0x7ffffe1b8170>, verb_extension=<colcon_core.verb.build.BuildVerb object at 0x7ffffe193710>, main=<bound method BuildVerb.main of <colcon_core.verb.build.BuildVerb object at 0x7ffffe193710>>, mixin_verb=('build',))
[1.821s] Level 1:colcon.colcon_core.package_discovery:discover_packages(colcon_meta) check parameters
[1.826s] INFO:colcon.colcon_metadata.package_discovery.colcon_meta:Using configuration from '/root/.colcon/metadata/default/Gazebo.meta'
[1.829s] INFO:colcon.colcon_metadata.package_discovery.colcon_meta:Using configuration from '/root/.colcon/metadata/default/fastdds.meta'
[1.832s] INFO:colcon.colcon_metadata.package_discovery.colcon_meta:Using configuration from '/root/.colcon/metadata/default/fastrtps.meta'
[1.833s] Level 1:colcon.colcon_core.package_discovery:discover_packages(recursive) check parameters
[1.833s] Level 1:colcon.colcon_core.package_discovery:discover_packages(ignore) check parameters
[1.833s] Level 1:colcon.colcon_core.package_discovery:discover_packages(path) check parameters
[1.834s] Level 1:colcon.colcon_core.package_discovery:discover_packages(colcon_meta) discover
[1.834s] Level 1:colcon.colcon_core.package_discovery:discover_packages(recursive) discover
[1.834s] INFO:colcon.colcon_core.package_discovery:Crawling recursively for packages in '/workspace/ros2_ws'
[1.835s] Level 1:colcon.colcon_core.package_identification:_identify(.) by extensions ['ignore', 'ignore_ament_install']
[1.835s] Level 1:colcon.colcon_core.package_identification:_identify(.) by extension 'ignore'
[1.835s] Level 1:colcon.colcon_core.package_identification:_identify(.) by extension 'ignore_ament_install'
[1.836s] Level 1:colcon.colcon_core.package_identification:_identify(.) by extensions ['colcon_pkg']
[1.836s] Level 1:colcon.colcon_core.package_identification:_identify(.) by extension 'colcon_pkg'
[1.836s] Level 1:colcon.colcon_core.package_identification:_identify(.) by extensions ['colcon_meta']
[1.836s] Level 1:colcon.colcon_core.package_identification:_identify(.) by extension 'colcon_meta'
[1.836s] Level 1:colcon.colcon_core.package_identification:_identify(.) by extensions ['ros']
[1.836s] Level 1:colcon.colcon_core.package_identification:_identify(.) by extension 'ros'
[1.994s] Level 1:colcon.colcon_core.package_identification:_identify(.) by extensions ['cmake', 'python']
[1.994s] Level 1:colcon.colcon_core.package_identification:_identify(.) by extension 'cmake'
[1.994s] Level 1:colcon.colcon_core.package_identification:_identify(.) by extension 'python'
[1.995s] Level 1:colcon.colcon_core.package_identification:_identify(.) by extensions ['python_setup_py']
[1.995s] Level 1:colcon.colcon_core.package_identification:_identify(.) by extension 'python_setup_py'
[1.998s] Level 1:colcon.colcon_core.package_identification:_identify(build) by extensions ['ignore', 'ignore_ament_install']
[1.999s] Level 1:colcon.colcon_core.package_identification:_identify(build) by extension 'ignore'
[1.999s] Level 1:colcon.colcon_core.package_identification:_identify(build) ignored
[2.004s] Level 1:colcon.colcon_core.package_identification:_identify(install) by extensions ['ignore', 'ignore_ament_install']
[2.004s] Level 1:colcon.colcon_core.package_identification:_identify(install) by extension 'ignore'
[2.007s] Level 1:colcon.colcon_core.package_identification:_identify(install) ignored
[2.011s] Level 1:colcon.colcon_core.package_identification:_identify(log) by extensions ['ignore', 'ignore_ament_install']
[2.012s] Level 1:colcon.colcon_core.package_identification:_identify(log) by extension 'ignore'
[2.013s] Level 1:colcon.colcon_core.package_identification:_identify(log) ignored
[2.015s] Level 1:colcon.colcon_core.package_identification:_identify(src) by extensions ['ignore', 'ignore_ament_install']
[2.016s] Level 1:colcon.colcon_core.package_identification:_identify(src) by extension 'ignore'
[2.016s] Level 1:colcon.colcon_core.package_identification:_identify(src) by extension 'ignore_ament_install'
[2.018s] Level 1:colcon.colcon_core.package_identification:_identify(src) by extensions ['colcon_pkg']
[2.018s] Level 1:colcon.colcon_core.package_identification:_identify(src) by extension 'colcon_pkg'
[2.019s] Level 1:colcon.colcon_core.package_identification:_identify(src) by extensions ['colcon_meta']
[2.019s] Level 1:colcon.colcon_core.package_identification:_identify(src) by extension 'colcon_meta'
[2.019s] Level 1:colcon.colcon_core.package_identification:_identify(src) by extensions ['ros']
[2.019s] Level 1:colcon.colcon_core.package_identification:_identify(src) by extension 'ros'
[2.019s] Level 1:colcon.colcon_core.package_identification:_identify(src) by extensions ['cmake', 'python']
[2.019s] Level 1:colcon.colcon_core.package_identification:_identify(src) by extension 'cmake'
[2.019s] Level 1:colcon.colcon_core.package_identification:_identify(src) by extension 'python'
[2.020s] Level 1:colcon.colcon_core.package_identification:_identify(src) by extensions ['python_setup_py']
[2.020s] Level 1:colcon.colcon_core.package_identification:_identify(src) by extension 'python_setup_py'
[2.022s] Level 1:colcon.colcon_core.package_identification:_identify(src/otonom_arac) by extensions ['ignore', 'ignore_ament_install']
[2.023s] Level 1:colcon.colcon_core.package_identification:_identify(src/otonom_arac) by extension 'ignore'
[2.023s] Level 1:colcon.colcon_core.package_identification:_identify(src/otonom_arac) by extension 'ignore_ament_install'
[2.024s] Level 1:colcon.colcon_core.package_identification:_identify(src/otonom_arac) by extensions ['colcon_pkg']
[2.024s] Level 1:colcon.colcon_core.package_identification:_identify(src/otonom_arac) by extension 'colcon_pkg'
[2.024s] Level 1:colcon.colcon_core.package_identification:_identify(src/otonom_arac) by extensions ['colcon_meta']
[2.024s] Level 1:colcon.colcon_core.package_identification:_identify(src/otonom_arac) by extension 'colcon_meta'
[2.024s] Level 1:colcon.colcon_core.package_identification:_identify(src/otonom_arac) by extensions ['ros']
[2.024s] Level 1:colcon.colcon_core.package_identification:_identify(src/otonom_arac) by extension 'ros'
[2.041s] DEBUG:colcon.colcon_core.package_identification:Package 'src/otonom_arac' with type 'ros.ament_python' and name 'otonom_arac'
[2.041s] Level 1:colcon.colcon_core.package_discovery:discover_packages(recursive) using defaults
[2.042s] Level 1:colcon.colcon_core.package_discovery:discover_packages(ignore) discover
[2.042s] Level 1:colcon.colcon_core.package_discovery:discover_packages(ignore) using defaults
[2.042s] Level 1:colcon.colcon_core.package_discovery:discover_packages(path) discover
[2.043s] Level 1:colcon.colcon_core.package_discovery:discover_packages(path) using defaults
[2.129s] Level 5:colcon.colcon_core.verb:set package 'otonom_arac' build argument 'cmake_args' from command line to 'None'
[2.130s] Level 5:colcon.colcon_core.verb:set package 'otonom_arac' build argument 'cmake_target' from command line to 'None'
[2.130s] Level 5:colcon.colcon_core.verb:set package 'otonom_arac' build argument 'cmake_target_skip_unavailable' from command line to 'False'
[2.130s] Level 5:colcon.colcon_core.verb:set package 'otonom_arac' build argument 'cmake_clean_cache' from command line to 'False'
[2.131s] Level 5:colcon.colcon_core.verb:set package 'otonom_arac' build argument 'cmake_clean_first' from command line to 'False'
[2.131s] Level 5:colcon.colcon_core.verb:set package 'otonom_arac' build argument 'cmake_force_configure' from command line to 'False'
[2.131s] Level 5:colcon.colcon_core.verb:set package 'otonom_arac' build argument 'ament_cmake_args' from command line to 'None'
[2.131s] Level 5:colcon.colcon_core.verb:set package 'otonom_arac' build argument 'catkin_cmake_args' from command line to 'None'
[2.132s] Level 5:colcon.colcon_core.verb:set package 'otonom_arac' build argument 'catkin_skip_building_tests' from command line to 'False'
[2.132s] DEBUG:colcon.colcon_core.verb:Building package 'otonom_arac' with the following arguments: {'ament_cmake_args': None, 'build_base': '/workspace/ros2_ws/build/otonom_arac', 'catkin_cmake_args': None, 'catkin_skip_building_tests': False, 'cmake_args': None, 'cmake_clean_cache': False, 'cmake_clean_first': False, 'cmake_force_configure': False, 'cmake_target': None, 'cmake_target_skip_unavailable': False, 'install_base': '/workspace/ros2_ws/install/otonom_arac', 'merge_install': False, 'path': '/workspace/ros2_ws/src/otonom_arac', 'symlink_install': False, 'test_result_base': None}
[2.133s] INFO:colcon.colcon_core.executor:Executing jobs using 'parallel' executor
[2.144s] DEBUG:colcon.colcon_parallel_executor.executor.parallel:run_until_complete
[2.150s] INFO:colcon.colcon_ros.task.ament_python.build:Building ROS package in '/workspace/ros2_ws/src/otonom_arac' with build type 'ament_python'
[2.155s] Level 1:colcon.colcon_core.shell:create_environment_hook('otonom_arac', 'ament_prefix_path')
[2.227s] INFO:colcon.colcon_core.plugin_system:Skipping extension 'colcon_core.shell.bat': Not used on non-Windows systems
[2.229s] INFO:colcon.colcon_core.shell:Creating environment hook '/workspace/ros2_ws/install/otonom_arac/share/otonom_arac/hook/ament_prefix_path.ps1'
[2.250s] INFO:colcon.colcon_core.shell:Creating environment descriptor '/workspace/ros2_ws/install/otonom_arac/share/otonom_arac/hook/ament_prefix_path.dsv'
[2.259s] INFO:colcon.colcon_core.shell:Creating environment hook '/workspace/ros2_ws/install/otonom_arac/share/otonom_arac/hook/ament_prefix_path.sh'
[2.267s] INFO:colcon.colcon_core.shell:Skip shell extension 'powershell' for command environment: Not usable outside of PowerShell
[2.268s] DEBUG:colcon.colcon_core.shell:Skip shell extension 'dsv' for command environment
[4.685s] INFO:colcon.colcon_core.task.python.build:Building Python package in '/workspace/ros2_ws/src/otonom_arac'
[4.743s] INFO:colcon.colcon_core.shell:Skip shell extension 'powershell' for command environment: Not usable outside of PowerShell
[4.746s] DEBUG:colcon.colcon_core.shell:Skip shell extension 'dsv' for command environment
[11.167s] DEBUG:colcon.colcon_core.event_handler.log_command:Invoking command in '/workspace/ros2_ws/src/otonom_arac': PYTHONPATH=/workspace/ros2_ws/build/otonom_arac/prefix_override:/usr/lib/python3/dist-packages/colcon_core/task/python/colcon_distutils_commands:/workspace/ros2_ws/install/otonom_arac/lib/python3.12/site-packages:${PYTHONPATH} /usr/bin/python3 -W ignore:setup.py install is deprecated -W ignore:easy_install command is deprecated setup.py egg_info --egg-base ../../build/otonom_arac build --build-base /workspace/ros2_ws/build/otonom_arac/build install --record /workspace/ros2_ws/build/otonom_arac/install.log --single-version-externally-managed install_data
[15.539s] DEBUG:colcon.colcon_core.event_handler.log_command:Invoked command in '/workspace/ros2_ws/src/otonom_arac' returned '0': PYTHONPATH=/workspace/ros2_ws/build/otonom_arac/prefix_override:/usr/lib/python3/dist-packages/colcon_core/task/python/colcon_distutils_commands:/workspace/ros2_ws/install/otonom_arac/lib/python3.12/site-packages:${PYTHONPATH} /usr/bin/python3 -W ignore:setup.py install is deprecated -W ignore:easy_install command is deprecated setup.py egg_info --egg-base ../../build/otonom_arac build --build-base /workspace/ros2_ws/build/otonom_arac/build install --record /workspace/ros2_ws/build/otonom_arac/install.log --single-version-externally-managed install_data
[15.611s] Level 1:colcon.colcon_core.environment:checking '/workspace/ros2_ws/install/otonom_arac' for CMake module files
[15.641s] Level 1:colcon.colcon_core.environment:checking '/workspace/ros2_ws/install/otonom_arac' for CMake config files
[15.781s] Level 1:colcon.colcon_core.environment:checking '/workspace/ros2_ws/install/otonom_arac/lib'
[15.787s] Level 1:colcon.colcon_core.environment:checking '/workspace/ros2_ws/install/otonom_arac/bin'
[15.788s] Level 1:colcon.colcon_core.environment:checking '/workspace/ros2_ws/install/otonom_arac/lib/pkgconfig/otonom_arac.pc'
[15.790s] Level 1:colcon.colcon_core.environment:checking '/workspace/ros2_ws/install/otonom_arac/lib/python3.12/site-packages'
[15.792s] Level 1:colcon.colcon_core.shell:create_environment_hook('otonom_arac', 'pythonpath')
[15.795s] INFO:colcon.colcon_core.shell:Creating environment hook '/workspace/ros2_ws/install/otonom_arac/share/otonom_arac/hook/pythonpath.ps1'
[15.806s] INFO:colcon.colcon_core.shell:Creating environment descriptor '/workspace/ros2_ws/install/otonom_arac/share/otonom_arac/hook/pythonpath.dsv'
[15.820s] INFO:colcon.colcon_core.shell:Creating environment hook '/workspace/ros2_ws/install/otonom_arac/share/otonom_arac/hook/pythonpath.sh'
[15.839s] Level 1:colcon.colcon_core.environment:checking '/workspace/ros2_ws/install/otonom_arac/bin'
[15.871s] Level 1:colcon.colcon_core.environment:create_environment_scripts_only(otonom_arac)
[15.885s] INFO:colcon.colcon_core.shell:Creating package script '/workspace/ros2_ws/install/otonom_arac/share/otonom_arac/package.ps1'
[15.941s] INFO:colcon.colcon_core.shell:Creating package descriptor '/workspace/ros2_ws/install/otonom_arac/share/otonom_arac/package.dsv'
[15.972s] INFO:colcon.colcon_core.shell:Creating package script '/workspace/ros2_ws/install/otonom_arac/share/otonom_arac/package.sh'
[15.992s] INFO:colcon.colcon_core.shell:Creating package script '/workspace/ros2_ws/install/otonom_arac/share/otonom_arac/package.bash'
[16.015s] INFO:colcon.colcon_core.shell:Creating package script '/workspace/ros2_ws/install/otonom_arac/share/otonom_arac/package.zsh'
[16.047s] Level 1:colcon.colcon_core.environment:create_file_with_runtime_dependencies(/workspace/ros2_ws/install/otonom_arac/share/colcon-core/packages/otonom_arac)
[16.063s] DEBUG:colcon.colcon_parallel_executor.executor.parallel:closing loop
[16.071s] DEBUG:colcon.colcon_parallel_executor.executor.parallel:loop closed
[16.073s] DEBUG:colcon.colcon_parallel_executor.executor.parallel:run_until_complete finished with '0'
[16.074s] DEBUG:colcon.colcon_core.event_reactor:joining thread
[16.519s] INFO:colcon.colcon_core.plugin_system:Skipping extension 'colcon_notification.desktop_notification.notify_send': Could not find 'notify-send'
[16.522s] INFO:colcon.colcon_core.plugin_system:Skipping extension 'colcon_notification.desktop_notification.terminal_notifier': Not used on non-Darwin systems
[16.523s] INFO:colcon.colcon_core.plugin_system:Skipping extension 'colcon_notification.desktop_notification.win32': Not used on non-Windows systems
[16.523s] INFO:colcon.colcon_notification.desktop_notification:Sending desktop notification using 'notify2'
[16.528s] DEBUG:colcon.colcon_notification.desktop_notification.notify2:Failed to initialize notify2: org.freedesktop.DBus.Error.NotSupported: Unable to autolaunch a dbus-daemon without a $DISPLAY for X11
[16.531s] DEBUG:colcon.colcon_core.event_reactor:joined thread
[16.534s] INFO:colcon.colcon_core.shell:Creating prefix script '/workspace/ros2_ws/install/local_setup.ps1'
[16.555s] INFO:colcon.colcon_core.shell:Creating prefix util module '/workspace/ros2_ws/install/_local_setup_util_ps1.py'
[16.565s] INFO:colcon.colcon_core.shell:Creating prefix chain script '/workspace/ros2_ws/install/setup.ps1'
[16.592s] INFO:colcon.colcon_core.shell:Creating prefix script '/workspace/ros2_ws/install/local_setup.sh'
[16.613s] INFO:colcon.colcon_core.shell:Creating prefix util module '/workspace/ros2_ws/install/_local_setup_util_sh.py'
[16.632s] INFO:colcon.colcon_core.shell:Creating prefix chain script '/workspace/ros2_ws/install/setup.sh'
[16.657s] INFO:colcon.colcon_core.shell:Creating prefix script '/workspace/ros2_ws/install/local_setup.bash'
[16.664s] INFO:colcon.colcon_core.shell:Creating prefix chain script '/workspace/ros2_ws/install/setup.bash'
[16.673s] INFO:colcon.colcon_core.shell:Creating prefix script '/workspace/ros2_ws/install/local_setup.zsh'
[16.695s] INFO:colcon.colcon_core.shell:Creating prefix chain script '/workspace/ros2_ws/install/setup.zsh'
