[0.231s] Invoking command in '/Applications/PROJELERİM/ISA_TEAM_2025-2026_ROS2/ros2_ws/src/otonom_arac': PYTHONPATH=/Applications/PROJELERİM/ISA_TEAM_2025-2026_ROS2/ros2_ws/build/otonom_arac/prefix_override:/Library/Frameworks/Python.framework/Versions/3.14/lib/python3.14/site-packages/colcon_core/task/python/colcon_distutils_commands:/Applications/PROJELERİM/ISA_TEAM_2025-2026_ROS2/ros2_ws/install/otonom_arac/lib/python3.14/site-packages: SHLVL=2 _=/usr/bin/env /Library/Frameworks/Python.framework/Versions/3.14/bin/python3.14 -W ignore:setup.py install is deprecated -W ignore:easy_install command is deprecated setup.py egg_info --egg-base ../../build/otonom_arac build --build-base /Applications/PROJELERİM/ISA_TEAM_2025-2026_ROS2/ros2_ws/build/otonom_arac/build install --record /Applications/PROJELERİM/ISA_TEAM_2025-2026_ROS2/ros2_ws/build/otonom_arac/install.log --single-version-externally-managed install_data
[0.294s] /Library/Frameworks/Python.framework/Versions/3.14/lib/python3.14/site-packages/setuptools/_distutils/dist.py:289: UserWarning: Unknown distribution option: 'tests_require'
[0.295s]   warnings.warn(msg)
[0.310s] running egg_info
[0.312s] writing ../../build/otonom_arac/otonom_arac.egg-info/PKG-INFO
[0.312s] writing dependency_links to ../../build/otonom_arac/otonom_arac.egg-info/dependency_links.txt
[0.312s] writing entry points to ../../build/otonom_arac/otonom_arac.egg-info/entry_points.txt
[0.313s] writing requirements to ../../build/otonom_arac/otonom_arac.egg-info/requires.txt
[0.313s] writing top-level names to ../../build/otonom_arac/otonom_arac.egg-info/top_level.txt
[0.317s] reading manifest file '../../build/otonom_arac/otonom_arac.egg-info/SOURCES.txt'
[0.318s] writing manifest file '../../build/otonom_arac/otonom_arac.egg-info/SOURCES.txt'
[0.318s] running build
[0.318s] running build_py
[0.318s] copying otonom_arac/error.py -> /Applications/PROJELERİM/ISA_TEAM_2025-2026_ROS2/ros2_ws/build/otonom_arac/build/lib/otonom_arac
[0.318s] copying otonom_arac/encoder_node.py -> /Applications/PROJELERİM/ISA_TEAM_2025-2026_ROS2/ros2_ws/build/otonom_arac/build/lib/otonom_arac
[0.319s] copying otonom_arac/object_detection_node.py -> /Applications/PROJELERİM/ISA_TEAM_2025-2026_ROS2/ros2_ws/build/otonom_arac/build/lib/otonom_arac
[0.319s] copying otonom_arac/lidar_node.py -> /Applications/PROJELERİM/ISA_TEAM_2025-2026_ROS2/ros2_ws/build/otonom_arac/build/lib/otonom_arac
[0.319s] copying otonom_arac/__init__.py -> /Applications/PROJELERİM/ISA_TEAM_2025-2026_ROS2/ros2_ws/build/otonom_arac/build/lib/otonom_arac
[0.319s] copying otonom_arac/LaneDetect.py -> /Applications/PROJELERİM/ISA_TEAM_2025-2026_ROS2/ros2_ws/build/otonom_arac/build/lib/otonom_arac
[0.320s] copying otonom_arac/realsense.py -> /Applications/PROJELERİM/ISA_TEAM_2025-2026_ROS2/ros2_ws/build/otonom_arac/build/lib/otonom_arac
[0.320s] copying otonom_arac/sonKararTabela.py -> /Applications/PROJELERİM/ISA_TEAM_2025-2026_ROS2/ros2_ws/build/otonom_arac/build/lib/otonom_arac
[0.320s] copying otonom_arac/camera.py -> /Applications/PROJELERİM/ISA_TEAM_2025-2026_ROS2/ros2_ws/build/otonom_arac/build/lib/otonom_arac
[0.320s] copying otonom_arac/utils.py -> /Applications/PROJELERİM/ISA_TEAM_2025-2026_ROS2/ros2_ws/build/otonom_arac/build/lib/otonom_arac
[0.320s] copying otonom_arac/lane_detection_node.py -> /Applications/PROJELERİM/ISA_TEAM_2025-2026_ROS2/ros2_ws/build/otonom_arac/build/lib/otonom_arac
[0.320s] copying otonom_arac/control_node.py -> /Applications/PROJELERİM/ISA_TEAM_2025-2026_ROS2/ros2_ws/build/otonom_arac/build/lib/otonom_arac
[0.321s] copying otonom_arac/lidar.py -> /Applications/PROJELERİM/ISA_TEAM_2025-2026_ROS2/ros2_ws/build/otonom_arac/build/lib/otonom_arac
[0.321s] copying otonom_arac/camera_node.py -> /Applications/PROJELERİM/ISA_TEAM_2025-2026_ROS2/ros2_ws/build/otonom_arac/build/lib/otonom_arac
[0.321s] copying otonom_arac/info.py -> /Applications/PROJELERİM/ISA_TEAM_2025-2026_ROS2/ros2_ws/build/otonom_arac/build/lib/otonom_arac
[0.321s] copying otonom_arac/arduino.py -> /Applications/PROJELERİM/ISA_TEAM_2025-2026_ROS2/ros2_ws/build/otonom_arac/build/lib/otonom_arac
[0.322s] running install
[0.324s] running install_lib
[0.326s] creating /Applications/PROJELERİM/ISA_TEAM_2025-2026_ROS2/ros2_ws/install/otonom_arac/lib/python3.14/site-packages/otonom_arac
[0.326s] copying /Applications/PROJELERİM/ISA_TEAM_2025-2026_ROS2/ros2_ws/build/otonom_arac/build/lib/otonom_arac/error.py -> /Applications/PROJELERİM/ISA_TEAM_2025-2026_ROS2/ros2_ws/install/otonom_arac/lib/python3.14/site-packages/otonom_arac
[0.327s] copying /Applications/PROJELERİM/ISA_TEAM_2025-2026_ROS2/ros2_ws/build/otonom_arac/build/lib/otonom_arac/encoder_node.py -> /Applications/PROJELERİM/ISA_TEAM_2025-2026_ROS2/ros2_ws/install/otonom_arac/lib/python3.14/site-packages/otonom_arac
[0.327s] copying /Applications/PROJELERİM/ISA_TEAM_2025-2026_ROS2/ros2_ws/build/otonom_arac/build/lib/otonom_arac/object_detection_node.py -> /Applications/PROJELERİM/ISA_TEAM_2025-2026_ROS2/ros2_ws/install/otonom_arac/lib/python3.14/site-packages/otonom_arac
[0.327s] copying /Applications/PROJELERİM/ISA_TEAM_2025-2026_ROS2/ros2_ws/build/otonom_arac/build/lib/otonom_arac/lidar_node.py -> /Applications/PROJELERİM/ISA_TEAM_2025-2026_ROS2/ros2_ws/install/otonom_arac/lib/python3.14/site-packages/otonom_arac
[0.327s] copying /Applications/PROJELERİM/ISA_TEAM_2025-2026_ROS2/ros2_ws/build/otonom_arac/build/lib/otonom_arac/__init__.py -> /Applications/PROJELERİM/ISA_TEAM_2025-2026_ROS2/ros2_ws/install/otonom_arac/lib/python3.14/site-packages/otonom_arac
[0.327s] copying /Applications/PROJELERİM/ISA_TEAM_2025-2026_ROS2/ros2_ws/build/otonom_arac/build/lib/otonom_arac/LaneDetect.py -> /Applications/PROJELERİM/ISA_TEAM_2025-2026_ROS2/ros2_ws/install/otonom_arac/lib/python3.14/site-packages/otonom_arac
[0.327s] copying /Applications/PROJELERİM/ISA_TEAM_2025-2026_ROS2/ros2_ws/build/otonom_arac/build/lib/otonom_arac/realsense.py -> /Applications/PROJELERİM/ISA_TEAM_2025-2026_ROS2/ros2_ws/install/otonom_arac/lib/python3.14/site-packages/otonom_arac
[0.327s] copying /Applications/PROJELERİM/ISA_TEAM_2025-2026_ROS2/ros2_ws/build/otonom_arac/build/lib/otonom_arac/sonKararTabela.py -> /Applications/PROJELERİM/ISA_TEAM_2025-2026_ROS2/ros2_ws/install/otonom_arac/lib/python3.14/site-packages/otonom_arac
[0.327s] copying /Applications/PROJELERİM/ISA_TEAM_2025-2026_ROS2/ros2_ws/build/otonom_arac/build/lib/otonom_arac/camera.py -> /Applications/PROJELERİM/ISA_TEAM_2025-2026_ROS2/ros2_ws/install/otonom_arac/lib/python3.14/site-packages/otonom_arac
[0.328s] copying /Applications/PROJELERİM/ISA_TEAM_2025-2026_ROS2/ros2_ws/build/otonom_arac/build/lib/otonom_arac/utils.py -> /Applications/PROJELERİM/ISA_TEAM_2025-2026_ROS2/ros2_ws/install/otonom_arac/lib/python3.14/site-packages/otonom_arac
[0.328s] copying /Applications/PROJELERİM/ISA_TEAM_2025-2026_ROS2/ros2_ws/build/otonom_arac/build/lib/otonom_arac/lane_detection_node.py -> /Applications/PROJELERİM/ISA_TEAM_2025-2026_ROS2/ros2_ws/install/otonom_arac/lib/python3.14/site-packages/otonom_arac
[0.328s] copying /Applications/PROJELERİM/ISA_TEAM_2025-2026_ROS2/ros2_ws/build/otonom_arac/build/lib/otonom_arac/control_node.py -> /Applications/PROJELERİM/ISA_TEAM_2025-2026_ROS2/ros2_ws/install/otonom_arac/lib/python3.14/site-packages/otonom_arac
[0.328s] copying /Applications/PROJELERİM/ISA_TEAM_2025-2026_ROS2/ros2_ws/build/otonom_arac/build/lib/otonom_arac/lidar.py -> /Applications/PROJELERİM/ISA_TEAM_2025-2026_ROS2/ros2_ws/install/otonom_arac/lib/python3.14/site-packages/otonom_arac
[0.328s] copying /Applications/PROJELERİM/ISA_TEAM_2025-2026_ROS2/ros2_ws/build/otonom_arac/build/lib/otonom_arac/camera_node.py -> /Applications/PROJELERİM/ISA_TEAM_2025-2026_ROS2/ros2_ws/install/otonom_arac/lib/python3.14/site-packages/otonom_arac
[0.328s] copying /Applications/PROJELERİM/ISA_TEAM_2025-2026_ROS2/ros2_ws/build/otonom_arac/build/lib/otonom_arac/info.py -> /Applications/PROJELERİM/ISA_TEAM_2025-2026_ROS2/ros2_ws/install/otonom_arac/lib/python3.14/site-packages/otonom_arac
[0.328s] copying /Applications/PROJELERİM/ISA_TEAM_2025-2026_ROS2/ros2_ws/build/otonom_arac/build/lib/otonom_arac/arduino.py -> /Applications/PROJELERİM/ISA_TEAM_2025-2026_ROS2/ros2_ws/install/otonom_arac/lib/python3.14/site-packages/otonom_arac
[0.329s] byte-compiling /Applications/PROJELERİM/ISA_TEAM_2025-2026_ROS2/ros2_ws/install/otonom_arac/lib/python3.14/site-packages/otonom_arac/error.py to error.cpython-314.pyc
[0.329s] byte-compiling /Applications/PROJELERİM/ISA_TEAM_2025-2026_ROS2/ros2_ws/install/otonom_arac/lib/python3.14/site-packages/otonom_arac/encoder_node.py to encoder_node.cpython-314.pyc
[0.330s] byte-compiling /Applications/PROJELERİM/ISA_TEAM_2025-2026_ROS2/ros2_ws/install/otonom_arac/lib/python3.14/site-packages/otonom_arac/object_detection_node.py to object_detection_node.cpython-314.pyc
[0.330s] byte-compiling /Applications/PROJELERİM/ISA_TEAM_2025-2026_ROS2/ros2_ws/install/otonom_arac/lib/python3.14/site-packages/otonom_arac/lidar_node.py to lidar_node.cpython-314.pyc
[0.331s] byte-compiling /Applications/PROJELERİM/ISA_TEAM_2025-2026_ROS2/ros2_ws/install/otonom_arac/lib/python3.14/site-packages/otonom_arac/__init__.py to __init__.cpython-314.pyc
[0.331s] byte-compiling /Applications/PROJELERİM/ISA_TEAM_2025-2026_ROS2/ros2_ws/install/otonom_arac/lib/python3.14/site-packages/otonom_arac/LaneDetect.py to LaneDetect.cpython-314.pyc
[0.332s] byte-compiling /Applications/PROJELERİM/ISA_TEAM_2025-2026_ROS2/ros2_ws/install/otonom_arac/lib/python3.14/site-packages/otonom_arac/realsense.py to realsense.cpython-314.pyc
[0.332s] byte-compiling /Applications/PROJELERİM/ISA_TEAM_2025-2026_ROS2/ros2_ws/install/otonom_arac/lib/python3.14/site-packages/otonom_arac/sonKararTabela.py to sonKararTabela.cpython-314.pyc
[0.333s] byte-compiling /Applications/PROJELERİM/ISA_TEAM_2025-2026_ROS2/ros2_ws/install/otonom_arac/lib/python3.14/site-packages/otonom_arac/camera.py to camera.cpython-314.pyc
[0.334s] byte-compiling /Applications/PROJELERİM/ISA_TEAM_2025-2026_ROS2/ros2_ws/install/otonom_arac/lib/python3.14/site-packages/otonom_arac/utils.py to utils.cpython-314.pyc
[0.334s] byte-compiling /Applications/PROJELERİM/ISA_TEAM_2025-2026_ROS2/ros2_ws/install/otonom_arac/lib/python3.14/site-packages/otonom_arac/lane_detection_node.py to lane_detection_node.cpython-314.pyc
[0.334s] byte-compiling /Applications/PROJELERİM/ISA_TEAM_2025-2026_ROS2/ros2_ws/install/otonom_arac/lib/python3.14/site-packages/otonom_arac/control_node.py to control_node.cpython-314.pyc
[0.335s] byte-compiling /Applications/PROJELERİM/ISA_TEAM_2025-2026_ROS2/ros2_ws/install/otonom_arac/lib/python3.14/site-packages/otonom_arac/lidar.py to lidar.cpython-314.pyc
[0.336s] byte-compiling /Applications/PROJELERİM/ISA_TEAM_2025-2026_ROS2/ros2_ws/install/otonom_arac/lib/python3.14/site-packages/otonom_arac/camera_node.py to camera_node.cpython-314.pyc
[0.337s] byte-compiling /Applications/PROJELERİM/ISA_TEAM_2025-2026_ROS2/ros2_ws/install/otonom_arac/lib/python3.14/site-packages/otonom_arac/info.py to info.cpython-314.pyc
[0.337s] byte-compiling /Applications/PROJELERİM/ISA_TEAM_2025-2026_ROS2/ros2_ws/install/otonom_arac/lib/python3.14/site-packages/otonom_arac/arduino.py to arduino.cpython-314.pyc
[0.338s] running install_data
[0.338s] copying resource/otonom_arac -> /Applications/PROJELERİM/ISA_TEAM_2025-2026_ROS2/ros2_ws/install/otonom_arac/share/ament_index/resource_index/packages
[0.338s] copying package.xml -> /Applications/PROJELERİM/ISA_TEAM_2025-2026_ROS2/ros2_ws/install/otonom_arac/share/otonom_arac
[0.338s] copying launch/otonom_arac_launch.py -> /Applications/PROJELERİM/ISA_TEAM_2025-2026_ROS2/ros2_ws/install/otonom_arac/share/otonom_arac/launch
[0.338s] running install_egg_info
[0.341s] Copying ../../build/otonom_arac/otonom_arac.egg-info to /Applications/PROJELERİM/ISA_TEAM_2025-2026_ROS2/ros2_ws/install/otonom_arac/lib/python3.14/site-packages/otonom_arac-0.0.0-py3.14.egg-info
[0.342s] running install_scripts
[0.358s] Installing camera_node script to /Applications/PROJELERİM/ISA_TEAM_2025-2026_ROS2/ros2_ws/install/otonom_arac/lib/otonom_arac
[0.358s] Installing control_node script to /Applications/PROJELERİM/ISA_TEAM_2025-2026_ROS2/ros2_ws/install/otonom_arac/lib/otonom_arac
[0.358s] Installing encoder_node script to /Applications/PROJELERİM/ISA_TEAM_2025-2026_ROS2/ros2_ws/install/otonom_arac/lib/otonom_arac
[0.358s] Installing lane_detection_node script to /Applications/PROJELERİM/ISA_TEAM_2025-2026_ROS2/ros2_ws/install/otonom_arac/lib/otonom_arac
[0.359s] Installing lidar_node script to /Applications/PROJELERİM/ISA_TEAM_2025-2026_ROS2/ros2_ws/install/otonom_arac/lib/otonom_arac
[0.359s] Installing object_detection_node script to /Applications/PROJELERİM/ISA_TEAM_2025-2026_ROS2/ros2_ws/install/otonom_arac/lib/otonom_arac
[0.359s] writing list of installed files to '/Applications/PROJELERİM/ISA_TEAM_2025-2026_ROS2/ros2_ws/build/otonom_arac/install.log'
[0.373s] Invoked command in '/Applications/PROJELERİM/ISA_TEAM_2025-2026_ROS2/ros2_ws/src/otonom_arac' returned '0': PYTHONPATH=/Applications/PROJELERİM/ISA_TEAM_2025-2026_ROS2/ros2_ws/build/otonom_arac/prefix_override:/Library/Frameworks/Python.framework/Versions/3.14/lib/python3.14/site-packages/colcon_core/task/python/colcon_distutils_commands:/Applications/PROJELERİM/ISA_TEAM_2025-2026_ROS2/ros2_ws/install/otonom_arac/lib/python3.14/site-packages: SHLVL=2 _=/usr/bin/env /Library/Frameworks/Python.framework/Versions/3.14/bin/python3.14 -W ignore:setup.py install is deprecated -W ignore:easy_install command is deprecated setup.py egg_info --egg-base ../../build/otonom_arac build --build-base /Applications/PROJELERİM/ISA_TEAM_2025-2026_ROS2/ros2_ws/build/otonom_arac/build install --record /Applications/PROJELERİM/ISA_TEAM_2025-2026_ROS2/ros2_ws/build/otonom_arac/install.log --single-version-externally-managed install_data
