[17.421s] Invoking command in '/workspace/ros2_ws/src/otonom_arac': PYTHONPATH=/workspace/ros2_ws/build/otonom_arac/prefix_override:/usr/lib/python3/dist-packages/colcon_core/task/python/colcon_distutils_commands:/workspace/ros2_ws/install/otonom_arac/lib/python3.12/site-packages:${PYTHONPATH} /usr/bin/python3 -W ignore:setup.py install is deprecated -W ignore:easy_install command is deprecated setup.py egg_info --egg-base ../../build/otonom_arac build --build-base /workspace/ros2_ws/build/otonom_arac/build install --record /workspace/ros2_ws/build/otonom_arac/install.log --single-version-externally-managed install_data
[20.658s] running egg_info
[20.737s] writing ../../build/otonom_arac/otonom_arac.egg-info/PKG-INFO
[20.746s] writing dependency_links to ../../build/otonom_arac/otonom_arac.egg-info/dependency_links.txt
[20.754s] writing entry points to ../../build/otonom_arac/otonom_arac.egg-info/entry_points.txt
[20.768s] writing requirements to ../../build/otonom_arac/otonom_arac.egg-info/requires.txt
[20.781s] writing top-level names to ../../build/otonom_arac/otonom_arac.egg-info/top_level.txt
[21.486s] reading manifest file '../../build/otonom_arac/otonom_arac.egg-info/SOURCES.txt'
[21.530s] writing manifest file '../../build/otonom_arac/otonom_arac.egg-info/SOURCES.txt'
[21.552s] running build
[21.590s] running build_py
[21.881s] copying otonom_arac/nodes/perception/lane_detection_node.py -> /workspace/ros2_ws/build/otonom_arac/build/lib/otonom_arac/nodes/perception
[22.047s] running install
[22.111s] running install_lib
[22.494s] copying /workspace/ros2_ws/build/otonom_arac/build/lib/otonom_arac/nodes/perception/lane_detection_node.py -> /workspace/ros2_ws/install/otonom_arac/lib/python3.12/site-packages/otonom_arac/nodes/perception
[22.910s] byte-compiling /workspace/ros2_ws/install/otonom_arac/lib/python3.12/site-packages/otonom_arac/nodes/perception/lane_detection_node.py to lane_detection_node.cpython-312.pyc
[23.189s] running install_data
[23.247s] running install_egg_info
[23.370s] removing '/workspace/ros2_ws/install/otonom_arac/lib/python3.12/site-packages/otonom_arac-0.0.0-py3.12.egg-info' (and everything under it)
[23.384s] Copying ../../build/otonom_arac/otonom_arac.egg-info to /workspace/ros2_ws/install/otonom_arac/lib/python3.12/site-packages/otonom_arac-0.0.0-py3.12.egg-info
[23.821s] running install_scripts
[25.877s] Installing camera_node script to /workspace/ros2_ws/install/otonom_arac/lib/otonom_arac
[25.887s] Installing control_node script to /workspace/ros2_ws/install/otonom_arac/lib/otonom_arac
[25.896s] Installing encoder_node script to /workspace/ros2_ws/install/otonom_arac/lib/otonom_arac
[25.922s] Installing joystick_node script to /workspace/ros2_ws/install/otonom_arac/lib/otonom_arac
[25.944s] Installing lane_detection_node script to /workspace/ros2_ws/install/otonom_arac/lib/otonom_arac
[25.946s] Installing lidar_node script to /workspace/ros2_ws/install/otonom_arac/lib/otonom_arac
[25.949s] Installing object_detection_node script to /workspace/ros2_ws/install/otonom_arac/lib/otonom_arac
[25.953s] Installing teensy_node script to /workspace/ros2_ws/install/otonom_arac/lib/otonom_arac
[25.956s] Installing video_player_node script to /workspace/ros2_ws/install/otonom_arac/lib/otonom_arac
[25.964s] Installing video_recorder_node script to /workspace/ros2_ws/install/otonom_arac/lib/otonom_arac
[26.118s] writing list of installed files to '/workspace/ros2_ws/build/otonom_arac/install.log'
[26.648s] Invoked command in '/workspace/ros2_ws/src/otonom_arac' returned '0': PYTHONPATH=/workspace/ros2_ws/build/otonom_arac/prefix_override:/usr/lib/python3/dist-packages/colcon_core/task/python/colcon_distutils_commands:/workspace/ros2_ws/install/otonom_arac/lib/python3.12/site-packages:${PYTHONPATH} /usr/bin/python3 -W ignore:setup.py install is deprecated -W ignore:easy_install command is deprecated setup.py egg_info --egg-base ../../build/otonom_arac build --build-base /workspace/ros2_ws/build/otonom_arac/build install --record /workspace/ros2_ws/build/otonom_arac/install.log --single-version-externally-managed install_data
