[0.305s] DEBUG:colcon:Command line arguments: ['/usr/bin/colcon', 'build', '--packages-select', 'otonom_arac']
[0.306s] DEBUG:colcon:Parsed command line arguments: Namespace(log_base=None, log_level=None, verb_name='build', build_base='build', install_base='install', merge_install=False, symlink_install=False, test_result_base=None, continue_on_error=False, executor='parallel', parallel_workers=10, event_handlers=None, ignore_user_meta=False, metas=['./colcon.meta'], base_paths=['.'], packages_ignore=None, packages_ignore_regex=None, paths=None, packages_up_to=None, packages_up_to_regex=None, packages_above=None, packages_above_and_dependencies=None, packages_above_depth=None, packages_select_by_dep=None, packages_skip_by_dep=None, packages_skip_up_to=None, packages_select_build_failed=False, packages_skip_build_finished=False, packages_select_test_failures=False, packages_skip_test_passed=False, packages_select=['otonom_arac'], packages_skip=None, packages_select_regex=None, packages_skip_regex=None, packages_start=None, packages_end=None, cmake_args=None, cmake_target=None, cmake_target_skip_unavailable=False, cmake_clean_cache=False, cmake_clean_first=False, cmake_force_configure=False, ament_cmake_args=None, catkin_cmake_args=None, catkin_skip_building_tests=False, mixin_files=None, mixin=None, verb_parser=<colcon_mixin.mixin.mixin_argument.MixinArgumentDecorator object at 0x7ffffe193ec0>, verb_extension=<colcon_core.verb.build.BuildVerb object at 0x7ffffe193c80>, main=<bound method BuildVerb.main of <colcon_core.verb.build.BuildVerb object at 0x7ffffe193c80>>, mixin_verb=('build',))
[0.399s] Level 1:colcon.colcon_core.package_discovery:discover_packages(colcon_meta) check parameters
[0.400s] INFO:colcon.colcon_metadata.package_discovery.colcon_meta:Using configuration from '/root/.colcon/metadata/default/Gazebo.meta'
[0.400s] INFO:colcon.colcon_metadata.package_discovery.colcon_meta:Using configuration from '/root/.colcon/metadata/default/fastdds.meta'
[0.401s] INFO:colcon.colcon_metadata.package_discovery.colcon_meta:Using configuration from '/root/.colcon/metadata/default/fastrtps.meta'
[0.401s] Level 1:colcon.colcon_core.package_discovery:discover_packages(recursive) check parameters
[0.401s] Level 1:colcon.colcon_core.package_discovery:discover_packages(ignore) check parameters
[0.401s] Level 1:colcon.colcon_core.package_discovery:discover_packages(path) check parameters
[0.401s] Level 1:colcon.colcon_core.package_discovery:discover_packages(colcon_meta) discover
[0.401s] Level 1:colcon.colcon_core.package_discovery:discover_packages(recursive) discover
[0.401s] INFO:colcon.colcon_core.package_discovery:Crawling recursively for packages in '/workspace/ros2_ws'
[0.401s] Level 1:colcon.colcon_core.package_identification:_identify(.) by extensions ['ignore', 'ignore_ament_install']
[0.402s] Level 1:colcon.colcon_core.package_identification:_identify(.) by extension 'ignore'
[0.402s] Level 1:colcon.colcon_core.package_identification:_identify(.) by extension 'ignore_ament_install'
[0.402s] Level 1:colcon.colcon_core.package_identification:_identify(.) by extensions ['colcon_pkg']
[0.402s] Level 1:colcon.colcon_core.package_identification:_identify(.) by extension 'colcon_pkg'
[0.402s] Level 1:colcon.colcon_core.package_identification:_identify(.) by extensions ['colcon_meta']
[0.402s] Level 1:colcon.colcon_core.package_identification:_identify(.) by extension 'colcon_meta'
[0.403s] Level 1:colcon.colcon_core.package_identification:_identify(.) by extensions ['ros']
[0.403s] Level 1:colcon.colcon_core.package_identification:_identify(.) by extension 'ros'
[0.458s] Level 1:colcon.colcon_core.package_identification:_identify(.) by extensions ['cmake', 'python']
[0.458s] Level 1:colcon.colcon_core.package_identification:_identify(.) by extension 'cmake'
[0.458s] Level 1:colcon.colcon_core.package_identification:_identify(.) by extension 'python'
[0.458s] Level 1:colcon.colcon_core.package_identification:_identify(.) by extensions ['python_setup_py']
[0.458s] Level 1:colcon.colcon_core.package_identification:_identify(.) by extension 'python_setup_py'
[0.458s] Level 1:colcon.colcon_core.package_identification:_identify(build) by extensions ['ignore', 'ignore_ament_install']
[0.459s] Level 1:colcon.colcon_core.package_identification:_identify(build) by extension 'ignore'
[0.459s] Level 1:colcon.colcon_core.package_identification:_identify(build) ignored
[0.459s] Level 1:colcon.colcon_core.package_identification:_identify(install) by extensions ['ignore', 'ignore_ament_install']
[0.459s] Level 1:colcon.colcon_core.package_identification:_identify(install) by extension 'ignore'
[0.459s] Level 1:colcon.colcon_core.package_identification:_identify(install) ignored
[0.461s] Level 1:colcon.colcon_core.package_identification:_identify(log) by extensions ['ignore', 'ignore_ament_install']
[0.461s] Level 1:colcon.colcon_core.package_identification:_identify(log) by extension 'ignore'
[0.461s] Level 1:colcon.colcon_core.package_identification:_identify(log) ignored
[0.462s] Level 1:colcon.colcon_core.package_identification:_identify(src) by extensions ['ignore', 'ignore_ament_install']
[0.462s] Level 1:colcon.colcon_core.package_identification:_identify(src) by extension 'ignore'
[0.462s] Level 1:colcon.colcon_core.package_identification:_identify(src) by extension 'ignore_ament_install'
[0.463s] Level 1:colcon.colcon_core.package_identification:_identify(src) by extensions ['colcon_pkg']
[0.463s] Level 1:colcon.colcon_core.package_identification:_identify(src) by extension 'colcon_pkg'
[0.463s] Level 1:colcon.colcon_core.package_identification:_identify(src) by extensions ['colcon_meta']
[0.463s] Level 1:colcon.colcon_core.package_identification:_identify(src) by extension 'colcon_meta'
[0.464s] Level 1:colcon.colcon_core.package_identification:_identify(src) by extensions ['ros']
[0.464s] Level 1:colcon.colcon_core.package_identification:_identify(src) by extension 'ros'
[0.464s] Level 1:colcon.colcon_core.package_identification:_identify(src) by extensions ['cmake', 'python']
[0.464s] Level 1:colcon.colcon_core.package_identification:_identify(src) by extension 'cmake'
[0.465s] Level 1:colcon.colcon_core.package_identification:_identify(src) by extension 'python'
[0.465s] Level 1:colcon.colcon_core.package_identification:_identify(src) by extensions ['python_setup_py']
[0.465s] Level 1:colcon.colcon_core.package_identification:_identify(src) by extension 'python_setup_py'
[0.466s] Level 1:colcon.colcon_core.package_identification:_identify(src/otonom_arac) by extensions ['ignore', 'ignore_ament_install']
[0.466s] Level 1:colcon.colcon_core.package_identification:_identify(src/otonom_arac) by extension 'ignore'
[0.466s] Level 1:colcon.colcon_core.package_identification:_identify(src/otonom_arac) by extension 'ignore_ament_install'
[0.467s] Level 1:colcon.colcon_core.package_identification:_identify(src/otonom_arac) by extensions ['colcon_pkg']
[0.467s] Level 1:colcon.colcon_core.package_identification:_identify(src/otonom_arac) by extension 'colcon_pkg'
[0.467s] Level 1:colcon.colcon_core.package_identification:_identify(src/otonom_arac) by extensions ['colcon_meta']
[0.467s] Level 1:colcon.colcon_core.package_identification:_identify(src/otonom_arac) by extension 'colcon_meta'
[0.467s] Level 1:colcon.colcon_core.package_identification:_identify(src/otonom_arac) by extensions ['ros']
[0.467s] Level 1:colcon.colcon_core.package_identification:_identify(src/otonom_arac) by extension 'ros'
[0.482s] DEBUG:colcon.colcon_core.package_identification:Package 'src/otonom_arac' with type 'ros.ament_python' and name 'otonom_arac'
[0.482s] Level 1:colcon.colcon_core.package_discovery:discover_packages(recursive) using defaults
[0.482s] Level 1:colcon.colcon_core.package_discovery:discover_packages(ignore) discover
[0.482s] Level 1:colcon.colcon_core.package_discovery:discover_packages(ignore) using defaults
[0.482s] Level 1:colcon.colcon_core.package_discovery:discover_packages(path) discover
[0.483s] Level 1:colcon.colcon_core.package_discovery:discover_packages(path) using defaults
[0.513s] Level 5:colcon.colcon_core.verb:set package 'otonom_arac' build argument 'cmake_args' from command line to 'None'
[0.518s] Level 5:colcon.colcon_core.verb:set package 'otonom_arac' build argument 'cmake_target' from command line to 'None'
[0.519s] Level 5:colcon.colcon_core.verb:set package 'otonom_arac' build argument 'cmake_target_skip_unavailable' from command line to 'False'
[0.519s] Level 5:colcon.colcon_core.verb:set package 'otonom_arac' build argument 'cmake_clean_cache' from command line to 'False'
[0.519s] Level 5:colcon.colcon_core.verb:set package 'otonom_arac' build argument 'cmake_clean_first' from command line to 'False'
[0.519s] Level 5:colcon.colcon_core.verb:set package 'otonom_arac' build argument 'cmake_force_configure' from command line to 'False'
[0.519s] Level 5:colcon.colcon_core.verb:set package 'otonom_arac' build argument 'ament_cmake_args' from command line to 'None'
[0.519s] Level 5:colcon.colcon_core.verb:set package 'otonom_arac' build argument 'catkin_cmake_args' from command line to 'None'
[0.519s] Level 5:colcon.colcon_core.verb:set package 'otonom_arac' build argument 'catkin_skip_building_tests' from command line to 'False'
[0.520s] DEBUG:colcon.colcon_core.verb:Building package 'otonom_arac' with the following arguments: {'ament_cmake_args': None, 'build_base': '/workspace/ros2_ws/build/otonom_arac', 'catkin_cmake_args': None, 'catkin_skip_building_tests': False, 'cmake_args': None, 'cmake_clean_cache': False, 'cmake_clean_first': False, 'cmake_force_configure': False, 'cmake_target': None, 'cmake_target_skip_unavailable': False, 'install_base': '/workspace/ros2_ws/install/otonom_arac', 'merge_install': False, 'path': '/workspace/ros2_ws/src/otonom_arac', 'symlink_install': False, 'test_result_base': None}
[0.520s] INFO:colcon.colcon_core.executor:Executing jobs using 'parallel' executor
[0.523s] DEBUG:colcon.colcon_parallel_executor.executor.parallel:run_until_complete
[0.524s] INFO:colcon.colcon_ros.task.ament_python.build:Building ROS package in '/workspace/ros2_ws/src/otonom_arac' with build type 'ament_python'
[0.524s] Level 1:colcon.colcon_core.shell:create_environment_hook('otonom_arac', 'ament_prefix_path')
[0.538s] INFO:colcon.colcon_core.plugin_system:Skipping extension 'colcon_core.shell.bat': Not used on non-Windows systems
[0.538s] INFO:colcon.colcon_core.shell:Creating environment hook '/workspace/ros2_ws/install/otonom_arac/share/otonom_arac/hook/ament_prefix_path.ps1'
[0.545s] INFO:colcon.colcon_core.shell:Creating environment descriptor '/workspace/ros2_ws/install/otonom_arac/share/otonom_arac/hook/ament_prefix_path.dsv'
[0.555s] INFO:colcon.colcon_core.shell:Creating environment hook '/workspace/ros2_ws/install/otonom_arac/share/otonom_arac/hook/ament_prefix_path.sh'
[0.558s] INFO:colcon.colcon_core.shell:Skip shell extension 'powershell' for command environment: Not usable outside of PowerShell
[0.558s] DEBUG:colcon.colcon_core.shell:Skip shell extension 'dsv' for command environment
[1.006s] INFO:colcon.colcon_core.task.python.build:Building Python package in '/workspace/ros2_ws/src/otonom_arac'
[1.007s] INFO:colcon.colcon_core.shell:Skip shell extension 'powershell' for command environment: Not usable outside of PowerShell
[1.008s] DEBUG:colcon.colcon_core.shell:Skip shell extension 'dsv' for command environment
[2.053s] DEBUG:colcon.colcon_core.event_handler.log_command:Invoking command in '/workspace/ros2_ws/src/otonom_arac': PYTHONPATH=/workspace/ros2_ws/build/otonom_arac/prefix_override:/usr/lib/python3/dist-packages/colcon_core/task/python/colcon_distutils_commands:/workspace/ros2_ws/install/otonom_arac/lib/python3.12/site-packages:${PYTHONPATH} /usr/bin/python3 -W ignore:setup.py install is deprecated -W ignore:easy_install command is deprecated setup.py egg_info --egg-base ../../build/otonom_arac build --build-base /workspace/ros2_ws/build/otonom_arac/build install --record /workspace/ros2_ws/build/otonom_arac/install.log --single-version-externally-managed install_data
[3.097s] DEBUG:colcon.colcon_core.event_handler.log_command:Invoked command in '/workspace/ros2_ws/src/otonom_arac' returned '0': PYTHONPATH=/workspace/ros2_ws/build/otonom_arac/prefix_override:/usr/lib/python3/dist-packages/colcon_core/task/python/colcon_distutils_commands:/workspace/ros2_ws/install/otonom_arac/lib/python3.12/site-packages:${PYTHONPATH} /usr/bin/python3 -W ignore:setup.py install is deprecated -W ignore:easy_install command is deprecated setup.py egg_info --egg-base ../../build/otonom_arac build --build-base /workspace/ros2_ws/build/otonom_arac/build install --record /workspace/ros2_ws/build/otonom_arac/install.log --single-version-externally-managed install_data
[3.121s] Level 1:colcon.colcon_core.environment:checking '/workspace/ros2_ws/install/otonom_arac' for CMake module files
[3.139s] Level 1:colcon.colcon_core.environment:checking '/workspace/ros2_ws/install/otonom_arac' for CMake config files
[3.191s] Level 1:colcon.colcon_core.environment:checking '/workspace/ros2_ws/install/otonom_arac/lib'
[3.194s] Level 1:colcon.colcon_core.environment:checking '/workspace/ros2_ws/install/otonom_arac/bin'
[3.195s] Level 1:colcon.colcon_core.environment:checking '/workspace/ros2_ws/install/otonom_arac/lib/pkgconfig/otonom_arac.pc'
[3.197s] Level 1:colcon.colcon_core.environment:checking '/workspace/ros2_ws/install/otonom_arac/lib/python3.12/site-packages'
[3.198s] Level 1:colcon.colcon_core.shell:create_environment_hook('otonom_arac', 'pythonpath')
[3.198s] INFO:colcon.colcon_core.shell:Creating environment hook '/workspace/ros2_ws/install/otonom_arac/share/otonom_arac/hook/pythonpath.ps1'
[3.205s] INFO:colcon.colcon_core.shell:Creating environment descriptor '/workspace/ros2_ws/install/otonom_arac/share/otonom_arac/hook/pythonpath.dsv'
[3.210s] INFO:colcon.colcon_core.shell:Creating environment hook '/workspace/ros2_ws/install/otonom_arac/share/otonom_arac/hook/pythonpath.sh'
[3.220s] Level 1:colcon.colcon_core.environment:checking '/workspace/ros2_ws/install/otonom_arac/bin'
[3.221s] Level 1:colcon.colcon_core.environment:create_environment_scripts_only(otonom_arac)
[3.222s] INFO:colcon.colcon_core.shell:Creating package script '/workspace/ros2_ws/install/otonom_arac/share/otonom_arac/package.ps1'
[3.231s] INFO:colcon.colcon_core.shell:Creating package descriptor '/workspace/ros2_ws/install/otonom_arac/share/otonom_arac/package.dsv'
[3.234s] INFO:colcon.colcon_core.shell:Creating package script '/workspace/ros2_ws/install/otonom_arac/share/otonom_arac/package.sh'
[3.240s] INFO:colcon.colcon_core.shell:Creating package script '/workspace/ros2_ws/install/otonom_arac/share/otonom_arac/package.bash'
[3.253s] INFO:colcon.colcon_core.shell:Creating package script '/workspace/ros2_ws/install/otonom_arac/share/otonom_arac/package.zsh'
[3.271s] Level 1:colcon.colcon_core.environment:create_file_with_runtime_dependencies(/workspace/ros2_ws/install/otonom_arac/share/colcon-core/packages/otonom_arac)
[3.278s] DEBUG:colcon.colcon_parallel_executor.executor.parallel:closing loop
[3.293s] DEBUG:colcon.colcon_parallel_executor.executor.parallel:loop closed
[3.296s] DEBUG:colcon.colcon_parallel_executor.executor.parallel:run_until_complete finished with '0'
[3.300s] DEBUG:colcon.colcon_core.event_reactor:joining thread
[3.382s] INFO:colcon.colcon_core.plugin_system:Skipping extension 'colcon_notification.desktop_notification.notify_send': Could not find 'notify-send'
[3.383s] INFO:colcon.colcon_core.plugin_system:Skipping extension 'colcon_notification.desktop_notification.terminal_notifier': Not used on non-Darwin systems
[3.383s] INFO:colcon.colcon_core.plugin_system:Skipping extension 'colcon_notification.desktop_notification.win32': Not used on non-Windows systems
[3.384s] INFO:colcon.colcon_notification.desktop_notification:Sending desktop notification using 'notify2'
[3.387s] DEBUG:colcon.colcon_notification.desktop_notification.notify2:Failed to initialize notify2: org.freedesktop.DBus.Error.NotSupported: Unable to autolaunch a dbus-daemon without a $DISPLAY for X11
[3.388s] DEBUG:colcon.colcon_core.event_reactor:joined thread
[3.390s] INFO:colcon.colcon_core.shell:Creating prefix script '/workspace/ros2_ws/install/local_setup.ps1'
[3.397s] INFO:colcon.colcon_core.shell:Creating prefix util module '/workspace/ros2_ws/install/_local_setup_util_ps1.py'
[3.404s] INFO:colcon.colcon_core.shell:Creating prefix chain script '/workspace/ros2_ws/install/setup.ps1'
[3.407s] INFO:colcon.colcon_core.shell:Creating prefix script '/workspace/ros2_ws/install/local_setup.sh'
[3.412s] INFO:colcon.colcon_core.shell:Creating prefix util module '/workspace/ros2_ws/install/_local_setup_util_sh.py'
[3.418s] INFO:colcon.colcon_core.shell:Creating prefix chain script '/workspace/ros2_ws/install/setup.sh'
[3.421s] INFO:colcon.colcon_core.shell:Creating prefix script '/workspace/ros2_ws/install/local_setup.bash'
[3.421s] INFO:colcon.colcon_core.shell:Creating prefix chain script '/workspace/ros2_ws/install/setup.bash'
[3.425s] INFO:colcon.colcon_core.shell:Creating prefix script '/workspace/ros2_ws/install/local_setup.zsh'
[3.433s] INFO:colcon.colcon_core.shell:Creating prefix chain script '/workspace/ros2_ws/install/setup.zsh'
