[1.754s] Invoking command in '/Users/faikaktss/ISA_TEAMM_2025-2026/ros2_ws/src/otonom_arac': CONDA_PROMPT_MODIFIER=(isa_env) PYTHONPATH=/Users/faikaktss/ISA_TEAMM_2025-2026/ros2_ws/build/otonom_arac/prefix_override:/opt/homebrew/Caskroom/miniforge/base/envs/isa_env/lib/python3.11/site-packages/colcon_core/task/python/colcon_distutils_commands:/Users/faikaktss/ISA_TEAMM_2025-2026/ros2_ws/install/otonom_arac/lib/python3.11/site-packages:${PYTHONPATH} SHLVL=2 _=/usr/bin/env /opt/homebrew/Caskroom/miniforge/base/envs/isa_env/bin/python3.11 -W ignore:setup.py install is deprecated -W ignore:easy_install command is deprecated setup.py egg_info --egg-base ../../build/otonom_arac build --build-base /Users/faikaktss/ISA_TEAMM_2025-2026/ros2_ws/build/otonom_arac/build install --record /Users/faikaktss/ISA_TEAMM_2025-2026/ros2_ws/build/otonom_arac/install.log --single-version-externally-managed install_data
[2.325s] /opt/homebrew/Caskroom/miniforge/base/envs/isa_env/lib/python3.11/site-packages/setuptools/_distutils/dist.py:289: UserWarning: Unknown distribution option: 'tests_require'
[2.325s]   warnings.warn(msg)
[2.589s] running egg_info
[2.638s] writing ../../build/otonom_arac/otonom_arac.egg-info/PKG-INFO
[2.638s] writing dependency_links to ../../build/otonom_arac/otonom_arac.egg-info/dependency_links.txt
[2.639s] writing entry points to ../../build/otonom_arac/otonom_arac.egg-info/entry_points.txt
[2.639s] writing requirements to ../../build/otonom_arac/otonom_arac.egg-info/requires.txt
[2.640s] writing top-level names to ../../build/otonom_arac/otonom_arac.egg-info/top_level.txt
[2.725s] reading manifest file '../../build/otonom_arac/otonom_arac.egg-info/SOURCES.txt'
[2.727s] writing manifest file '../../build/otonom_arac/otonom_arac.egg-info/SOURCES.txt'
[2.727s] running build
[2.727s] running build_py
[2.748s] copying otonom_arac/error.py -> /Users/faikaktss/ISA_TEAMM_2025-2026/ros2_ws/build/otonom_arac/build/lib/otonom_arac
[2.749s] copying otonom_arac/object_detection_node.py -> /Users/faikaktss/ISA_TEAMM_2025-2026/ros2_ws/build/otonom_arac/build/lib/otonom_arac
[2.749s] copying otonom_arac/lidar_node.py -> /Users/faikaktss/ISA_TEAMM_2025-2026/ros2_ws/build/otonom_arac/build/lib/otonom_arac
[2.749s] copying otonom_arac/__init__.py -> /Users/faikaktss/ISA_TEAMM_2025-2026/ros2_ws/build/otonom_arac/build/lib/otonom_arac
[2.749s] copying otonom_arac/LaneDetect.py -> /Users/faikaktss/ISA_TEAMM_2025-2026/ros2_ws/build/otonom_arac/build/lib/otonom_arac
[2.750s] copying otonom_arac/realsense.py -> /Users/faikaktss/ISA_TEAMM_2025-2026/ros2_ws/build/otonom_arac/build/lib/otonom_arac
[2.752s] copying otonom_arac/sonKararTabela.py -> /Users/faikaktss/ISA_TEAMM_2025-2026/ros2_ws/build/otonom_arac/build/lib/otonom_arac
[2.753s] copying otonom_arac/camera.py -> /Users/faikaktss/ISA_TEAMM_2025-2026/ros2_ws/build/otonom_arac/build/lib/otonom_arac
[2.755s] copying otonom_arac/utils.py -> /Users/faikaktss/ISA_TEAMM_2025-2026/ros2_ws/build/otonom_arac/build/lib/otonom_arac
[2.755s] copying otonom_arac/lane_detection_node.py -> /Users/faikaktss/ISA_TEAMM_2025-2026/ros2_ws/build/otonom_arac/build/lib/otonom_arac
[2.756s] copying otonom_arac/lidar.py -> /Users/faikaktss/ISA_TEAMM_2025-2026/ros2_ws/build/otonom_arac/build/lib/otonom_arac
[2.757s] copying otonom_arac/camera_node.py -> /Users/faikaktss/ISA_TEAMM_2025-2026/ros2_ws/build/otonom_arac/build/lib/otonom_arac
[2.757s] copying otonom_arac/info.py -> /Users/faikaktss/ISA_TEAMM_2025-2026/ros2_ws/build/otonom_arac/build/lib/otonom_arac
[2.758s] copying otonom_arac/arduino.py -> /Users/faikaktss/ISA_TEAMM_2025-2026/ros2_ws/build/otonom_arac/build/lib/otonom_arac
[2.759s] running install
[2.766s] running install_lib
[2.795s] copying /Users/faikaktss/ISA_TEAMM_2025-2026/ros2_ws/build/otonom_arac/build/lib/otonom_arac/lidar_node.py -> /Users/faikaktss/ISA_TEAMM_2025-2026/ros2_ws/install/otonom_arac/lib/python3.11/site-packages/otonom_arac
[2.798s] byte-compiling /Users/faikaktss/ISA_TEAMM_2025-2026/ros2_ws/install/otonom_arac/lib/python3.11/site-packages/otonom_arac/lidar_node.py to lidar_node.cpython-311.pyc
[2.799s] running install_data
[2.799s] copying resource/otonom_arac -> /Users/faikaktss/ISA_TEAMM_2025-2026/ros2_ws/install/otonom_arac/share/ament_index/resource_index/packages
[2.802s] copying package.xml -> /Users/faikaktss/ISA_TEAMM_2025-2026/ros2_ws/install/otonom_arac/share/otonom_arac
[2.803s] copying launch/otonom_arac_launch.py -> /Users/faikaktss/ISA_TEAMM_2025-2026/ros2_ws/install/otonom_arac/share/otonom_arac/launch
[2.803s] running install_egg_info
[2.836s] removing '/Users/faikaktss/ISA_TEAMM_2025-2026/ros2_ws/install/otonom_arac/lib/python3.11/site-packages/otonom_arac-0.0.0-py3.11.egg-info' (and everything under it)
[2.839s] Copying ../../build/otonom_arac/otonom_arac.egg-info to /Users/faikaktss/ISA_TEAMM_2025-2026/ros2_ws/install/otonom_arac/lib/python3.11/site-packages/otonom_arac-0.0.0-py3.11.egg-info
[2.854s] running install_scripts
[2.929s] Installing camera_node script to /Users/faikaktss/ISA_TEAMM_2025-2026/ros2_ws/install/otonom_arac/lib/otonom_arac
[2.929s] Installing lane_detection_node script to /Users/faikaktss/ISA_TEAMM_2025-2026/ros2_ws/install/otonom_arac/lib/otonom_arac
[2.929s] Installing lidar_node script to /Users/faikaktss/ISA_TEAMM_2025-2026/ros2_ws/install/otonom_arac/lib/otonom_arac
[2.936s] Installing object_detection_node script to /Users/faikaktss/ISA_TEAMM_2025-2026/ros2_ws/install/otonom_arac/lib/otonom_arac
[2.938s] writing list of installed files to '/Users/faikaktss/ISA_TEAMM_2025-2026/ros2_ws/build/otonom_arac/install.log'
[3.024s] Invoked command in '/Users/faikaktss/ISA_TEAMM_2025-2026/ros2_ws/src/otonom_arac' returned '0': CONDA_PROMPT_MODIFIER=(isa_env) PYTHONPATH=/Users/faikaktss/ISA_TEAMM_2025-2026/ros2_ws/build/otonom_arac/prefix_override:/opt/homebrew/Caskroom/miniforge/base/envs/isa_env/lib/python3.11/site-packages/colcon_core/task/python/colcon_distutils_commands:/Users/faikaktss/ISA_TEAMM_2025-2026/ros2_ws/install/otonom_arac/lib/python3.11/site-packages:${PYTHONPATH} SHLVL=2 _=/usr/bin/env /opt/homebrew/Caskroom/miniforge/base/envs/isa_env/bin/python3.11 -W ignore:setup.py install is deprecated -W ignore:easy_install command is deprecated setup.py egg_info --egg-base ../../build/otonom_arac build --build-base /Users/faikaktss/ISA_TEAMM_2025-2026/ros2_ws/build/otonom_arac/build install --record /Users/faikaktss/ISA_TEAMM_2025-2026/ros2_ws/build/otonom_arac/install.log --single-version-externally-managed install_data
