[-1771083360133973760.000s] DEBUG:colcon:Command line arguments: ['/Library/Frameworks/Python.framework/Versions/3.14/bin/colcon', 'build', '--packages-select', 'otonom_arac']
[-1771083360133973760.000s] DEBUG:colcon:Parsed command line arguments: Namespace(log_base=None, log_level=None, verb_name='build', build_base='build', install_base='install', merge_install=False, symlink_install=False, test_result_base=None, continue_on_error=False, executor='parallel', parallel_workers=10, event_handlers=None, ignore_user_meta=False, metas=['./colcon.meta'], base_paths=['.'], packages_ignore=None, packages_ignore_regex=None, paths=None, packages_up_to=None, packages_up_to_regex=None, packages_above=None, packages_above_and_dependencies=None, packages_above_depth=None, packages_select_by_dep=None, packages_skip_by_dep=None, packages_skip_up_to=None, packages_select_build_failed=False, packages_skip_build_finished=False, packages_select_test_failures=False, packages_skip_test_passed=False, packages_select=['otonom_arac'], packages_skip=None, packages_select_regex=None, packages_skip_regex=None, packages_start=None, packages_end=None, cmake_args=None, cmake_target=None, cmake_target_skip_unavailable=False, cmake_clean_cache=False, cmake_clean_first=False, cmake_force_configure=False, ament_cmake_args=None, catkin_cmake_args=None, catkin_skip_building_tests=False, verb_parser=<colcon_defaults.argument_parser.defaults.DefaultArgumentsDecorator object at 0x1070f7b10>, verb_extension=<colcon_core.verb.build.BuildVerb object at 0x10711e510>, main=<bound method BuildVerb.main of <colcon_core.verb.build.BuildVerb object at 0x10711e510>>)
[-1771083360133973760.000s] Level 1:colcon.colcon_core.package_discovery:discover_packages(colcon_meta) check parameters
[-1771083360133973760.000s] Level 1:colcon.colcon_core.package_discovery:discover_packages(recursive) check parameters
[-1771083360133973760.000s] Level 1:colcon.colcon_core.package_discovery:discover_packages(ignore) check parameters
[-1771083360133973760.000s] Level 1:colcon.colcon_core.package_discovery:discover_packages(path) check parameters
[-1771083360133973760.000s] Level 1:colcon.colcon_core.package_discovery:discover_packages(colcon_meta) discover
[-1771083360133973760.000s] Level 1:colcon.colcon_core.package_discovery:discover_packages(recursive) discover
[-1771083360133973760.000s] INFO:colcon.colcon_core.package_discovery:Crawling recursively for packages in '/Applications/PROJELERİM/ISA_TEAM_2025-2026_ROS2/ros2_ws'
[-1771083360133973760.000s] Level 1:colcon.colcon_core.package_identification:_identify(.) by extensions ['ignore', 'ignore_ament_install']
[-1771083360133973760.000s] Level 1:colcon.colcon_core.package_identification:_identify(.) by extension 'ignore'
[-1771083360133973760.000s] Level 1:colcon.colcon_core.package_identification:_identify(.) by extension 'ignore_ament_install'
[-1771083360133973760.000s] Level 1:colcon.colcon_core.package_identification:_identify(.) by extensions ['colcon_pkg']
[-1771083360133973760.000s] Level 1:colcon.colcon_core.package_identification:_identify(.) by extension 'colcon_pkg'
[-1771083360133973760.000s] Level 1:colcon.colcon_core.package_identification:_identify(.) by extensions ['colcon_meta']
[-1771083360133973760.000s] Level 1:colcon.colcon_core.package_identification:_identify(.) by extension 'colcon_meta'
[-1771083360133973760.000s] Level 1:colcon.colcon_core.package_identification:_identify(.) by extensions ['ros']
[-1771083360133973760.000s] Level 1:colcon.colcon_core.package_identification:_identify(.) by extension 'ros'
[-1771083360133973760.000s] Level 1:colcon.colcon_core.package_identification:_identify(.) by extensions ['cmake', 'python']
[-1771083360133973760.000s] Level 1:colcon.colcon_core.package_identification:_identify(.) by extension 'cmake'
[-1771083360133973760.000s] Level 1:colcon.colcon_core.package_identification:_identify(.) by extension 'python'
[-1771083360133973760.000s] Level 1:colcon.colcon_core.package_identification:_identify(.) by extensions ['python_setup_py']
[-1771083360133973760.000s] Level 1:colcon.colcon_core.package_identification:_identify(.) by extension 'python_setup_py'
[-1771083360133973760.000s] Level 1:colcon.colcon_core.package_identification:_identify(build) by extensions ['ignore', 'ignore_ament_install']
[-1771083360133973760.000s] Level 1:colcon.colcon_core.package_identification:_identify(build) by extension 'ignore'
[-1771083360133973760.000s] Level 1:colcon.colcon_core.package_identification:_identify(build) ignored
[-1771083360133973760.000s] Level 1:colcon.colcon_core.package_identification:_identify(install) by extensions ['ignore', 'ignore_ament_install']
[-1771083360133973760.000s] Level 1:colcon.colcon_core.package_identification:_identify(install) by extension 'ignore'
[-1771083360133973760.000s] Level 1:colcon.colcon_core.package_identification:_identify(install) ignored
[-1771083360133973760.000s] Level 1:colcon.colcon_core.package_identification:_identify(log) by extensions ['ignore', 'ignore_ament_install']
[-1771083360133973760.000s] Level 1:colcon.colcon_core.package_identification:_identify(log) by extension 'ignore'
[-1771083360133973760.000s] Level 1:colcon.colcon_core.package_identification:_identify(log) ignored
[-1771083360133973760.000s] Level 1:colcon.colcon_core.package_identification:_identify(src) by extensions ['ignore', 'ignore_ament_install']
[-1771083360133973760.000s] Level 1:colcon.colcon_core.package_identification:_identify(src) by extension 'ignore'
[-1771083360133973760.000s] Level 1:colcon.colcon_core.package_identification:_identify(src) by extension 'ignore_ament_install'
[-1771083360133973760.000s] Level 1:colcon.colcon_core.package_identification:_identify(src) by extensions ['colcon_pkg']
[-1771083360133973760.000s] Level 1:colcon.colcon_core.package_identification:_identify(src) by extension 'colcon_pkg'
[-1771083360133973760.000s] Level 1:colcon.colcon_core.package_identification:_identify(src) by extensions ['colcon_meta']
[-1771083360133973760.000s] Level 1:colcon.colcon_core.package_identification:_identify(src) by extension 'colcon_meta'
[-1771083360133973760.000s] Level 1:colcon.colcon_core.package_identification:_identify(src) by extensions ['ros']
[-1771083360133973760.000s] Level 1:colcon.colcon_core.package_identification:_identify(src) by extension 'ros'
[-1771083360133973760.000s] Level 1:colcon.colcon_core.package_identification:_identify(src) by extensions ['cmake', 'python']
[-1771083360133973760.000s] Level 1:colcon.colcon_core.package_identification:_identify(src) by extension 'cmake'
[-1771083360133973760.000s] Level 1:colcon.colcon_core.package_identification:_identify(src) by extension 'python'
[-1771083360133973760.000s] Level 1:colcon.colcon_core.package_identification:_identify(src) by extensions ['python_setup_py']
[-1771083360133973760.000s] Level 1:colcon.colcon_core.package_identification:_identify(src) by extension 'python_setup_py'
[-1771083360133973760.000s] Level 1:colcon.colcon_core.package_identification:_identify(src/otonom_arac) by extensions ['ignore', 'ignore_ament_install']
[-1771083360133973760.000s] Level 1:colcon.colcon_core.package_identification:_identify(src/otonom_arac) by extension 'ignore'
[-1771083360133973760.000s] Level 1:colcon.colcon_core.package_identification:_identify(src/otonom_arac) by extension 'ignore_ament_install'
[-1771083360133973760.000s] Level 1:colcon.colcon_core.package_identification:_identify(src/otonom_arac) by extensions ['colcon_pkg']
[-1771083360133973760.000s] Level 1:colcon.colcon_core.package_identification:_identify(src/otonom_arac) by extension 'colcon_pkg'
[-1771083360133973760.000s] Level 1:colcon.colcon_core.package_identification:_identify(src/otonom_arac) by extensions ['colcon_meta']
[-1771083360133973760.000s] Level 1:colcon.colcon_core.package_identification:_identify(src/otonom_arac) by extension 'colcon_meta'
[-1771083360133973760.000s] Level 1:colcon.colcon_core.package_identification:_identify(src/otonom_arac) by extensions ['ros']
[-1771083360133973760.000s] Level 1:colcon.colcon_core.package_identification:_identify(src/otonom_arac) by extension 'ros'
[-1771083360133973760.000s] DEBUG:colcon.colcon_core.package_identification:Package 'src/otonom_arac' with type 'ros.ament_python' and name 'otonom_arac'
[-1771083360133973760.000s] Level 1:colcon.colcon_core.package_discovery:discover_packages(recursive) using defaults
[-1771083360133973760.000s] Level 1:colcon.colcon_core.package_discovery:discover_packages(ignore) discover
[-1771083360133973760.000s] Level 1:colcon.colcon_core.package_discovery:discover_packages(ignore) using defaults
[-1771083360133973760.000s] Level 1:colcon.colcon_core.package_discovery:discover_packages(path) discover
[-1771083360133973760.000s] Level 1:colcon.colcon_core.package_discovery:discover_packages(path) using defaults
[-1771083360133973760.000s] Level 5:colcon.colcon_core.verb:set package 'otonom_arac' build argument 'cmake_args' from command line to 'None'
[-1771083360133973760.000s] Level 5:colcon.colcon_core.verb:set package 'otonom_arac' build argument 'cmake_target' from command line to 'None'
[-1771083360133973760.000s] Level 5:colcon.colcon_core.verb:set package 'otonom_arac' build argument 'cmake_target_skip_unavailable' from command line to 'False'
[-1771083360133973760.000s] Level 5:colcon.colcon_core.verb:set package 'otonom_arac' build argument 'cmake_clean_cache' from command line to 'False'
[-1771083360133973760.000s] Level 5:colcon.colcon_core.verb:set package 'otonom_arac' build argument 'cmake_clean_first' from command line to 'False'
[-1771083360133973760.000s] Level 5:colcon.colcon_core.verb:set package 'otonom_arac' build argument 'cmake_force_configure' from command line to 'False'
[-1771083360133973760.000s] Level 5:colcon.colcon_core.verb:set package 'otonom_arac' build argument 'ament_cmake_args' from command line to 'None'
[-1771083360133973760.000s] Level 5:colcon.colcon_core.verb:set package 'otonom_arac' build argument 'catkin_cmake_args' from command line to 'None'
[-1771083360133973760.000s] Level 5:colcon.colcon_core.verb:set package 'otonom_arac' build argument 'catkin_skip_building_tests' from command line to 'False'
[-1771083360133973760.000s] DEBUG:colcon.colcon_core.verb:Building package 'otonom_arac' with the following arguments: {'ament_cmake_args': None, 'build_base': '/Applications/PROJELERİM/ISA_TEAM_2025-2026_ROS2/ros2_ws/build/otonom_arac', 'catkin_cmake_args': None, 'catkin_skip_building_tests': False, 'cmake_args': None, 'cmake_clean_cache': False, 'cmake_clean_first': False, 'cmake_force_configure': False, 'cmake_target': None, 'cmake_target_skip_unavailable': False, 'install_base': '/Applications/PROJELERİM/ISA_TEAM_2025-2026_ROS2/ros2_ws/install/otonom_arac', 'merge_install': False, 'path': '/Applications/PROJELERİM/ISA_TEAM_2025-2026_ROS2/ros2_ws/src/otonom_arac', 'symlink_install': False, 'test_result_base': None}
[-1771083360133973760.000s] INFO:colcon.colcon_core.executor:Executing jobs using 'parallel' executor
[-1771083360133973760.000s] DEBUG:colcon.colcon_parallel_executor.executor.parallel:run_until_complete
[-1771083360133973760.000s] INFO:colcon.colcon_ros.task.ament_python.build:Building ROS package in '/Applications/PROJELERİM/ISA_TEAM_2025-2026_ROS2/ros2_ws/src/otonom_arac' with build type 'ament_python'
[-1771083360133973760.000s] Level 1:colcon.colcon_core.shell:create_environment_hook('otonom_arac', 'ament_prefix_path')
[-1771083360133973760.000s] INFO:colcon.colcon_core.plugin_system:Skipping extension 'colcon_core.shell.bat': Not used on non-Windows systems
[-1771083360133973760.000s] INFO:colcon.colcon_core.shell:Creating environment hook '/Applications/PROJELERİM/ISA_TEAM_2025-2026_ROS2/ros2_ws/install/otonom_arac/share/otonom_arac/hook/ament_prefix_path.ps1'
[-1771083360133973760.000s] INFO:colcon.colcon_core.shell:Creating environment descriptor '/Applications/PROJELERİM/ISA_TEAM_2025-2026_ROS2/ros2_ws/install/otonom_arac/share/otonom_arac/hook/ament_prefix_path.dsv'
[-1771083360133973760.000s] INFO:colcon.colcon_core.shell:Creating environment hook '/Applications/PROJELERİM/ISA_TEAM_2025-2026_ROS2/ros2_ws/install/otonom_arac/share/otonom_arac/hook/ament_prefix_path.sh'
[-1771083360133973760.000s] INFO:colcon.colcon_core.shell:Skip shell extension 'powershell' for command environment: Not usable outside of PowerShell
[-1771083360133973760.000s] DEBUG:colcon.colcon_core.shell:Skip shell extension 'dsv' for command environment
[-1771083360133973760.000s] INFO:colcon.colcon_core.task.python.build:Building Python package in '/Applications/PROJELERİM/ISA_TEAM_2025-2026_ROS2/ros2_ws/src/otonom_arac'
[-1771083360133973760.000s] INFO:colcon.colcon_core.shell:Skip shell extension 'powershell' for command environment: Not usable outside of PowerShell
[-1771083360133973760.000s] DEBUG:colcon.colcon_core.shell:Skip shell extension 'dsv' for command environment
[-1771083360133973760.000s] DEBUG:colcon.colcon_core.event_handler.log_command:Invoking command in '/Applications/PROJELERİM/ISA_TEAM_2025-2026_ROS2/ros2_ws/src/otonom_arac': PYTHONPATH=/Applications/PROJELERİM/ISA_TEAM_2025-2026_ROS2/ros2_ws/build/otonom_arac/prefix_override:/Library/Frameworks/Python.framework/Versions/3.14/lib/python3.14/site-packages/colcon_core/task/python/colcon_distutils_commands:/Applications/PROJELERİM/ISA_TEAM_2025-2026_ROS2/ros2_ws/install/otonom_arac/lib/python3.14/site-packages: SHLVL=2 _=/usr/bin/env /Library/Frameworks/Python.framework/Versions/3.14/bin/python3.14 -W ignore:setup.py install is deprecated -W ignore:easy_install command is deprecated setup.py egg_info --egg-base ../../build/otonom_arac build --build-base /Applications/PROJELERİM/ISA_TEAM_2025-2026_ROS2/ros2_ws/build/otonom_arac/build install --record /Applications/PROJELERİM/ISA_TEAM_2025-2026_ROS2/ros2_ws/build/otonom_arac/install.log --single-version-externally-managed install_data
[-1771083360133973760.000s] DEBUG:colcon.colcon_core.event_handler.log_command:Invoked command in '/Applications/PROJELERİM/ISA_TEAM_2025-2026_ROS2/ros2_ws/src/otonom_arac' returned '0': PYTHONPATH=/Applications/PROJELERİM/ISA_TEAM_2025-2026_ROS2/ros2_ws/build/otonom_arac/prefix_override:/Library/Frameworks/Python.framework/Versions/3.14/lib/python3.14/site-packages/colcon_core/task/python/colcon_distutils_commands:/Applications/PROJELERİM/ISA_TEAM_2025-2026_ROS2/ros2_ws/install/otonom_arac/lib/python3.14/site-packages: SHLVL=2 _=/usr/bin/env /Library/Frameworks/Python.framework/Versions/3.14/bin/python3.14 -W ignore:setup.py install is deprecated -W ignore:easy_install command is deprecated setup.py egg_info --egg-base ../../build/otonom_arac build --build-base /Applications/PROJELERİM/ISA_TEAM_2025-2026_ROS2/ros2_ws/build/otonom_arac/build install --record /Applications/PROJELERİM/ISA_TEAM_2025-2026_ROS2/ros2_ws/build/otonom_arac/install.log --single-version-externally-managed install_data
[-1771083360133973760.000s] Level 1:colcon.colcon_core.environment:checking '/Applications/PROJELERİM/ISA_TEAM_2025-2026_ROS2/ros2_ws/install/otonom_arac' for CMake module files
[-1771083360133973760.000s] Level 1:colcon.colcon_core.environment:checking '/Applications/PROJELERİM/ISA_TEAM_2025-2026_ROS2/ros2_ws/install/otonom_arac' for CMake config files
[-1771083360133973760.000s] Level 1:colcon.colcon_core.environment:checking '/Applications/PROJELERİM/ISA_TEAM_2025-2026_ROS2/ros2_ws/install/otonom_arac/lib'
[-1771083360133973760.000s] Level 1:colcon.colcon_core.environment:checking '/Applications/PROJELERİM/ISA_TEAM_2025-2026_ROS2/ros2_ws/install/otonom_arac/bin'
[-1771083360133973760.000s] Level 1:colcon.colcon_core.environment:checking '/Applications/PROJELERİM/ISA_TEAM_2025-2026_ROS2/ros2_ws/install/otonom_arac/lib/pkgconfig/otonom_arac.pc'
[-1771083360133973760.000s] Level 1:colcon.colcon_core.environment:checking '/Applications/PROJELERİM/ISA_TEAM_2025-2026_ROS2/ros2_ws/install/otonom_arac/lib/python3.14/site-packages'
[-1771083360133973760.000s] Level 1:colcon.colcon_core.shell:create_environment_hook('otonom_arac', 'pythonpath')
[-1771083360133973760.000s] INFO:colcon.colcon_core.shell:Creating environment hook '/Applications/PROJELERİM/ISA_TEAM_2025-2026_ROS2/ros2_ws/install/otonom_arac/share/otonom_arac/hook/pythonpath.ps1'
[-1771083360133973760.000s] INFO:colcon.colcon_core.shell:Creating environment descriptor '/Applications/PROJELERİM/ISA_TEAM_2025-2026_ROS2/ros2_ws/install/otonom_arac/share/otonom_arac/hook/pythonpath.dsv'
[-1771083360133973760.000s] INFO:colcon.colcon_core.shell:Creating environment hook '/Applications/PROJELERİM/ISA_TEAM_2025-2026_ROS2/ros2_ws/install/otonom_arac/share/otonom_arac/hook/pythonpath.sh'
[-1771083360133973760.000s] Level 1:colcon.colcon_core.environment:checking '/Applications/PROJELERİM/ISA_TEAM_2025-2026_ROS2/ros2_ws/install/otonom_arac/bin'
[-1771083360133973760.000s] Level 1:colcon.colcon_core.environment:create_environment_scripts_only(otonom_arac)
[-1771083360133973760.000s] INFO:colcon.colcon_core.shell:Creating package script '/Applications/PROJELERİM/ISA_TEAM_2025-2026_ROS2/ros2_ws/install/otonom_arac/share/otonom_arac/package.ps1'
[-1771083360133973760.000s] INFO:colcon.colcon_core.shell:Creating package descriptor '/Applications/PROJELERİM/ISA_TEAM_2025-2026_ROS2/ros2_ws/install/otonom_arac/share/otonom_arac/package.dsv'
[-1771083360133973760.000s] INFO:colcon.colcon_core.shell:Creating package script '/Applications/PROJELERİM/ISA_TEAM_2025-2026_ROS2/ros2_ws/install/otonom_arac/share/otonom_arac/package.sh'
[-1771083360133973760.000s] INFO:colcon.colcon_core.shell:Creating package script '/Applications/PROJELERİM/ISA_TEAM_2025-2026_ROS2/ros2_ws/install/otonom_arac/share/otonom_arac/package.bash'
[-1771083360133973760.000s] INFO:colcon.colcon_core.shell:Creating package script '/Applications/PROJELERİM/ISA_TEAM_2025-2026_ROS2/ros2_ws/install/otonom_arac/share/otonom_arac/package.zsh'
[-1771083360133973760.000s] Level 1:colcon.colcon_core.environment:create_file_with_runtime_dependencies(/Applications/PROJELERİM/ISA_TEAM_2025-2026_ROS2/ros2_ws/install/otonom_arac/share/colcon-core/packages/otonom_arac)
[-1771083360133973760.000s] DEBUG:colcon.colcon_parallel_executor.executor.parallel:closing loop
[-1771083360133973760.000s] DEBUG:colcon.colcon_parallel_executor.executor.parallel:loop closed
[-1771083360133973760.000s] DEBUG:colcon.colcon_parallel_executor.executor.parallel:run_until_complete finished with '0'
[-1771083360133973760.000s] DEBUG:colcon.colcon_core.event_reactor:joining thread
[-1771083360133973760.000s] INFO:colcon.colcon_core.plugin_system:Skipping extension 'colcon_notification.desktop_notification.notify2': 'notify2' not found
[-1771083360133973760.000s] INFO:colcon.colcon_core.plugin_system:Skipping extension 'colcon_notification.desktop_notification.notify_send': Not used on non-Linux systems
[-1771083360133973760.000s] INFO:colcon.colcon_core.plugin_system:Skipping extension 'colcon_notification.desktop_notification.win32': Not used on non-Windows systems
[-1771083360133973760.000s] INFO:colcon.colcon_notification.desktop_notification:Sending desktop notification using 'terminal_notifier'
[-1771083360133973760.000s] DEBUG:colcon.colcon_core.event_reactor:joined thread
[-1771083360133973760.000s] INFO:colcon.colcon_core.shell:Creating prefix script '/Applications/PROJELERİM/ISA_TEAM_2025-2026_ROS2/ros2_ws/install/local_setup.ps1'
[-1771083360133973760.000s] INFO:colcon.colcon_core.shell:Creating prefix util module '/Applications/PROJELERİM/ISA_TEAM_2025-2026_ROS2/ros2_ws/install/_local_setup_util_ps1.py'
[-1771083360133973760.000s] INFO:colcon.colcon_core.shell:Creating prefix chain script '/Applications/PROJELERİM/ISA_TEAM_2025-2026_ROS2/ros2_ws/install/setup.ps1'
[-1771083360133973760.000s] INFO:colcon.colcon_core.shell:Creating prefix script '/Applications/PROJELERİM/ISA_TEAM_2025-2026_ROS2/ros2_ws/install/local_setup.sh'
[-1771083360133973760.000s] INFO:colcon.colcon_core.shell:Creating prefix util module '/Applications/PROJELERİM/ISA_TEAM_2025-2026_ROS2/ros2_ws/install/_local_setup_util_sh.py'
[-1771083360133973760.000s] INFO:colcon.colcon_core.shell:Creating prefix chain script '/Applications/PROJELERİM/ISA_TEAM_2025-2026_ROS2/ros2_ws/install/setup.sh'
[-1771083360133973760.000s] INFO:colcon.colcon_core.shell:Creating prefix script '/Applications/PROJELERİM/ISA_TEAM_2025-2026_ROS2/ros2_ws/install/local_setup.bash'
[-1771083360133973760.000s] INFO:colcon.colcon_core.shell:Creating prefix chain script '/Applications/PROJELERİM/ISA_TEAM_2025-2026_ROS2/ros2_ws/install/setup.bash'
[-1771083360133973760.000s] INFO:colcon.colcon_core.shell:Creating prefix script '/Applications/PROJELERİM/ISA_TEAM_2025-2026_ROS2/ros2_ws/install/local_setup.zsh'
[-1771083360133973760.000s] INFO:colcon.colcon_core.shell:Creating prefix chain script '/Applications/PROJELERİM/ISA_TEAM_2025-2026_ROS2/ros2_ws/install/setup.zsh'
