[1.278s] Invoking command in '/workspace/ros2_ws/src/otonom_arac': PYTHONPATH=/workspace/ros2_ws/build/otonom_arac/prefix_override:/usr/lib/python3/dist-packages/colcon_core/task/python/colcon_distutils_commands:/workspace/ros2_ws/install/otonom_arac/lib/python3.12/site-packages:${PYTHONPATH} /usr/bin/python3 -W ignore:setup.py install is deprecated -W ignore:easy_install command is deprecated setup.py egg_info --egg-base ../../build/otonom_arac build --build-base /workspace/ros2_ws/build/otonom_arac/build install --record /workspace/ros2_ws/build/otonom_arac/install.log --single-version-externally-managed install_data
[1.721s] running egg_info
[1.756s] writing ../../build/otonom_arac/otonom_arac.egg-info/PKG-INFO
[1.760s] writing dependency_links to ../../build/otonom_arac/otonom_arac.egg-info/dependency_links.txt
[1.762s] writing entry points to ../../build/otonom_arac/otonom_arac.egg-info/entry_points.txt
[1.765s] writing requirements to ../../build/otonom_arac/otonom_arac.egg-info/requires.txt
[1.772s] writing top-level names to ../../build/otonom_arac/otonom_arac.egg-info/top_level.txt
[1.844s] reading manifest file '../../build/otonom_arac/otonom_arac.egg-info/SOURCES.txt'
[1.851s] writing manifest file '../../build/otonom_arac/otonom_arac.egg-info/SOURCES.txt'
[1.853s] running build
[1.854s] running build_py
[1.865s] copying otonom_arac/nodes/perception/object_detection_node.py -> /workspace/ros2_ws/build/otonom_arac/build/lib/otonom_arac/nodes/perception
[1.870s] copying otonom_arac/nodes/perception/lane_detection_node.py -> /workspace/ros2_ws/build/otonom_arac/build/lib/otonom_arac/nodes/perception
[1.881s] running install
[1.890s] running install_lib
[1.913s] copying /workspace/ros2_ws/build/otonom_arac/build/lib/otonom_arac/nodes/perception/object_detection_node.py -> /workspace/ros2_ws/install/otonom_arac/lib/python3.12/site-packages/otonom_arac/nodes/perception
[1.916s] copying /workspace/ros2_ws/build/otonom_arac/build/lib/otonom_arac/nodes/perception/lane_detection_node.py -> /workspace/ros2_ws/install/otonom_arac/lib/python3.12/site-packages/otonom_arac/nodes/perception
[1.923s] byte-compiling /workspace/ros2_ws/install/otonom_arac/lib/python3.12/site-packages/otonom_arac/nodes/perception/object_detection_node.py to object_detection_node.cpython-312.pyc
[1.930s] byte-compiling /workspace/ros2_ws/install/otonom_arac/lib/python3.12/site-packages/otonom_arac/nodes/perception/lane_detection_node.py to lane_detection_node.cpython-312.pyc
[1.942s] running install_data
[1.944s] running install_egg_info
[1.955s] removing '/workspace/ros2_ws/install/otonom_arac/lib/python3.12/site-packages/otonom_arac-0.0.0-py3.12.egg-info' (and everything under it)
[1.957s] Copying ../../build/otonom_arac/otonom_arac.egg-info to /workspace/ros2_ws/install/otonom_arac/lib/python3.12/site-packages/otonom_arac-0.0.0-py3.12.egg-info
[1.973s] running install_scripts
[2.088s] Installing camera_node script to /workspace/ros2_ws/install/otonom_arac/lib/otonom_arac
[2.089s] Installing control_node script to /workspace/ros2_ws/install/otonom_arac/lib/otonom_arac
[2.091s] Installing encoder_node script to /workspace/ros2_ws/install/otonom_arac/lib/otonom_arac
[2.092s] Installing joystick_node script to /workspace/ros2_ws/install/otonom_arac/lib/otonom_arac
[2.094s] Installing lane_detection_node script to /workspace/ros2_ws/install/otonom_arac/lib/otonom_arac
[2.095s] Installing lidar_node script to /workspace/ros2_ws/install/otonom_arac/lib/otonom_arac
[2.097s] Installing object_detection_node script to /workspace/ros2_ws/install/otonom_arac/lib/otonom_arac
[2.097s] Installing teensy_node script to /workspace/ros2_ws/install/otonom_arac/lib/otonom_arac
[2.098s] Installing video_player_node script to /workspace/ros2_ws/install/otonom_arac/lib/otonom_arac
[2.104s] writing list of installed files to '/workspace/ros2_ws/build/otonom_arac/install.log'
[2.168s] Invoked command in '/workspace/ros2_ws/src/otonom_arac' returned '0': PYTHONPATH=/workspace/ros2_ws/build/otonom_arac/prefix_override:/usr/lib/python3/dist-packages/colcon_core/task/python/colcon_distutils_commands:/workspace/ros2_ws/install/otonom_arac/lib/python3.12/site-packages:${PYTHONPATH} /usr/bin/python3 -W ignore:setup.py install is deprecated -W ignore:easy_install command is deprecated setup.py egg_info --egg-base ../../build/otonom_arac build --build-base /workspace/ros2_ws/build/otonom_arac/build install --record /workspace/ros2_ws/build/otonom_arac/install.log --single-version-externally-managed install_data
