[4.063s] Invoking command in '/workspace/ros2_ws/src/otonom_arac': PYTHONPATH=/workspace/ros2_ws/build/otonom_arac/prefix_override:/usr/lib/python3/dist-packages/colcon_core/task/python/colcon_distutils_commands:/workspace/ros2_ws/install/otonom_arac/lib/python3.12/site-packages: /usr/bin/python3 -W ignore:setup.py install is deprecated -W ignore:easy_install command is deprecated setup.py egg_info --egg-base ../../build/otonom_arac build --build-base /workspace/ros2_ws/build/otonom_arac/build install --record /workspace/ros2_ws/build/otonom_arac/install.log --single-version-externally-managed install_data
[5.218s] running egg_info
[5.273s] writing ../../build/otonom_arac/otonom_arac.egg-info/PKG-INFO
[5.306s] writing dependency_links to ../../build/otonom_arac/otonom_arac.egg-info/dependency_links.txt
[5.368s] writing entry points to ../../build/otonom_arac/otonom_arac.egg-info/entry_points.txt
[5.390s] writing requirements to ../../build/otonom_arac/otonom_arac.egg-info/requires.txt
[5.429s] writing top-level names to ../../build/otonom_arac/otonom_arac.egg-info/top_level.txt
[5.583s] reading manifest file '../../build/otonom_arac/otonom_arac.egg-info/SOURCES.txt'
[5.603s] writing manifest file '../../build/otonom_arac/otonom_arac.egg-info/SOURCES.txt'
[5.613s] running build
[5.625s] running build_py
[5.682s] copying otonom_arac/nodes/perception/lane_detection_node.py -> /workspace/ros2_ws/build/otonom_arac/build/lib/otonom_arac/nodes/perception
[5.861s] running install
[5.893s] running install_lib
[6.034s] copying /workspace/ros2_ws/build/otonom_arac/build/lib/otonom_arac/nodes/perception/lane_detection_node.py -> /workspace/ros2_ws/install/otonom_arac/lib/python3.12/site-packages/otonom_arac/nodes/perception
[6.070s] byte-compiling /workspace/ros2_ws/install/otonom_arac/lib/python3.12/site-packages/otonom_arac/nodes/perception/lane_detection_node.py to lane_detection_node.cpython-312.pyc
[6.137s] running install_data
[6.162s] running install_egg_info
[6.194s] removing '/workspace/ros2_ws/install/otonom_arac/lib/python3.12/site-packages/otonom_arac-0.0.0-py3.12.egg-info' (and everything under it)
[6.225s] Copying ../../build/otonom_arac/otonom_arac.egg-info to /workspace/ros2_ws/install/otonom_arac/lib/python3.12/site-packages/otonom_arac-0.0.0-py3.12.egg-info
[6.558s] running install_scripts
[7.269s] Installing camera_node script to /workspace/ros2_ws/install/otonom_arac/lib/otonom_arac
[7.272s] Installing control_node script to /workspace/ros2_ws/install/otonom_arac/lib/otonom_arac
[7.275s] Installing encoder_node script to /workspace/ros2_ws/install/otonom_arac/lib/otonom_arac
[7.284s] Installing joystick_node script to /workspace/ros2_ws/install/otonom_arac/lib/otonom_arac
[7.289s] Installing lane_detection_node script to /workspace/ros2_ws/install/otonom_arac/lib/otonom_arac
[7.294s] Installing lidar_node script to /workspace/ros2_ws/install/otonom_arac/lib/otonom_arac
[7.302s] Installing object_detection_node script to /workspace/ros2_ws/install/otonom_arac/lib/otonom_arac
[7.325s] Installing teensy_node script to /workspace/ros2_ws/install/otonom_arac/lib/otonom_arac
[7.333s] Installing video_player_node script to /workspace/ros2_ws/install/otonom_arac/lib/otonom_arac
[7.386s] writing list of installed files to '/workspace/ros2_ws/build/otonom_arac/install.log'
[7.568s] Invoked command in '/workspace/ros2_ws/src/otonom_arac' returned '0': PYTHONPATH=/workspace/ros2_ws/build/otonom_arac/prefix_override:/usr/lib/python3/dist-packages/colcon_core/task/python/colcon_distutils_commands:/workspace/ros2_ws/install/otonom_arac/lib/python3.12/site-packages: /usr/bin/python3 -W ignore:setup.py install is deprecated -W ignore:easy_install command is deprecated setup.py egg_info --egg-base ../../build/otonom_arac build --build-base /workspace/ros2_ws/build/otonom_arac/build install --record /workspace/ros2_ws/build/otonom_arac/install.log --single-version-externally-managed install_data
