[10.394s] Invoking command in '/workspace/ros2_ws/src/otonom_arac': PYTHONPATH=/workspace/ros2_ws/build/otonom_arac/prefix_override:/usr/lib/python3/dist-packages/colcon_core/task/python/colcon_distutils_commands:/workspace/ros2_ws/install/otonom_arac/lib/python3.12/site-packages:${PYTHONPATH} /usr/bin/python3 -W ignore:setup.py install is deprecated -W ignore:easy_install command is deprecated setup.py egg_info --egg-base ../../build/otonom_arac build --build-base /workspace/ros2_ws/build/otonom_arac/build install --record /workspace/ros2_ws/build/otonom_arac/install.log --single-version-externally-managed install_data
[13.899s] running egg_info
[14.008s] writing ../../build/otonom_arac/otonom_arac.egg-info/PKG-INFO
[14.061s] writing dependency_links to ../../build/otonom_arac/otonom_arac.egg-info/dependency_links.txt
[14.125s] writing entry points to ../../build/otonom_arac/otonom_arac.egg-info/entry_points.txt
[14.184s] writing requirements to ../../build/otonom_arac/otonom_arac.egg-info/requires.txt
[14.216s] writing top-level names to ../../build/otonom_arac/otonom_arac.egg-info/top_level.txt
[14.908s] reading manifest file '../../build/otonom_arac/otonom_arac.egg-info/SOURCES.txt'
[14.926s] writing manifest file '../../build/otonom_arac/otonom_arac.egg-info/SOURCES.txt'
[14.933s] running build
[14.944s] running build_py
[15.064s] copying otonom_arac/nodes/perception/lane_detection_node.py -> /workspace/ros2_ws/build/otonom_arac/build/lib/otonom_arac/nodes/perception
[15.157s] running install
[15.231s] running install_lib
[15.401s] copying /workspace/ros2_ws/build/otonom_arac/build/lib/otonom_arac/nodes/perception/lane_detection_node.py -> /workspace/ros2_ws/install/otonom_arac/lib/python3.12/site-packages/otonom_arac/nodes/perception
[15.519s] byte-compiling /workspace/ros2_ws/install/otonom_arac/lib/python3.12/site-packages/otonom_arac/nodes/perception/lane_detection_node.py to lane_detection_node.cpython-312.pyc
[15.689s] running install_data
[15.712s] running install_egg_info
[15.921s] removing '/workspace/ros2_ws/install/otonom_arac/lib/python3.12/site-packages/otonom_arac-0.0.0-py3.12.egg-info' (and everything under it)
[15.982s] Copying ../../build/otonom_arac/otonom_arac.egg-info to /workspace/ros2_ws/install/otonom_arac/lib/python3.12/site-packages/otonom_arac-0.0.0-py3.12.egg-info
[16.250s] running install_scripts
[17.739s] Installing camera_node script to /workspace/ros2_ws/install/otonom_arac/lib/otonom_arac
[17.755s] Installing control_node script to /workspace/ros2_ws/install/otonom_arac/lib/otonom_arac
[17.771s] Installing encoder_node script to /workspace/ros2_ws/install/otonom_arac/lib/otonom_arac
[17.810s] Installing joystick_node script to /workspace/ros2_ws/install/otonom_arac/lib/otonom_arac
[17.830s] Installing lane_detection_node script to /workspace/ros2_ws/install/otonom_arac/lib/otonom_arac
[17.867s] Installing lidar_node script to /workspace/ros2_ws/install/otonom_arac/lib/otonom_arac
[17.898s] Installing object_detection_node script to /workspace/ros2_ws/install/otonom_arac/lib/otonom_arac
[18.053s] Installing teensy_node script to /workspace/ros2_ws/install/otonom_arac/lib/otonom_arac
[18.101s] Installing video_player_node script to /workspace/ros2_ws/install/otonom_arac/lib/otonom_arac
[18.137s] Installing video_recorder_node script to /workspace/ros2_ws/install/otonom_arac/lib/otonom_arac
[18.405s] writing list of installed files to '/workspace/ros2_ws/build/otonom_arac/install.log'
[19.511s] Invoked command in '/workspace/ros2_ws/src/otonom_arac' returned '0': PYTHONPATH=/workspace/ros2_ws/build/otonom_arac/prefix_override:/usr/lib/python3/dist-packages/colcon_core/task/python/colcon_distutils_commands:/workspace/ros2_ws/install/otonom_arac/lib/python3.12/site-packages:${PYTHONPATH} /usr/bin/python3 -W ignore:setup.py install is deprecated -W ignore:easy_install command is deprecated setup.py egg_info --egg-base ../../build/otonom_arac build --build-base /workspace/ros2_ws/build/otonom_arac/build install --record /workspace/ros2_ws/build/otonom_arac/install.log --single-version-externally-managed install_data
