running egg_info
writing ../../build/otonom_arac/otonom_arac.egg-info/PKG-INFO
writing dependency_links to ../../build/otonom_arac/otonom_arac.egg-info/dependency_links.txt
writing entry points to ../../build/otonom_arac/otonom_arac.egg-info/entry_points.txt
writing requirements to ../../build/otonom_arac/otonom_arac.egg-info/requires.txt
writing top-level names to ../../build/otonom_arac/otonom_arac.egg-info/top_level.txt
reading manifest file '../../build/otonom_arac/otonom_arac.egg-info/SOURCES.txt'
writing manifest file '../../build/otonom_arac/otonom_arac.egg-info/SOURCES.txt'
running build
running build_py
copying otonom_arac/nodes/testing/video_player_node.py -> /workspace/ros2_ws/build/otonom_arac/build/lib/otonom_arac/nodes/testing
running install
running install_lib
creating /workspace/ros2_ws/install/otonom_arac/lib/python3.12/site-packages/otonom_arac
creating /workspace/ros2_ws/install/otonom_arac/lib/python3.12/site-packages/otonom_arac/nodes
creating /workspace/ros2_ws/install/otonom_arac/lib/python3.12/site-packages/otonom_arac/nodes/sensors
copying /workspace/ros2_ws/build/otonom_arac/build/lib/otonom_arac/nodes/sensors/joystick_node.py -> /workspace/ros2_ws/install/otonom_arac/lib/python3.12/site-packages/otonom_arac/nodes/sensors
copying /workspace/ros2_ws/build/otonom_arac/build/lib/otonom_arac/nodes/sensors/encoder_node.py -> /workspace/ros2_ws/install/otonom_arac/lib/python3.12/site-packages/otonom_arac/nodes/sensors
copying /workspace/ros2_ws/build/otonom_arac/build/lib/otonom_arac/nodes/sensors/lidar_node.py -> /workspace/ros2_ws/install/otonom_arac/lib/python3.12/site-packages/otonom_arac/nodes/sensors
copying /workspace/ros2_ws/build/otonom_arac/build/lib/otonom_arac/nodes/sensors/__init__.py -> /workspace/ros2_ws/install/otonom_arac/lib/python3.12/site-packages/otonom_arac/nodes/sensors
copying /workspace/ros2_ws/build/otonom_arac/build/lib/otonom_arac/nodes/sensors/camera_node.py -> /workspace/ros2_ws/install/otonom_arac/lib/python3.12/site-packages/otonom_arac/nodes/sensors
copying /workspace/ros2_ws/build/otonom_arac/build/lib/otonom_arac/nodes/__init__.py -> /workspace/ros2_ws/install/otonom_arac/lib/python3.12/site-packages/otonom_arac/nodes
creating /workspace/ros2_ws/install/otonom_arac/lib/python3.12/site-packages/otonom_arac/nodes/testing
copying /workspace/ros2_ws/build/otonom_arac/build/lib/otonom_arac/nodes/testing/__init__.py -> /workspace/ros2_ws/install/otonom_arac/lib/python3.12/site-packages/otonom_arac/nodes/testing
copying /workspace/ros2_ws/build/otonom_arac/build/lib/otonom_arac/nodes/testing/video_player_node.py -> /workspace/ros2_ws/install/otonom_arac/lib/python3.12/site-packages/otonom_arac/nodes/testing
creating /workspace/ros2_ws/install/otonom_arac/lib/python3.12/site-packages/otonom_arac/nodes/perception
copying /workspace/ros2_ws/build/otonom_arac/build/lib/otonom_arac/nodes/perception/object_detection_node.py -> /workspace/ros2_ws/install/otonom_arac/lib/python3.12/site-packages/otonom_arac/nodes/perception
copying /workspace/ros2_ws/build/otonom_arac/build/lib/otonom_arac/nodes/perception/__init__.py -> /workspace/ros2_ws/install/otonom_arac/lib/python3.12/site-packages/otonom_arac/nodes/perception
copying /workspace/ros2_ws/build/otonom_arac/build/lib/otonom_arac/nodes/perception/lane_detection_node.py -> /workspace/ros2_ws/install/otonom_arac/lib/python3.12/site-packages/otonom_arac/nodes/perception
creating /workspace/ros2_ws/install/otonom_arac/lib/python3.12/site-packages/otonom_arac/nodes/control
copying /workspace/ros2_ws/build/otonom_arac/build/lib/otonom_arac/nodes/control/teensy_node.py -> /workspace/ros2_ws/install/otonom_arac/lib/python3.12/site-packages/otonom_arac/nodes/control
copying /workspace/ros2_ws/build/otonom_arac/build/lib/otonom_arac/nodes/control/__init__.py -> /workspace/ros2_ws/install/otonom_arac/lib/python3.12/site-packages/otonom_arac/nodes/control
copying /workspace/ros2_ws/build/otonom_arac/build/lib/otonom_arac/nodes/control/control_node.py -> /workspace/ros2_ws/install/otonom_arac/lib/python3.12/site-packages/otonom_arac/nodes/control
copying /workspace/ros2_ws/build/otonom_arac/build/lib/otonom_arac/__init__.py -> /workspace/ros2_ws/install/otonom_arac/lib/python3.12/site-packages/otonom_arac
byte-compiling /workspace/ros2_ws/install/otonom_arac/lib/python3.12/site-packages/otonom_arac/nodes/sensors/joystick_node.py to joystick_node.cpython-312.pyc
byte-compiling /workspace/ros2_ws/install/otonom_arac/lib/python3.12/site-packages/otonom_arac/nodes/sensors/encoder_node.py to encoder_node.cpython-312.pyc
byte-compiling /workspace/ros2_ws/install/otonom_arac/lib/python3.12/site-packages/otonom_arac/nodes/sensors/lidar_node.py to lidar_node.cpython-312.pyc
byte-compiling /workspace/ros2_ws/install/otonom_arac/lib/python3.12/site-packages/otonom_arac/nodes/sensors/__init__.py to __init__.cpython-312.pyc
byte-compiling /workspace/ros2_ws/install/otonom_arac/lib/python3.12/site-packages/otonom_arac/nodes/sensors/camera_node.py to camera_node.cpython-312.pyc
byte-compiling /workspace/ros2_ws/install/otonom_arac/lib/python3.12/site-packages/otonom_arac/nodes/__init__.py to __init__.cpython-312.pyc
byte-compiling /workspace/ros2_ws/install/otonom_arac/lib/python3.12/site-packages/otonom_arac/nodes/testing/__init__.py to __init__.cpython-312.pyc
byte-compiling /workspace/ros2_ws/install/otonom_arac/lib/python3.12/site-packages/otonom_arac/nodes/testing/video_player_node.py to video_player_node.cpython-312.pyc
byte-compiling /workspace/ros2_ws/install/otonom_arac/lib/python3.12/site-packages/otonom_arac/nodes/perception/object_detection_node.py to object_detection_node.cpython-312.pyc
byte-compiling /workspace/ros2_ws/install/otonom_arac/lib/python3.12/site-packages/otonom_arac/nodes/perception/__init__.py to __init__.cpython-312.pyc
byte-compiling /workspace/ros2_ws/install/otonom_arac/lib/python3.12/site-packages/otonom_arac/nodes/perception/lane_detection_node.py to lane_detection_node.cpython-312.pyc
byte-compiling /workspace/ros2_ws/install/otonom_arac/lib/python3.12/site-packages/otonom_arac/nodes/control/teensy_node.py to teensy_node.cpython-312.pyc
byte-compiling /workspace/ros2_ws/install/otonom_arac/lib/python3.12/site-packages/otonom_arac/nodes/control/__init__.py to __init__.cpython-312.pyc
byte-compiling /workspace/ros2_ws/install/otonom_arac/lib/python3.12/site-packages/otonom_arac/nodes/control/control_node.py to control_node.cpython-312.pyc
byte-compiling /workspace/ros2_ws/install/otonom_arac/lib/python3.12/site-packages/otonom_arac/__init__.py to __init__.cpython-312.pyc
running install_data
creating /workspace/ros2_ws/install/otonom_arac/share/ament_index
creating /workspace/ros2_ws/install/otonom_arac/share/ament_index/resource_index
creating /workspace/ros2_ws/install/otonom_arac/share/ament_index/resource_index/packages
copying resource/otonom_arac -> /workspace/ros2_ws/install/otonom_arac/share/ament_index/resource_index/packages
copying package.xml -> /workspace/ros2_ws/install/otonom_arac/share/otonom_arac
creating /workspace/ros2_ws/install/otonom_arac/share/otonom_arac/launch
copying launch/otonom_arac_launch.py -> /workspace/ros2_ws/install/otonom_arac/share/otonom_arac/launch
creating /workspace/ros2_ws/install/otonom_arac/share/otonom_arac/urdf
creating /workspace/ros2_ws/install/otonom_arac/share/otonom_arac/worlds
creating /workspace/ros2_ws/install/otonom_arac/share/otonom_arac/meshes
creating /workspace/ros2_ws/install/otonom_arac/share/otonom_arac/config
running install_egg_info
Copying ../../build/otonom_arac/otonom_arac.egg-info to /workspace/ros2_ws/install/otonom_arac/lib/python3.12/site-packages/otonom_arac-0.0.0-py3.12.egg-info
running install_scripts
Installing camera_node script to /workspace/ros2_ws/install/otonom_arac/lib/otonom_arac
Installing control_node script to /workspace/ros2_ws/install/otonom_arac/lib/otonom_arac
Installing encoder_node script to /workspace/ros2_ws/install/otonom_arac/lib/otonom_arac
Installing joystick_node script to /workspace/ros2_ws/install/otonom_arac/lib/otonom_arac
Installing lane_detection_node script to /workspace/ros2_ws/install/otonom_arac/lib/otonom_arac
Installing lidar_node script to /workspace/ros2_ws/install/otonom_arac/lib/otonom_arac
Installing object_detection_node script to /workspace/ros2_ws/install/otonom_arac/lib/otonom_arac
Installing teensy_node script to /workspace/ros2_ws/install/otonom_arac/lib/otonom_arac
Installing video_player_node script to /workspace/ros2_ws/install/otonom_arac/lib/otonom_arac
writing list of installed files to '/workspace/ros2_ws/build/otonom_arac/install.log'
