/opt/homebrew/lib/python3.11/site-packages/otonom_arac/__init__.py
/opt/homebrew/lib/python3.11/site-packages/otonom_arac/nodes/__init__.py
/opt/homebrew/lib/python3.11/site-packages/otonom_arac/nodes/sensors/joystick_node.py
/opt/homebrew/lib/python3.11/site-packages/otonom_arac/nodes/sensors/encoder_node.py
/opt/homebrew/lib/python3.11/site-packages/otonom_arac/nodes/sensors/lidar_node.py
/opt/homebrew/lib/python3.11/site-packages/otonom_arac/nodes/sensors/__init__.py
/opt/homebrew/lib/python3.11/site-packages/otonom_arac/nodes/sensors/camera_node.py
/opt/homebrew/lib/python3.11/site-packages/otonom_arac/nodes/testing/__init__.py
/opt/homebrew/lib/python3.11/site-packages/otonom_arac/nodes/testing/video_player_node.py
/opt/homebrew/lib/python3.11/site-packages/otonom_arac/nodes/testing/video_recorder_node.py
/opt/homebrew/lib/python3.11/site-packages/otonom_arac/nodes/perception/object_detection_node.py
/opt/homebrew/lib/python3.11/site-packages/otonom_arac/nodes/perception/__init__.py
/opt/homebrew/lib/python3.11/site-packages/otonom_arac/nodes/perception/lane_detection_node.py
/opt/homebrew/lib/python3.11/site-packages/otonom_arac/nodes/control/teensy_node.py
/opt/homebrew/lib/python3.11/site-packages/otonom_arac/nodes/control/__init__.py
/opt/homebrew/lib/python3.11/site-packages/otonom_arac/nodes/control/control_node.py
/opt/homebrew/lib/python3.11/site-packages/otonom_arac/__pycache__/__init__.cpython-311.pyc
/opt/homebrew/lib/python3.11/site-packages/otonom_arac/nodes/__pycache__/__init__.cpython-311.pyc
/opt/homebrew/lib/python3.11/site-packages/otonom_arac/nodes/sensors/__pycache__/joystick_node.cpython-311.pyc
/opt/homebrew/lib/python3.11/site-packages/otonom_arac/nodes/sensors/__pycache__/encoder_node.cpython-311.pyc
/opt/homebrew/lib/python3.11/site-packages/otonom_arac/nodes/sensors/__pycache__/lidar_node.cpython-311.pyc
/opt/homebrew/lib/python3.11/site-packages/otonom_arac/nodes/sensors/__pycache__/__init__.cpython-311.pyc
/opt/homebrew/lib/python3.11/site-packages/otonom_arac/nodes/sensors/__pycache__/camera_node.cpython-311.pyc
/opt/homebrew/lib/python3.11/site-packages/otonom_arac/nodes/testing/__pycache__/__init__.cpython-311.pyc
/opt/homebrew/lib/python3.11/site-packages/otonom_arac/nodes/testing/__pycache__/video_player_node.cpython-311.pyc
/opt/homebrew/lib/python3.11/site-packages/otonom_arac/nodes/testing/__pycache__/video_recorder_node.cpython-311.pyc
/opt/homebrew/lib/python3.11/site-packages/otonom_arac/nodes/perception/__pycache__/object_detection_node.cpython-311.pyc
/opt/homebrew/lib/python3.11/site-packages/otonom_arac/nodes/perception/__pycache__/__init__.cpython-311.pyc
/opt/homebrew/lib/python3.11/site-packages/otonom_arac/nodes/perception/__pycache__/lane_detection_node.cpython-311.pyc
/opt/homebrew/lib/python3.11/site-packages/otonom_arac/nodes/control/__pycache__/teensy_node.cpython-311.pyc
/opt/homebrew/lib/python3.11/site-packages/otonom_arac/nodes/control/__pycache__/__init__.cpython-311.pyc
/opt/homebrew/lib/python3.11/site-packages/otonom_arac/nodes/control/__pycache__/control_node.cpython-311.pyc
/opt/homebrew/share/ament_index/resource_index/packages/otonom_arac
/opt/homebrew/share/otonom_arac/package.xml
/opt/homebrew/share/otonom_arac/launch/otonom_arac_launch.py
/opt/homebrew/share/otonom_arac/urdf
/opt/homebrew/share/otonom_arac/worlds
/opt/homebrew/share/otonom_arac/meshes
/opt/homebrew/share/otonom_arac/config
/opt/homebrew/lib/python3.11/site-packages/otonom_arac-0.0.0-py3.11.egg-info/PKG-INFO
/opt/homebrew/lib/python3.11/site-packages/otonom_arac-0.0.0-py3.11.egg-info/zip-safe
/opt/homebrew/lib/python3.11/site-packages/otonom_arac-0.0.0-py3.11.egg-info/SOURCES.txt
/opt/homebrew/lib/python3.11/site-packages/otonom_arac-0.0.0-py3.11.egg-info/entry_points.txt
/opt/homebrew/lib/python3.11/site-packages/otonom_arac-0.0.0-py3.11.egg-info/requires.txt
/opt/homebrew/lib/python3.11/site-packages/otonom_arac-0.0.0-py3.11.egg-info/top_level.txt
/opt/homebrew/lib/python3.11/site-packages/otonom_arac-0.0.0-py3.11.egg-info/dependency_links.txt
/opt/homebrew/Cellar/python@3.11/3.11.14_3/Frameworks/Python.framework/Versions/3.11/lib/otonom_arac/camera_node
/opt/homebrew/Cellar/python@3.11/3.11.14_3/Frameworks/Python.framework/Versions/3.11/lib/otonom_arac/control_node
/opt/homebrew/Cellar/python@3.11/3.11.14_3/Frameworks/Python.framework/Versions/3.11/lib/otonom_arac/encoder_node
/opt/homebrew/Cellar/python@3.11/3.11.14_3/Frameworks/Python.framework/Versions/3.11/lib/otonom_arac/joystick_node
/opt/homebrew/Cellar/python@3.11/3.11.14_3/Frameworks/Python.framework/Versions/3.11/lib/otonom_arac/lane_detection_node
/opt/homebrew/Cellar/python@3.11/3.11.14_3/Frameworks/Python.framework/Versions/3.11/lib/otonom_arac/lidar_node
/opt/homebrew/Cellar/python@3.11/3.11.14_3/Frameworks/Python.framework/Versions/3.11/lib/otonom_arac/object_detection_node
/opt/homebrew/Cellar/python@3.11/3.11.14_3/Frameworks/Python.framework/Versions/3.11/lib/otonom_arac/teensy_node
/opt/homebrew/Cellar/python@3.11/3.11.14_3/Frameworks/Python.framework/Versions/3.11/lib/otonom_arac/video_player_node
/opt/homebrew/Cellar/python@3.11/3.11.14_3/Frameworks/Python.framework/Versions/3.11/lib/otonom_arac/video_recorder_node
