[0.242s] Invoking command in '/Users/faikaktss/ISA_TEAM_ANAKOD1/ros2_ws/build/otonom_arac': PYTHONPATH=/Users/faikaktss/ISA_TEAM_ANAKOD1/ros2_ws/build/otonom_arac/prefix_override:/Users/faikaktss/Library/Python/3.11/lib/python/site-packages/colcon_core/task/python/colcon_distutils_commands:/Users/faikaktss/ISA_TEAM_ANAKOD1/ros2_ws/install/otonom_arac/lib/python3.11/site-packages: SHLVL=2 _=/usr/bin/env /opt/homebrew/opt/python@3.11/bin/python3.11 -W ignore:setup.py install is deprecated -W ignore:easy_install command is deprecated setup.py develop --editable --build-directory /Users/faikaktss/ISA_TEAM_ANAKOD1/ros2_ws/build/otonom_arac/build --no-deps symlink_data --force
[0.306s] /Users/faikaktss/Library/Python/3.11/lib/python/site-packages/setuptools/_distutils/dist.py:289: UserWarning: Unknown distribution option: 'tests_require'
[0.306s]   warnings.warn(msg)
[0.328s] running develop
[0.345s] running egg_info
[0.346s] writing otonom_arac.egg-info/PKG-INFO
[0.347s] writing dependency_links to otonom_arac.egg-info/dependency_links.txt
[0.347s] writing entry points to otonom_arac.egg-info/entry_points.txt
[0.347s] writing requirements to otonom_arac.egg-info/requires.txt
[0.347s] writing top-level names to otonom_arac.egg-info/top_level.txt
[0.351s] reading manifest file 'otonom_arac.egg-info/SOURCES.txt'
[0.352s] writing manifest file 'otonom_arac.egg-info/SOURCES.txt'
[0.354s] running build_ext
[0.354s] Creating /opt/homebrew/lib/python3.11/site-packages/otonom-arac.egg-link (link to .)
[0.355s] Installing camera_node script to /opt/homebrew/Cellar/python@3.11/3.11.14_3/Frameworks/Python.framework/Versions/3.11/lib/otonom_arac
[0.355s] Installing control_node script to /opt/homebrew/Cellar/python@3.11/3.11.14_3/Frameworks/Python.framework/Versions/3.11/lib/otonom_arac
[0.355s] Installing encoder_node script to /opt/homebrew/Cellar/python@3.11/3.11.14_3/Frameworks/Python.framework/Versions/3.11/lib/otonom_arac
[0.356s] Installing gui_node script to /opt/homebrew/Cellar/python@3.11/3.11.14_3/Frameworks/Python.framework/Versions/3.11/lib/otonom_arac
[0.356s] Installing joystick_node script to /opt/homebrew/Cellar/python@3.11/3.11.14_3/Frameworks/Python.framework/Versions/3.11/lib/otonom_arac
[0.356s] Installing lane_detection_node script to /opt/homebrew/Cellar/python@3.11/3.11.14_3/Frameworks/Python.framework/Versions/3.11/lib/otonom_arac
[0.356s] Installing lidar_node script to /opt/homebrew/Cellar/python@3.11/3.11.14_3/Frameworks/Python.framework/Versions/3.11/lib/otonom_arac
[0.356s] Installing object_detection_node script to /opt/homebrew/Cellar/python@3.11/3.11.14_3/Frameworks/Python.framework/Versions/3.11/lib/otonom_arac
[0.356s] Installing teensy_node script to /opt/homebrew/Cellar/python@3.11/3.11.14_3/Frameworks/Python.framework/Versions/3.11/lib/otonom_arac
[0.356s] 
[0.356s] Installed /Users/faikaktss/ISA_TEAM_ANAKOD1/ros2_ws/build/otonom_arac
[0.356s] running symlink_data
[0.357s] symbolically linking /Users/faikaktss/ISA_TEAM_ANAKOD1/ros2_ws/build/otonom_arac/resource/otonom_arac -> /opt/homebrew/share/ament_index/resource_index/packages
[0.357s] symbolically linking /Users/faikaktss/ISA_TEAM_ANAKOD1/ros2_ws/build/otonom_arac/package.xml -> /opt/homebrew/share/otonom_arac
[0.357s] symbolically linking /Users/faikaktss/ISA_TEAM_ANAKOD1/ros2_ws/build/otonom_arac/launch/otonom_arac_launch.py -> /opt/homebrew/share/otonom_arac/launch
[0.369s] Invoked command in '/Users/faikaktss/ISA_TEAM_ANAKOD1/ros2_ws/build/otonom_arac' returned '0': PYTHONPATH=/Users/faikaktss/ISA_TEAM_ANAKOD1/ros2_ws/build/otonom_arac/prefix_override:/Users/faikaktss/Library/Python/3.11/lib/python/site-packages/colcon_core/task/python/colcon_distutils_commands:/Users/faikaktss/ISA_TEAM_ANAKOD1/ros2_ws/install/otonom_arac/lib/python3.11/site-packages: SHLVL=2 _=/usr/bin/env /opt/homebrew/opt/python@3.11/bin/python3.11 -W ignore:setup.py install is deprecated -W ignore:easy_install command is deprecated setup.py develop --editable --build-directory /Users/faikaktss/ISA_TEAM_ANAKOD1/ros2_ws/build/otonom_arac/build --no-deps symlink_data --force
