[0.762s] Invoking command in '/Users/faikaktss/ISA_TEAMM_2025-2026/ros2_ws/src/otonom_arac': CONDA_PROMPT_MODIFIER=(isa_env) PYTHONPATH=/Users/faikaktss/ISA_TEAMM_2025-2026/ros2_ws/build/otonom_arac/prefix_override:/opt/homebrew/Caskroom/miniforge/base/envs/isa_env/lib/python3.11/site-packages/colcon_core/task/python/colcon_distutils_commands:/Users/faikaktss/ISA_TEAMM_2025-2026/ros2_ws/install/otonom_arac/lib/python3.11/site-packages:${PYTHONPATH} SHLVL=2 _=/usr/bin/env /opt/homebrew/Caskroom/miniforge/base/envs/isa_env/bin/python3.11 -W ignore:setup.py install is deprecated -W ignore:easy_install command is deprecated setup.py egg_info --egg-base ../../build/otonom_arac build --build-base /Users/faikaktss/ISA_TEAMM_2025-2026/ros2_ws/build/otonom_arac/build install --record /Users/faikaktss/ISA_TEAMM_2025-2026/ros2_ws/build/otonom_arac/install.log --single-version-externally-managed install_data
[1.162s] /opt/homebrew/Caskroom/miniforge/base/envs/isa_env/lib/python3.11/site-packages/setuptools/_distutils/dist.py:289: UserWarning: Unknown distribution option: 'tests_require'
[1.162s]   warnings.warn(msg)
[1.351s] running egg_info
[1.377s] writing ../../build/otonom_arac/otonom_arac.egg-info/PKG-INFO
[1.379s] writing dependency_links to ../../build/otonom_arac/otonom_arac.egg-info/dependency_links.txt
[1.381s] writing entry points to ../../build/otonom_arac/otonom_arac.egg-info/entry_points.txt
[1.382s] writing requirements to ../../build/otonom_arac/otonom_arac.egg-info/requires.txt
[1.384s] writing top-level names to ../../build/otonom_arac/otonom_arac.egg-info/top_level.txt
[1.428s] reading manifest file '../../build/otonom_arac/otonom_arac.egg-info/SOURCES.txt'
[1.432s] writing manifest file '../../build/otonom_arac/otonom_arac.egg-info/SOURCES.txt'
[1.432s] running build
[1.432s] running build_py
[1.432s] copying otonom_arac/__init__.py -> /Users/faikaktss/ISA_TEAMM_2025-2026/ros2_ws/build/otonom_arac/build/lib/otonom_arac
[1.433s] copying otonom_arac/LaneDetect.py -> /Users/faikaktss/ISA_TEAMM_2025-2026/ros2_ws/build/otonom_arac/build/lib/otonom_arac
[1.433s] copying otonom_arac/realsense.py -> /Users/faikaktss/ISA_TEAMM_2025-2026/ros2_ws/build/otonom_arac/build/lib/otonom_arac
[1.435s] copying otonom_arac/sonKararTabela.py -> /Users/faikaktss/ISA_TEAMM_2025-2026/ros2_ws/build/otonom_arac/build/lib/otonom_arac
[1.435s] copying otonom_arac/camera.py -> /Users/faikaktss/ISA_TEAMM_2025-2026/ros2_ws/build/otonom_arac/build/lib/otonom_arac
[1.436s] copying otonom_arac/utils.py -> /Users/faikaktss/ISA_TEAMM_2025-2026/ros2_ws/build/otonom_arac/build/lib/otonom_arac
[1.437s] copying otonom_arac/lane_detection_node.py -> /Users/faikaktss/ISA_TEAMM_2025-2026/ros2_ws/build/otonom_arac/build/lib/otonom_arac
[1.438s] copying otonom_arac/lidar.py -> /Users/faikaktss/ISA_TEAMM_2025-2026/ros2_ws/build/otonom_arac/build/lib/otonom_arac
[1.439s] copying otonom_arac/camera_node.py -> /Users/faikaktss/ISA_TEAMM_2025-2026/ros2_ws/build/otonom_arac/build/lib/otonom_arac
[1.440s] copying otonom_arac/info.py -> /Users/faikaktss/ISA_TEAMM_2025-2026/ros2_ws/build/otonom_arac/build/lib/otonom_arac
[1.441s] copying otonom_arac/arduino.py -> /Users/faikaktss/ISA_TEAMM_2025-2026/ros2_ws/build/otonom_arac/build/lib/otonom_arac
[1.442s] running install
[1.450s] running install_lib
[1.469s] running install_data
[1.469s] copying resource/otonom_arac -> /Users/faikaktss/ISA_TEAMM_2025-2026/ros2_ws/install/otonom_arac/share/ament_index/resource_index/packages
[1.469s] copying package.xml -> /Users/faikaktss/ISA_TEAMM_2025-2026/ros2_ws/install/otonom_arac/share/otonom_arac
[1.470s] running install_egg_info
[1.482s] removing '/Users/faikaktss/ISA_TEAMM_2025-2026/ros2_ws/install/otonom_arac/lib/python3.11/site-packages/otonom_arac-0.0.0-py3.11.egg-info' (and everything under it)
[1.483s] Copying ../../build/otonom_arac/otonom_arac.egg-info to /Users/faikaktss/ISA_TEAMM_2025-2026/ros2_ws/install/otonom_arac/lib/python3.11/site-packages/otonom_arac-0.0.0-py3.11.egg-info
[1.492s] running install_scripts
[1.526s] Installing camera_node script to /Users/faikaktss/ISA_TEAMM_2025-2026/ros2_ws/install/otonom_arac/lib/otonom_arac
[1.526s] Installing lane_detection_node script to /Users/faikaktss/ISA_TEAMM_2025-2026/ros2_ws/install/otonom_arac/lib/otonom_arac
[1.527s] writing list of installed files to '/Users/faikaktss/ISA_TEAMM_2025-2026/ros2_ws/build/otonom_arac/install.log'
[1.565s] Invoked command in '/Users/faikaktss/ISA_TEAMM_2025-2026/ros2_ws/src/otonom_arac' returned '0': CONDA_PROMPT_MODIFIER=(isa_env) PYTHONPATH=/Users/faikaktss/ISA_TEAMM_2025-2026/ros2_ws/build/otonom_arac/prefix_override:/opt/homebrew/Caskroom/miniforge/base/envs/isa_env/lib/python3.11/site-packages/colcon_core/task/python/colcon_distutils_commands:/Users/faikaktss/ISA_TEAMM_2025-2026/ros2_ws/install/otonom_arac/lib/python3.11/site-packages:${PYTHONPATH} SHLVL=2 _=/usr/bin/env /opt/homebrew/Caskroom/miniforge/base/envs/isa_env/bin/python3.11 -W ignore:setup.py install is deprecated -W ignore:easy_install command is deprecated setup.py egg_info --egg-base ../../build/otonom_arac build --build-base /Users/faikaktss/ISA_TEAMM_2025-2026/ros2_ws/build/otonom_arac/build install --record /Users/faikaktss/ISA_TEAMM_2025-2026/ros2_ws/build/otonom_arac/install.log --single-version-externally-managed install_data
