[1.236s] Invoking command in '/Users/faikaktss/ISA_TEAM_2025-2026_ROS2/ros2_ws/src/otonom_arac': PYTHONPATH=/Users/faikaktss/ISA_TEAM_2025-2026_ROS2/ros2_ws/build/otonom_arac/prefix_override:/Users/faikaktss/Library/Python/3.11/lib/python/site-packages/colcon_core/task/python/colcon_distutils_commands:/Users/faikaktss/ISA_TEAM_2025-2026_ROS2/ros2_ws/install/otonom_arac/lib/python3.11/site-packages:${PYTHONPATH} SHLVL=2 _=/usr/bin/env /opt/homebrew/opt/python@3.11/bin/python3.11 -W ignore:setup.py install is deprecated -W ignore:easy_install command is deprecated setup.py egg_info --egg-base ../../build/otonom_arac build --build-base /Users/faikaktss/ISA_TEAM_2025-2026_ROS2/ros2_ws/build/otonom_arac/build install --record /Users/faikaktss/ISA_TEAM_2025-2026_ROS2/ros2_ws/build/otonom_arac/install.log --single-version-externally-managed install_data
[1.522s] /Users/faikaktss/Library/Python/3.11/lib/python/site-packages/setuptools/_distutils/dist.py:289: UserWarning: Unknown distribution option: 'tests_require'
[1.523s]   warnings.warn(msg)
[1.571s] running egg_info
[1.577s] writing ../../build/otonom_arac/otonom_arac.egg-info/PKG-INFO
[1.578s] writing dependency_links to ../../build/otonom_arac/otonom_arac.egg-info/dependency_links.txt
[1.579s] writing entry points to ../../build/otonom_arac/otonom_arac.egg-info/entry_points.txt
[1.581s] writing requirements to ../../build/otonom_arac/otonom_arac.egg-info/requires.txt
[1.583s] writing top-level names to ../../build/otonom_arac/otonom_arac.egg-info/top_level.txt
[1.600s] reading manifest file '../../build/otonom_arac/otonom_arac.egg-info/SOURCES.txt'
[1.600s] writing manifest file '../../build/otonom_arac/otonom_arac.egg-info/SOURCES.txt'
[1.600s] running build
[1.601s] running build_py
[1.601s] copying otonom_arac/__init__.py -> /Users/faikaktss/ISA_TEAM_2025-2026_ROS2/ros2_ws/build/otonom_arac/build/lib/otonom_arac
[1.601s] copying otonom_arac/nodes/__init__.py -> /Users/faikaktss/ISA_TEAM_2025-2026_ROS2/ros2_ws/build/otonom_arac/build/lib/otonom_arac/nodes
[1.601s] copying otonom_arac/nodes/sensors/joystick_node.py -> /Users/faikaktss/ISA_TEAM_2025-2026_ROS2/ros2_ws/build/otonom_arac/build/lib/otonom_arac/nodes/sensors
[1.602s] copying otonom_arac/nodes/sensors/encoder_node.py -> /Users/faikaktss/ISA_TEAM_2025-2026_ROS2/ros2_ws/build/otonom_arac/build/lib/otonom_arac/nodes/sensors
[1.603s] copying otonom_arac/nodes/sensors/lidar_node.py -> /Users/faikaktss/ISA_TEAM_2025-2026_ROS2/ros2_ws/build/otonom_arac/build/lib/otonom_arac/nodes/sensors
[1.604s] copying otonom_arac/nodes/sensors/__init__.py -> /Users/faikaktss/ISA_TEAM_2025-2026_ROS2/ros2_ws/build/otonom_arac/build/lib/otonom_arac/nodes/sensors
[1.605s] copying otonom_arac/nodes/sensors/camera_node.py -> /Users/faikaktss/ISA_TEAM_2025-2026_ROS2/ros2_ws/build/otonom_arac/build/lib/otonom_arac/nodes/sensors
[1.607s] copying otonom_arac/nodes/testing/__init__.py -> /Users/faikaktss/ISA_TEAM_2025-2026_ROS2/ros2_ws/build/otonom_arac/build/lib/otonom_arac/nodes/testing
[1.611s] copying otonom_arac/nodes/testing/video_player_node.py -> /Users/faikaktss/ISA_TEAM_2025-2026_ROS2/ros2_ws/build/otonom_arac/build/lib/otonom_arac/nodes/testing
[1.615s] copying otonom_arac/nodes/perception/object_detection_node.py -> /Users/faikaktss/ISA_TEAM_2025-2026_ROS2/ros2_ws/build/otonom_arac/build/lib/otonom_arac/nodes/perception
[1.615s] copying otonom_arac/nodes/perception/__init__.py -> /Users/faikaktss/ISA_TEAM_2025-2026_ROS2/ros2_ws/build/otonom_arac/build/lib/otonom_arac/nodes/perception
[1.615s] copying otonom_arac/nodes/perception/lane_detection_node.py -> /Users/faikaktss/ISA_TEAM_2025-2026_ROS2/ros2_ws/build/otonom_arac/build/lib/otonom_arac/nodes/perception
[1.616s] copying otonom_arac/nodes/control/teensy_node.py -> /Users/faikaktss/ISA_TEAM_2025-2026_ROS2/ros2_ws/build/otonom_arac/build/lib/otonom_arac/nodes/control
[1.618s] copying otonom_arac/nodes/control/__init__.py -> /Users/faikaktss/ISA_TEAM_2025-2026_ROS2/ros2_ws/build/otonom_arac/build/lib/otonom_arac/nodes/control
[1.619s] copying otonom_arac/nodes/control/control_node.py -> /Users/faikaktss/ISA_TEAM_2025-2026_ROS2/ros2_ws/build/otonom_arac/build/lib/otonom_arac/nodes/control
[1.622s] running install
[1.632s] running install_lib
[1.644s] running install_data
[1.645s] copying resource/otonom_arac -> /opt/homebrew/share/ament_index/resource_index/packages
[1.646s] copying package.xml -> /opt/homebrew/share/otonom_arac
[1.647s] copying launch/otonom_arac_launch.py -> /opt/homebrew/share/otonom_arac/launch
[1.648s] running install_egg_info
[1.667s] removing '/opt/homebrew/lib/python3.11/site-packages/otonom_arac-0.0.0-py3.11.egg-info' (and everything under it)
[1.668s] Copying ../../build/otonom_arac/otonom_arac.egg-info to /opt/homebrew/lib/python3.11/site-packages/otonom_arac-0.0.0-py3.11.egg-info
[1.675s] running install_scripts
[1.809s] Installing camera_node script to /opt/homebrew/Cellar/python@3.11/3.11.14_3/Frameworks/Python.framework/Versions/3.11/lib/otonom_arac
[1.810s] Installing control_node script to /opt/homebrew/Cellar/python@3.11/3.11.14_3/Frameworks/Python.framework/Versions/3.11/lib/otonom_arac
[1.810s] Installing encoder_node script to /opt/homebrew/Cellar/python@3.11/3.11.14_3/Frameworks/Python.framework/Versions/3.11/lib/otonom_arac
[1.810s] Installing joystick_node script to /opt/homebrew/Cellar/python@3.11/3.11.14_3/Frameworks/Python.framework/Versions/3.11/lib/otonom_arac
[1.811s] Installing lane_detection_node script to /opt/homebrew/Cellar/python@3.11/3.11.14_3/Frameworks/Python.framework/Versions/3.11/lib/otonom_arac
[1.811s] Installing lidar_node script to /opt/homebrew/Cellar/python@3.11/3.11.14_3/Frameworks/Python.framework/Versions/3.11/lib/otonom_arac
[1.812s] Installing object_detection_node script to /opt/homebrew/Cellar/python@3.11/3.11.14_3/Frameworks/Python.framework/Versions/3.11/lib/otonom_arac
[1.812s] Installing teensy_node script to /opt/homebrew/Cellar/python@3.11/3.11.14_3/Frameworks/Python.framework/Versions/3.11/lib/otonom_arac
[1.815s] Installing video_player_node script to /opt/homebrew/Cellar/python@3.11/3.11.14_3/Frameworks/Python.framework/Versions/3.11/lib/otonom_arac
[1.818s] writing list of installed files to '/Users/faikaktss/ISA_TEAM_2025-2026_ROS2/ros2_ws/build/otonom_arac/install.log'
[1.907s] Invoked command in '/Users/faikaktss/ISA_TEAM_2025-2026_ROS2/ros2_ws/src/otonom_arac' returned '0': PYTHONPATH=/Users/faikaktss/ISA_TEAM_2025-2026_ROS2/ros2_ws/build/otonom_arac/prefix_override:/Users/faikaktss/Library/Python/3.11/lib/python/site-packages/colcon_core/task/python/colcon_distutils_commands:/Users/faikaktss/ISA_TEAM_2025-2026_ROS2/ros2_ws/install/otonom_arac/lib/python3.11/site-packages:${PYTHONPATH} SHLVL=2 _=/usr/bin/env /opt/homebrew/opt/python@3.11/bin/python3.11 -W ignore:setup.py install is deprecated -W ignore:easy_install command is deprecated setup.py egg_info --egg-base ../../build/otonom_arac build --build-base /Users/faikaktss/ISA_TEAM_2025-2026_ROS2/ros2_ws/build/otonom_arac/build install --record /Users/faikaktss/ISA_TEAM_2025-2026_ROS2/ros2_ws/build/otonom_arac/install.log --single-version-externally-managed install_data
