[0.628s] Invoking command in '/workspace/ros2_ws/src/otonom_arac': PYTHONPATH=/workspace/ros2_ws/build/otonom_arac/prefix_override:/usr/lib/python3/dist-packages/colcon_core/task/python/colcon_distutils_commands:/workspace/ros2_ws/install/otonom_arac/lib/python3.12/site-packages:${PYTHONPATH} /usr/bin/python3 -W ignore:setup.py install is deprecated -W ignore:easy_install command is deprecated setup.py egg_info --egg-base ../../build/otonom_arac build --build-base /workspace/ros2_ws/build/otonom_arac/build install --record /workspace/ros2_ws/build/otonom_arac/install.log --single-version-externally-managed install_data
[0.833s] running egg_info
[0.841s] writing ../../build/otonom_arac/otonom_arac.egg-info/PKG-INFO
[0.841s] writing dependency_links to ../../build/otonom_arac/otonom_arac.egg-info/dependency_links.txt
[0.842s] writing entry points to ../../build/otonom_arac/otonom_arac.egg-info/entry_points.txt
[0.843s] writing requirements to ../../build/otonom_arac/otonom_arac.egg-info/requires.txt
[0.843s] writing top-level names to ../../build/otonom_arac/otonom_arac.egg-info/top_level.txt
[0.863s] reading manifest file '../../build/otonom_arac/otonom_arac.egg-info/SOURCES.txt'
[0.864s] writing manifest file '../../build/otonom_arac/otonom_arac.egg-info/SOURCES.txt'
[0.864s] running build
[0.865s] running build_py
[0.867s] copying otonom_arac/nodes/perception/lane_detection_node.py -> /workspace/ros2_ws/build/otonom_arac/build/lib/otonom_arac/nodes/perception
[0.869s] running install
[0.873s] running install_lib
[0.884s] copying /workspace/ros2_ws/build/otonom_arac/build/lib/otonom_arac/nodes/perception/lane_detection_node.py -> /workspace/ros2_ws/install/otonom_arac/lib/python3.12/site-packages/otonom_arac/nodes/perception
[0.888s] byte-compiling /workspace/ros2_ws/install/otonom_arac/lib/python3.12/site-packages/otonom_arac/nodes/perception/lane_detection_node.py to lane_detection_node.cpython-312.pyc
[0.894s] running install_data
[0.895s] running install_egg_info
[0.903s] removing '/workspace/ros2_ws/install/otonom_arac/lib/python3.12/site-packages/otonom_arac-0.0.0-py3.12.egg-info' (and everything under it)
[0.906s] Copying ../../build/otonom_arac/otonom_arac.egg-info to /workspace/ros2_ws/install/otonom_arac/lib/python3.12/site-packages/otonom_arac-0.0.0-py3.12.egg-info
[0.912s] running install_scripts
[0.981s] Installing camera_node script to /workspace/ros2_ws/install/otonom_arac/lib/otonom_arac
[0.982s] Installing control_node script to /workspace/ros2_ws/install/otonom_arac/lib/otonom_arac
[0.982s] Installing encoder_node script to /workspace/ros2_ws/install/otonom_arac/lib/otonom_arac
[0.983s] Installing joystick_node script to /workspace/ros2_ws/install/otonom_arac/lib/otonom_arac
[0.983s] Installing lane_detection_node script to /workspace/ros2_ws/install/otonom_arac/lib/otonom_arac
[0.984s] Installing lidar_node script to /workspace/ros2_ws/install/otonom_arac/lib/otonom_arac
[0.985s] Installing object_detection_node script to /workspace/ros2_ws/install/otonom_arac/lib/otonom_arac
[0.986s] Installing teensy_node script to /workspace/ros2_ws/install/otonom_arac/lib/otonom_arac
[0.986s] Installing video_player_node script to /workspace/ros2_ws/install/otonom_arac/lib/otonom_arac
[0.987s] Installing video_recorder_node script to /workspace/ros2_ws/install/otonom_arac/lib/otonom_arac
[0.989s] writing list of installed files to '/workspace/ros2_ws/build/otonom_arac/install.log'
[1.011s] Invoked command in '/workspace/ros2_ws/src/otonom_arac' returned '0': PYTHONPATH=/workspace/ros2_ws/build/otonom_arac/prefix_override:/usr/lib/python3/dist-packages/colcon_core/task/python/colcon_distutils_commands:/workspace/ros2_ws/install/otonom_arac/lib/python3.12/site-packages:${PYTHONPATH} /usr/bin/python3 -W ignore:setup.py install is deprecated -W ignore:easy_install command is deprecated setup.py egg_info --egg-base ../../build/otonom_arac build --build-base /workspace/ros2_ws/build/otonom_arac/build install --record /workspace/ros2_ws/build/otonom_arac/install.log --single-version-externally-managed install_data
