[0.262s] Invoking command in '/Applications/PROJELERİM/ISA_TEAM_2025-2026_ROS2/ros2_ws/build/otonom_arac': PYTHONPATH=/Applications/PROJELERİM/ISA_TEAM_2025-2026_ROS2/ros2_ws/build/otonom_arac/prefix_override:/Library/Frameworks/Python.framework/Versions/3.14/lib/python3.14/site-packages/colcon_core/task/python/colcon_distutils_commands:/Applications/PROJELERİM/ISA_TEAM_2025-2026_ROS2/ros2_ws/install/otonom_arac/lib/python3.14/site-packages: SHLVL=2 _=/usr/bin/env /Library/Frameworks/Python.framework/Versions/3.14/bin/python3.14 -W ignore:setup.py install is deprecated -W ignore:easy_install command is deprecated setup.py develop --editable --build-directory /Applications/PROJELERİM/ISA_TEAM_2025-2026_ROS2/ros2_ws/build/otonom_arac/build --no-deps symlink_data --force
[0.333s] /Library/Frameworks/Python.framework/Versions/3.14/lib/python3.14/site-packages/setuptools/_distutils/dist.py:289: UserWarning: Unknown distribution option: 'tests_require'
[0.333s]   warnings.warn(msg)
[0.357s] running develop
[0.376s] running egg_info
[0.378s] writing otonom_arac.egg-info/PKG-INFO
[0.378s] writing dependency_links to otonom_arac.egg-info/dependency_links.txt
[0.378s] writing entry points to otonom_arac.egg-info/entry_points.txt
[0.379s] writing requirements to otonom_arac.egg-info/requires.txt
[0.379s] writing top-level names to otonom_arac.egg-info/top_level.txt
[0.383s] reading manifest file 'otonom_arac.egg-info/SOURCES.txt'
[0.384s] writing manifest file 'otonom_arac.egg-info/SOURCES.txt'
[0.386s] running build_ext
[0.387s] Creating /Applications/PROJELERİM/ISA_TEAM_2025-2026_ROS2/ros2_ws/install/otonom_arac/lib/python3.14/site-packages/otonom-arac.egg-link (link to .)
[0.387s] Installing camera_node script to /Applications/PROJELERİM/ISA_TEAM_2025-2026_ROS2/ros2_ws/install/otonom_arac/lib/otonom_arac
[0.387s] Installing control_node script to /Applications/PROJELERİM/ISA_TEAM_2025-2026_ROS2/ros2_ws/install/otonom_arac/lib/otonom_arac
[0.387s] Installing encoder_node script to /Applications/PROJELERİM/ISA_TEAM_2025-2026_ROS2/ros2_ws/install/otonom_arac/lib/otonom_arac
[0.387s] Installing joystick_node script to /Applications/PROJELERİM/ISA_TEAM_2025-2026_ROS2/ros2_ws/install/otonom_arac/lib/otonom_arac
[0.388s] Installing lane_detection_node script to /Applications/PROJELERİM/ISA_TEAM_2025-2026_ROS2/ros2_ws/install/otonom_arac/lib/otonom_arac
[0.388s] Installing lidar_node script to /Applications/PROJELERİM/ISA_TEAM_2025-2026_ROS2/ros2_ws/install/otonom_arac/lib/otonom_arac
[0.388s] Installing object_detection_node script to /Applications/PROJELERİM/ISA_TEAM_2025-2026_ROS2/ros2_ws/install/otonom_arac/lib/otonom_arac
[0.388s] Installing teensy_node script to /Applications/PROJELERİM/ISA_TEAM_2025-2026_ROS2/ros2_ws/install/otonom_arac/lib/otonom_arac
[0.388s] 
[0.388s] Installed /Applications/PROJELERİM/ISA_TEAM_2025-2026_ROS2/ros2_ws/build/otonom_arac
[0.388s] running symlink_data
[0.388s] symbolically linking /Applications/PROJELERİM/ISA_TEAM_2025-2026_ROS2/ros2_ws/build/otonom_arac/resource/otonom_arac -> /Applications/PROJELERİM/ISA_TEAM_2025-2026_ROS2/ros2_ws/install/otonom_arac/share/ament_index/resource_index/packages
[0.388s] symbolically linking /Applications/PROJELERİM/ISA_TEAM_2025-2026_ROS2/ros2_ws/build/otonom_arac/package.xml -> /Applications/PROJELERİM/ISA_TEAM_2025-2026_ROS2/ros2_ws/install/otonom_arac/share/otonom_arac
[0.389s] symbolically linking /Applications/PROJELERİM/ISA_TEAM_2025-2026_ROS2/ros2_ws/build/otonom_arac/launch/otonom_arac_launch.py -> /Applications/PROJELERİM/ISA_TEAM_2025-2026_ROS2/ros2_ws/install/otonom_arac/share/otonom_arac/launch
[0.404s] Invoked command in '/Applications/PROJELERİM/ISA_TEAM_2025-2026_ROS2/ros2_ws/build/otonom_arac' returned '0': PYTHONPATH=/Applications/PROJELERİM/ISA_TEAM_2025-2026_ROS2/ros2_ws/build/otonom_arac/prefix_override:/Library/Frameworks/Python.framework/Versions/3.14/lib/python3.14/site-packages/colcon_core/task/python/colcon_distutils_commands:/Applications/PROJELERİM/ISA_TEAM_2025-2026_ROS2/ros2_ws/install/otonom_arac/lib/python3.14/site-packages: SHLVL=2 _=/usr/bin/env /Library/Frameworks/Python.framework/Versions/3.14/bin/python3.14 -W ignore:setup.py install is deprecated -W ignore:easy_install command is deprecated setup.py develop --editable --build-directory /Applications/PROJELERİM/ISA_TEAM_2025-2026_ROS2/ros2_ws/build/otonom_arac/build --no-deps symlink_data --force
