[1.525s] Invoking command in '/workspace/ros2_ws/src/otonom_arac': PYTHONPATH=/workspace/ros2_ws/build/otonom_arac/prefix_override:/usr/lib/python3/dist-packages/colcon_core/task/python/colcon_distutils_commands:/workspace/ros2_ws/install/otonom_arac/lib/python3.12/site-packages:${PYTHONPATH} /usr/bin/python3 -W ignore:setup.py install is deprecated -W ignore:easy_install command is deprecated setup.py egg_info --egg-base ../../build/otonom_arac build --build-base /workspace/ros2_ws/build/otonom_arac/build install --record /workspace/ros2_ws/build/otonom_arac/install.log --single-version-externally-managed install_data
[1.887s] running egg_info
[1.902s] writing ../../build/otonom_arac/otonom_arac.egg-info/PKG-INFO
[1.904s] writing dependency_links to ../../build/otonom_arac/otonom_arac.egg-info/dependency_links.txt
[1.906s] writing entry points to ../../build/otonom_arac/otonom_arac.egg-info/entry_points.txt
[1.908s] writing requirements to ../../build/otonom_arac/otonom_arac.egg-info/requires.txt
[1.909s] writing top-level names to ../../build/otonom_arac/otonom_arac.egg-info/top_level.txt
[1.948s] reading manifest file '../../build/otonom_arac/otonom_arac.egg-info/SOURCES.txt'
[1.954s] writing manifest file '../../build/otonom_arac/otonom_arac.egg-info/SOURCES.txt'
[1.955s] running build
[1.955s] running build_py
[1.960s] copying otonom_arac/nodes/testing/video_recorder_node.py -> /workspace/ros2_ws/build/otonom_arac/build/lib/otonom_arac/nodes/testing
[1.967s] copying otonom_arac/nodes/perception/lane_detection_node.py -> /workspace/ros2_ws/build/otonom_arac/build/lib/otonom_arac/nodes/perception
[1.970s] running install
[1.977s] running install_lib
[1.996s] copying /workspace/ros2_ws/build/otonom_arac/build/lib/otonom_arac/nodes/testing/video_recorder_node.py -> /workspace/ros2_ws/install/otonom_arac/lib/python3.12/site-packages/otonom_arac/nodes/testing
[1.998s] copying /workspace/ros2_ws/build/otonom_arac/build/lib/otonom_arac/nodes/perception/lane_detection_node.py -> /workspace/ros2_ws/install/otonom_arac/lib/python3.12/site-packages/otonom_arac/nodes/perception
[2.000s] byte-compiling /workspace/ros2_ws/install/otonom_arac/lib/python3.12/site-packages/otonom_arac/nodes/testing/video_recorder_node.py to video_recorder_node.cpython-312.pyc
[2.012s] byte-compiling /workspace/ros2_ws/install/otonom_arac/lib/python3.12/site-packages/otonom_arac/nodes/perception/lane_detection_node.py to lane_detection_node.cpython-312.pyc
[2.023s] running install_data
[2.027s] running install_egg_info
[2.046s] removing '/workspace/ros2_ws/install/otonom_arac/lib/python3.12/site-packages/otonom_arac-0.0.0-py3.12.egg-info' (and everything under it)
[2.057s] Copying ../../build/otonom_arac/otonom_arac.egg-info to /workspace/ros2_ws/install/otonom_arac/lib/python3.12/site-packages/otonom_arac-0.0.0-py3.12.egg-info
[2.089s] running install_scripts
[2.303s] Installing camera_node script to /workspace/ros2_ws/install/otonom_arac/lib/otonom_arac
[2.305s] Installing control_node script to /workspace/ros2_ws/install/otonom_arac/lib/otonom_arac
[2.306s] Installing encoder_node script to /workspace/ros2_ws/install/otonom_arac/lib/otonom_arac
[2.311s] Installing joystick_node script to /workspace/ros2_ws/install/otonom_arac/lib/otonom_arac
[2.327s] Installing lane_detection_node script to /workspace/ros2_ws/install/otonom_arac/lib/otonom_arac
[2.345s] Installing lidar_node script to /workspace/ros2_ws/install/otonom_arac/lib/otonom_arac
[2.359s] Installing object_detection_node script to /workspace/ros2_ws/install/otonom_arac/lib/otonom_arac
[2.396s] Installing teensy_node script to /workspace/ros2_ws/install/otonom_arac/lib/otonom_arac
[2.404s] Installing video_player_node script to /workspace/ros2_ws/install/otonom_arac/lib/otonom_arac
[2.408s] Installing video_recorder_node script to /workspace/ros2_ws/install/otonom_arac/lib/otonom_arac
[2.449s] writing list of installed files to '/workspace/ros2_ws/build/otonom_arac/install.log'
[2.569s] Invoked command in '/workspace/ros2_ws/src/otonom_arac' returned '0': PYTHONPATH=/workspace/ros2_ws/build/otonom_arac/prefix_override:/usr/lib/python3/dist-packages/colcon_core/task/python/colcon_distutils_commands:/workspace/ros2_ws/install/otonom_arac/lib/python3.12/site-packages:${PYTHONPATH} /usr/bin/python3 -W ignore:setup.py install is deprecated -W ignore:easy_install command is deprecated setup.py egg_info --egg-base ../../build/otonom_arac build --build-base /workspace/ros2_ws/build/otonom_arac/build install --record /workspace/ros2_ws/build/otonom_arac/install.log --single-version-externally-managed install_data
