running egg_info
creating ../../build/otonom_arac/otonom_arac.egg-info
writing ../../build/otonom_arac/otonom_arac.egg-info/PKG-INFO
writing dependency_links to ../../build/otonom_arac/otonom_arac.egg-info/dependency_links.txt
writing entry points to ../../build/otonom_arac/otonom_arac.egg-info/entry_points.txt
writing requirements to ../../build/otonom_arac/otonom_arac.egg-info/requires.txt
writing top-level names to ../../build/otonom_arac/otonom_arac.egg-info/top_level.txt
writing manifest file '../../build/otonom_arac/otonom_arac.egg-info/SOURCES.txt'
reading manifest file '../../build/otonom_arac/otonom_arac.egg-info/SOURCES.txt'
writing manifest file '../../build/otonom_arac/otonom_arac.egg-info/SOURCES.txt'
running build
running build_py
creating /Applications/PROJELERİM/ISA_TEAM_2025-2026_ROS2/ros2_ws/build/otonom_arac/build/lib/otonom_arac
copying otonom_arac/__init__.py -> /Applications/PROJELERİM/ISA_TEAM_2025-2026_ROS2/ros2_ws/build/otonom_arac/build/lib/otonom_arac
creating /Applications/PROJELERİM/ISA_TEAM_2025-2026_ROS2/ros2_ws/build/otonom_arac/build/lib/otonom_arac/nodes
copying otonom_arac/nodes/__init__.py -> /Applications/PROJELERİM/ISA_TEAM_2025-2026_ROS2/ros2_ws/build/otonom_arac/build/lib/otonom_arac/nodes
creating /Applications/PROJELERİM/ISA_TEAM_2025-2026_ROS2/ros2_ws/build/otonom_arac/build/lib/otonom_arac/nodes/sensors
copying otonom_arac/nodes/sensors/joystick_node.py -> /Applications/PROJELERİM/ISA_TEAM_2025-2026_ROS2/ros2_ws/build/otonom_arac/build/lib/otonom_arac/nodes/sensors
copying otonom_arac/nodes/sensors/encoder_node.py -> /Applications/PROJELERİM/ISA_TEAM_2025-2026_ROS2/ros2_ws/build/otonom_arac/build/lib/otonom_arac/nodes/sensors
copying otonom_arac/nodes/sensors/lidar_node.py -> /Applications/PROJELERİM/ISA_TEAM_2025-2026_ROS2/ros2_ws/build/otonom_arac/build/lib/otonom_arac/nodes/sensors
copying otonom_arac/nodes/sensors/__init__.py -> /Applications/PROJELERİM/ISA_TEAM_2025-2026_ROS2/ros2_ws/build/otonom_arac/build/lib/otonom_arac/nodes/sensors
copying otonom_arac/nodes/sensors/camera_node.py -> /Applications/PROJELERİM/ISA_TEAM_2025-2026_ROS2/ros2_ws/build/otonom_arac/build/lib/otonom_arac/nodes/sensors
creating /Applications/PROJELERİM/ISA_TEAM_2025-2026_ROS2/ros2_ws/build/otonom_arac/build/lib/otonom_arac/nodes/perception
copying otonom_arac/nodes/perception/object_detection_node.py -> /Applications/PROJELERİM/ISA_TEAM_2025-2026_ROS2/ros2_ws/build/otonom_arac/build/lib/otonom_arac/nodes/perception
copying otonom_arac/nodes/perception/__init__.py -> /Applications/PROJELERİM/ISA_TEAM_2025-2026_ROS2/ros2_ws/build/otonom_arac/build/lib/otonom_arac/nodes/perception
copying otonom_arac/nodes/perception/lane_detection_node.py -> /Applications/PROJELERİM/ISA_TEAM_2025-2026_ROS2/ros2_ws/build/otonom_arac/build/lib/otonom_arac/nodes/perception
creating /Applications/PROJELERİM/ISA_TEAM_2025-2026_ROS2/ros2_ws/build/otonom_arac/build/lib/otonom_arac/nodes/control
copying otonom_arac/nodes/control/teensy_node.py -> /Applications/PROJELERİM/ISA_TEAM_2025-2026_ROS2/ros2_ws/build/otonom_arac/build/lib/otonom_arac/nodes/control
copying otonom_arac/nodes/control/__init__.py -> /Applications/PROJELERİM/ISA_TEAM_2025-2026_ROS2/ros2_ws/build/otonom_arac/build/lib/otonom_arac/nodes/control
copying otonom_arac/nodes/control/control_node.py -> /Applications/PROJELERİM/ISA_TEAM_2025-2026_ROS2/ros2_ws/build/otonom_arac/build/lib/otonom_arac/nodes/control
running install
running install_lib
creating /Applications/PROJELERİM/ISA_TEAM_2025-2026_ROS2/ros2_ws/install/otonom_arac/lib/python3.14/site-packages/otonom_arac
creating /Applications/PROJELERİM/ISA_TEAM_2025-2026_ROS2/ros2_ws/install/otonom_arac/lib/python3.14/site-packages/otonom_arac/nodes
creating /Applications/PROJELERİM/ISA_TEAM_2025-2026_ROS2/ros2_ws/install/otonom_arac/lib/python3.14/site-packages/otonom_arac/nodes/sensors
copying /Applications/PROJELERİM/ISA_TEAM_2025-2026_ROS2/ros2_ws/build/otonom_arac/build/lib/otonom_arac/nodes/sensors/joystick_node.py -> /Applications/PROJELERİM/ISA_TEAM_2025-2026_ROS2/ros2_ws/install/otonom_arac/lib/python3.14/site-packages/otonom_arac/nodes/sensors
copying /Applications/PROJELERİM/ISA_TEAM_2025-2026_ROS2/ros2_ws/build/otonom_arac/build/lib/otonom_arac/nodes/sensors/encoder_node.py -> /Applications/PROJELERİM/ISA_TEAM_2025-2026_ROS2/ros2_ws/install/otonom_arac/lib/python3.14/site-packages/otonom_arac/nodes/sensors
copying /Applications/PROJELERİM/ISA_TEAM_2025-2026_ROS2/ros2_ws/build/otonom_arac/build/lib/otonom_arac/nodes/sensors/lidar_node.py -> /Applications/PROJELERİM/ISA_TEAM_2025-2026_ROS2/ros2_ws/install/otonom_arac/lib/python3.14/site-packages/otonom_arac/nodes/sensors
copying /Applications/PROJELERİM/ISA_TEAM_2025-2026_ROS2/ros2_ws/build/otonom_arac/build/lib/otonom_arac/nodes/sensors/__init__.py -> /Applications/PROJELERİM/ISA_TEAM_2025-2026_ROS2/ros2_ws/install/otonom_arac/lib/python3.14/site-packages/otonom_arac/nodes/sensors
copying /Applications/PROJELERİM/ISA_TEAM_2025-2026_ROS2/ros2_ws/build/otonom_arac/build/lib/otonom_arac/nodes/sensors/camera_node.py -> /Applications/PROJELERİM/ISA_TEAM_2025-2026_ROS2/ros2_ws/install/otonom_arac/lib/python3.14/site-packages/otonom_arac/nodes/sensors
copying /Applications/PROJELERİM/ISA_TEAM_2025-2026_ROS2/ros2_ws/build/otonom_arac/build/lib/otonom_arac/nodes/__init__.py -> /Applications/PROJELERİM/ISA_TEAM_2025-2026_ROS2/ros2_ws/install/otonom_arac/lib/python3.14/site-packages/otonom_arac/nodes
creating /Applications/PROJELERİM/ISA_TEAM_2025-2026_ROS2/ros2_ws/install/otonom_arac/lib/python3.14/site-packages/otonom_arac/nodes/perception
copying /Applications/PROJELERİM/ISA_TEAM_2025-2026_ROS2/ros2_ws/build/otonom_arac/build/lib/otonom_arac/nodes/perception/object_detection_node.py -> /Applications/PROJELERİM/ISA_TEAM_2025-2026_ROS2/ros2_ws/install/otonom_arac/lib/python3.14/site-packages/otonom_arac/nodes/perception
copying /Applications/PROJELERİM/ISA_TEAM_2025-2026_ROS2/ros2_ws/build/otonom_arac/build/lib/otonom_arac/nodes/perception/__init__.py -> /Applications/PROJELERİM/ISA_TEAM_2025-2026_ROS2/ros2_ws/install/otonom_arac/lib/python3.14/site-packages/otonom_arac/nodes/perception
copying /Applications/PROJELERİM/ISA_TEAM_2025-2026_ROS2/ros2_ws/build/otonom_arac/build/lib/otonom_arac/nodes/perception/lane_detection_node.py -> /Applications/PROJELERİM/ISA_TEAM_2025-2026_ROS2/ros2_ws/install/otonom_arac/lib/python3.14/site-packages/otonom_arac/nodes/perception
creating /Applications/PROJELERİM/ISA_TEAM_2025-2026_ROS2/ros2_ws/install/otonom_arac/lib/python3.14/site-packages/otonom_arac/nodes/control
copying /Applications/PROJELERİM/ISA_TEAM_2025-2026_ROS2/ros2_ws/build/otonom_arac/build/lib/otonom_arac/nodes/control/teensy_node.py -> /Applications/PROJELERİM/ISA_TEAM_2025-2026_ROS2/ros2_ws/install/otonom_arac/lib/python3.14/site-packages/otonom_arac/nodes/control
copying /Applications/PROJELERİM/ISA_TEAM_2025-2026_ROS2/ros2_ws/build/otonom_arac/build/lib/otonom_arac/nodes/control/__init__.py -> /Applications/PROJELERİM/ISA_TEAM_2025-2026_ROS2/ros2_ws/install/otonom_arac/lib/python3.14/site-packages/otonom_arac/nodes/control
copying /Applications/PROJELERİM/ISA_TEAM_2025-2026_ROS2/ros2_ws/build/otonom_arac/build/lib/otonom_arac/nodes/control/control_node.py -> /Applications/PROJELERİM/ISA_TEAM_2025-2026_ROS2/ros2_ws/install/otonom_arac/lib/python3.14/site-packages/otonom_arac/nodes/control
copying /Applications/PROJELERİM/ISA_TEAM_2025-2026_ROS2/ros2_ws/build/otonom_arac/build/lib/otonom_arac/__init__.py -> /Applications/PROJELERİM/ISA_TEAM_2025-2026_ROS2/ros2_ws/install/otonom_arac/lib/python3.14/site-packages/otonom_arac
byte-compiling /Applications/PROJELERİM/ISA_TEAM_2025-2026_ROS2/ros2_ws/install/otonom_arac/lib/python3.14/site-packages/otonom_arac/nodes/sensors/joystick_node.py to joystick_node.cpython-314.pyc
byte-compiling /Applications/PROJELERİM/ISA_TEAM_2025-2026_ROS2/ros2_ws/install/otonom_arac/lib/python3.14/site-packages/otonom_arac/nodes/sensors/encoder_node.py to encoder_node.cpython-314.pyc
byte-compiling /Applications/PROJELERİM/ISA_TEAM_2025-2026_ROS2/ros2_ws/install/otonom_arac/lib/python3.14/site-packages/otonom_arac/nodes/sensors/lidar_node.py to lidar_node.cpython-314.pyc
byte-compiling /Applications/PROJELERİM/ISA_TEAM_2025-2026_ROS2/ros2_ws/install/otonom_arac/lib/python3.14/site-packages/otonom_arac/nodes/sensors/__init__.py to __init__.cpython-314.pyc
byte-compiling /Applications/PROJELERİM/ISA_TEAM_2025-2026_ROS2/ros2_ws/install/otonom_arac/lib/python3.14/site-packages/otonom_arac/nodes/sensors/camera_node.py to camera_node.cpython-314.pyc
byte-compiling /Applications/PROJELERİM/ISA_TEAM_2025-2026_ROS2/ros2_ws/install/otonom_arac/lib/python3.14/site-packages/otonom_arac/nodes/__init__.py to __init__.cpython-314.pyc
byte-compiling /Applications/PROJELERİM/ISA_TEAM_2025-2026_ROS2/ros2_ws/install/otonom_arac/lib/python3.14/site-packages/otonom_arac/nodes/perception/object_detection_node.py to object_detection_node.cpython-314.pyc
byte-compiling /Applications/PROJELERİM/ISA_TEAM_2025-2026_ROS2/ros2_ws/install/otonom_arac/lib/python3.14/site-packages/otonom_arac/nodes/perception/__init__.py to __init__.cpython-314.pyc
byte-compiling /Applications/PROJELERİM/ISA_TEAM_2025-2026_ROS2/ros2_ws/install/otonom_arac/lib/python3.14/site-packages/otonom_arac/nodes/perception/lane_detection_node.py to lane_detection_node.cpython-314.pyc
byte-compiling /Applications/PROJELERİM/ISA_TEAM_2025-2026_ROS2/ros2_ws/install/otonom_arac/lib/python3.14/site-packages/otonom_arac/nodes/control/teensy_node.py to teensy_node.cpython-314.pyc
byte-compiling /Applications/PROJELERİM/ISA_TEAM_2025-2026_ROS2/ros2_ws/install/otonom_arac/lib/python3.14/site-packages/otonom_arac/nodes/control/__init__.py to __init__.cpython-314.pyc
byte-compiling /Applications/PROJELERİM/ISA_TEAM_2025-2026_ROS2/ros2_ws/install/otonom_arac/lib/python3.14/site-packages/otonom_arac/nodes/control/control_node.py to control_node.cpython-314.pyc
byte-compiling /Applications/PROJELERİM/ISA_TEAM_2025-2026_ROS2/ros2_ws/install/otonom_arac/lib/python3.14/site-packages/otonom_arac/__init__.py to __init__.cpython-314.pyc
running install_data
creating /Applications/PROJELERİM/ISA_TEAM_2025-2026_ROS2/ros2_ws/install/otonom_arac/share/ament_index/resource_index/packages
copying resource/otonom_arac -> /Applications/PROJELERİM/ISA_TEAM_2025-2026_ROS2/ros2_ws/install/otonom_arac/share/ament_index/resource_index/packages
copying package.xml -> /Applications/PROJELERİM/ISA_TEAM_2025-2026_ROS2/ros2_ws/install/otonom_arac/share/otonom_arac
creating /Applications/PROJELERİM/ISA_TEAM_2025-2026_ROS2/ros2_ws/install/otonom_arac/share/otonom_arac/launch
copying launch/otonom_arac_launch.py -> /Applications/PROJELERİM/ISA_TEAM_2025-2026_ROS2/ros2_ws/install/otonom_arac/share/otonom_arac/launch
running install_egg_info
Copying ../../build/otonom_arac/otonom_arac.egg-info to /Applications/PROJELERİM/ISA_TEAM_2025-2026_ROS2/ros2_ws/install/otonom_arac/lib/python3.14/site-packages/otonom_arac-0.0.0-py3.14.egg-info
running install_scripts
Installing camera_node script to /Applications/PROJELERİM/ISA_TEAM_2025-2026_ROS2/ros2_ws/install/otonom_arac/lib/otonom_arac
Installing control_node script to /Applications/PROJELERİM/ISA_TEAM_2025-2026_ROS2/ros2_ws/install/otonom_arac/lib/otonom_arac
Installing encoder_node script to /Applications/PROJELERİM/ISA_TEAM_2025-2026_ROS2/ros2_ws/install/otonom_arac/lib/otonom_arac
Installing joystick_node script to /Applications/PROJELERİM/ISA_TEAM_2025-2026_ROS2/ros2_ws/install/otonom_arac/lib/otonom_arac
Installing lane_detection_node script to /Applications/PROJELERİM/ISA_TEAM_2025-2026_ROS2/ros2_ws/install/otonom_arac/lib/otonom_arac
Installing lidar_node script to /Applications/PROJELERİM/ISA_TEAM_2025-2026_ROS2/ros2_ws/install/otonom_arac/lib/otonom_arac
Installing object_detection_node script to /Applications/PROJELERİM/ISA_TEAM_2025-2026_ROS2/ros2_ws/install/otonom_arac/lib/otonom_arac
Installing teensy_node script to /Applications/PROJELERİM/ISA_TEAM_2025-2026_ROS2/ros2_ws/install/otonom_arac/lib/otonom_arac
writing list of installed files to '/Applications/PROJELERİM/ISA_TEAM_2025-2026_ROS2/ros2_ws/build/otonom_arac/install.log'
