[14.270s] Invoking command in '/Users/faikaktss/ISA_TEAM_2025-2026_ROS2/ros2_ws/src/otonom_arac': PYTHONPATH=/Users/faikaktss/ISA_TEAM_2025-2026_ROS2/build/otonom_arac/prefix_override:/Users/faikaktss/Library/Python/3.11/lib/python/site-packages/colcon_core/task/python/colcon_distutils_commands:/Users/faikaktss/ISA_TEAM_2025-2026_ROS2/install/otonom_arac/lib/python3.11/site-packages: SHLVL=2 _=/usr/bin/env /opt/homebrew/opt/python@3.11/bin/python3.11 -W ignore:setup.py install is deprecated -W ignore:easy_install command is deprecated setup.py egg_info --egg-base ../../../build/otonom_arac build --build-base /Users/faikaktss/ISA_TEAM_2025-2026_ROS2/build/otonom_arac/build install --record /Users/faikaktss/ISA_TEAM_2025-2026_ROS2/build/otonom_arac/install.log --single-version-externally-managed install_data
[18.069s] /Users/faikaktss/Library/Python/3.11/lib/python/site-packages/setuptools/_distutils/dist.py:289: UserWarning: Unknown distribution option: 'tests_require'
[18.070s]   warnings.warn(msg)
[18.281s] running egg_info
[18.313s] creating ../../../build/otonom_arac/otonom_arac.egg-info
[18.316s] writing ../../../build/otonom_arac/otonom_arac.egg-info/PKG-INFO
[18.318s] writing dependency_links to ../../../build/otonom_arac/otonom_arac.egg-info/dependency_links.txt
[18.318s] writing entry points to ../../../build/otonom_arac/otonom_arac.egg-info/entry_points.txt
[18.318s] writing requirements to ../../../build/otonom_arac/otonom_arac.egg-info/requires.txt
[18.318s] writing top-level names to ../../../build/otonom_arac/otonom_arac.egg-info/top_level.txt
[18.319s] writing manifest file '../../../build/otonom_arac/otonom_arac.egg-info/SOURCES.txt'
[18.732s] reading manifest file '../../../build/otonom_arac/otonom_arac.egg-info/SOURCES.txt'
[18.733s] writing manifest file '../../../build/otonom_arac/otonom_arac.egg-info/SOURCES.txt'
[18.733s] running build
[18.733s] running build_py
[18.733s] creating /Users/faikaktss/ISA_TEAM_2025-2026_ROS2/build/otonom_arac/build/lib/otonom_arac
[18.734s] copying otonom_arac/__init__.py -> /Users/faikaktss/ISA_TEAM_2025-2026_ROS2/build/otonom_arac/build/lib/otonom_arac
[18.734s] creating /Users/faikaktss/ISA_TEAM_2025-2026_ROS2/build/otonom_arac/build/lib/otonom_arac/nodes
[18.734s] copying otonom_arac/nodes/__init__.py -> /Users/faikaktss/ISA_TEAM_2025-2026_ROS2/build/otonom_arac/build/lib/otonom_arac/nodes
[18.736s] creating /Users/faikaktss/ISA_TEAM_2025-2026_ROS2/build/otonom_arac/build/lib/otonom_arac/nodes/sensors
[18.736s] copying otonom_arac/nodes/sensors/joystick_node.py -> /Users/faikaktss/ISA_TEAM_2025-2026_ROS2/build/otonom_arac/build/lib/otonom_arac/nodes/sensors
[18.736s] copying otonom_arac/nodes/sensors/encoder_node.py -> /Users/faikaktss/ISA_TEAM_2025-2026_ROS2/build/otonom_arac/build/lib/otonom_arac/nodes/sensors
[18.736s] copying otonom_arac/nodes/sensors/lidar_node.py -> /Users/faikaktss/ISA_TEAM_2025-2026_ROS2/build/otonom_arac/build/lib/otonom_arac/nodes/sensors
[18.738s] copying otonom_arac/nodes/sensors/__init__.py -> /Users/faikaktss/ISA_TEAM_2025-2026_ROS2/build/otonom_arac/build/lib/otonom_arac/nodes/sensors
[18.741s] copying otonom_arac/nodes/sensors/camera_node.py -> /Users/faikaktss/ISA_TEAM_2025-2026_ROS2/build/otonom_arac/build/lib/otonom_arac/nodes/sensors
[18.743s] creating /Users/faikaktss/ISA_TEAM_2025-2026_ROS2/build/otonom_arac/build/lib/otonom_arac/nodes/testing
[18.743s] copying otonom_arac/nodes/testing/__init__.py -> /Users/faikaktss/ISA_TEAM_2025-2026_ROS2/build/otonom_arac/build/lib/otonom_arac/nodes/testing
[18.744s] copying otonom_arac/nodes/testing/video_player_node.py -> /Users/faikaktss/ISA_TEAM_2025-2026_ROS2/build/otonom_arac/build/lib/otonom_arac/nodes/testing
[18.747s] copying otonom_arac/nodes/testing/video_recorder_node.py -> /Users/faikaktss/ISA_TEAM_2025-2026_ROS2/build/otonom_arac/build/lib/otonom_arac/nodes/testing
[18.752s] creating /Users/faikaktss/ISA_TEAM_2025-2026_ROS2/build/otonom_arac/build/lib/otonom_arac/nodes/perception
[18.760s] copying otonom_arac/nodes/perception/object_detection_node.py -> /Users/faikaktss/ISA_TEAM_2025-2026_ROS2/build/otonom_arac/build/lib/otonom_arac/nodes/perception
[18.761s] copying otonom_arac/nodes/perception/__init__.py -> /Users/faikaktss/ISA_TEAM_2025-2026_ROS2/build/otonom_arac/build/lib/otonom_arac/nodes/perception
[18.766s] copying otonom_arac/nodes/perception/lane_detection_node.py -> /Users/faikaktss/ISA_TEAM_2025-2026_ROS2/build/otonom_arac/build/lib/otonom_arac/nodes/perception
[18.778s] creating /Users/faikaktss/ISA_TEAM_2025-2026_ROS2/build/otonom_arac/build/lib/otonom_arac/nodes/control
[18.778s] copying otonom_arac/nodes/control/teensy_node.py -> /Users/faikaktss/ISA_TEAM_2025-2026_ROS2/build/otonom_arac/build/lib/otonom_arac/nodes/control
[18.778s] copying otonom_arac/nodes/control/__init__.py -> /Users/faikaktss/ISA_TEAM_2025-2026_ROS2/build/otonom_arac/build/lib/otonom_arac/nodes/control
[18.779s] copying otonom_arac/nodes/control/control_node.py -> /Users/faikaktss/ISA_TEAM_2025-2026_ROS2/build/otonom_arac/build/lib/otonom_arac/nodes/control
[18.787s] running install
[18.793s] running install_lib
[18.807s] copying /Users/faikaktss/ISA_TEAM_2025-2026_ROS2/build/otonom_arac/build/lib/otonom_arac/nodes/testing/video_player_node.py -> /opt/homebrew/lib/python3.11/site-packages/otonom_arac/nodes/testing
[18.808s] copying /Users/faikaktss/ISA_TEAM_2025-2026_ROS2/build/otonom_arac/build/lib/otonom_arac/nodes/testing/video_recorder_node.py -> /opt/homebrew/lib/python3.11/site-packages/otonom_arac/nodes/testing
[18.808s] copying /Users/faikaktss/ISA_TEAM_2025-2026_ROS2/build/otonom_arac/build/lib/otonom_arac/nodes/perception/lane_detection_node.py -> /opt/homebrew/lib/python3.11/site-packages/otonom_arac/nodes/perception
[18.830s] byte-compiling /opt/homebrew/lib/python3.11/site-packages/otonom_arac/nodes/testing/video_player_node.py to video_player_node.cpython-311.pyc
[18.912s] byte-compiling /opt/homebrew/lib/python3.11/site-packages/otonom_arac/nodes/testing/video_recorder_node.py to video_recorder_node.cpython-311.pyc
[18.927s] byte-compiling /opt/homebrew/lib/python3.11/site-packages/otonom_arac/nodes/perception/lane_detection_node.py to lane_detection_node.cpython-311.pyc
[18.929s] running install_data
[18.935s] copying resource/otonom_arac -> /opt/homebrew/share/ament_index/resource_index/packages
[18.935s] copying package.xml -> /opt/homebrew/share/otonom_arac
[19.085s] copying launch/otonom_arac_launch.py -> /opt/homebrew/share/otonom_arac/launch
[19.127s] running install_egg_info
[19.163s] removing '/opt/homebrew/lib/python3.11/site-packages/otonom_arac-0.0.0-py3.11.egg-info' (and everything under it)
[19.165s] Copying ../../../build/otonom_arac/otonom_arac.egg-info to /opt/homebrew/lib/python3.11/site-packages/otonom_arac-0.0.0-py3.11.egg-info
[19.180s] running install_scripts
[20.224s] Installing camera_node script to /opt/homebrew/Cellar/python@3.11/3.11.14_3/Frameworks/Python.framework/Versions/3.11/lib/otonom_arac
[20.225s] Installing control_node script to /opt/homebrew/Cellar/python@3.11/3.11.14_3/Frameworks/Python.framework/Versions/3.11/lib/otonom_arac
[20.225s] Installing encoder_node script to /opt/homebrew/Cellar/python@3.11/3.11.14_3/Frameworks/Python.framework/Versions/3.11/lib/otonom_arac
[20.225s] Installing joystick_node script to /opt/homebrew/Cellar/python@3.11/3.11.14_3/Frameworks/Python.framework/Versions/3.11/lib/otonom_arac
[20.225s] Installing lane_detection_node script to /opt/homebrew/Cellar/python@3.11/3.11.14_3/Frameworks/Python.framework/Versions/3.11/lib/otonom_arac
[20.226s] Installing lidar_node script to /opt/homebrew/Cellar/python@3.11/3.11.14_3/Frameworks/Python.framework/Versions/3.11/lib/otonom_arac
[20.226s] Installing object_detection_node script to /opt/homebrew/Cellar/python@3.11/3.11.14_3/Frameworks/Python.framework/Versions/3.11/lib/otonom_arac
[20.226s] Installing teensy_node script to /opt/homebrew/Cellar/python@3.11/3.11.14_3/Frameworks/Python.framework/Versions/3.11/lib/otonom_arac
[20.226s] Installing video_player_node script to /opt/homebrew/Cellar/python@3.11/3.11.14_3/Frameworks/Python.framework/Versions/3.11/lib/otonom_arac
[20.228s] Installing video_recorder_node script to /opt/homebrew/Cellar/python@3.11/3.11.14_3/Frameworks/Python.framework/Versions/3.11/lib/otonom_arac
[20.231s] writing list of installed files to '/Users/faikaktss/ISA_TEAM_2025-2026_ROS2/build/otonom_arac/install.log'
[21.175s] Invoked command in '/Users/faikaktss/ISA_TEAM_2025-2026_ROS2/ros2_ws/src/otonom_arac' returned '0': PYTHONPATH=/Users/faikaktss/ISA_TEAM_2025-2026_ROS2/build/otonom_arac/prefix_override:/Users/faikaktss/Library/Python/3.11/lib/python/site-packages/colcon_core/task/python/colcon_distutils_commands:/Users/faikaktss/ISA_TEAM_2025-2026_ROS2/install/otonom_arac/lib/python3.11/site-packages: SHLVL=2 _=/usr/bin/env /opt/homebrew/opt/python@3.11/bin/python3.11 -W ignore:setup.py install is deprecated -W ignore:easy_install command is deprecated setup.py egg_info --egg-base ../../../build/otonom_arac build --build-base /Users/faikaktss/ISA_TEAM_2025-2026_ROS2/build/otonom_arac/build install --record /Users/faikaktss/ISA_TEAM_2025-2026_ROS2/build/otonom_arac/install.log --single-version-externally-managed install_data
