[5.942s] Invoking command in '/workspace/ros2_ws/src/otonom_arac': PYTHONPATH=/workspace/ros2_ws/build/otonom_arac/prefix_override:/usr/lib/python3/dist-packages/colcon_core/task/python/colcon_distutils_commands:/workspace/ros2_ws/install/otonom_arac/lib/python3.12/site-packages:${PYTHONPATH} /usr/bin/python3 -W ignore:setup.py install is deprecated -W ignore:easy_install command is deprecated setup.py egg_info --egg-base ../../build/otonom_arac build --build-base /workspace/ros2_ws/build/otonom_arac/build install --record /workspace/ros2_ws/build/otonom_arac/install.log --single-version-externally-managed install_data
[7.169s] running egg_info
[7.247s] writing ../../build/otonom_arac/otonom_arac.egg-info/PKG-INFO
[7.279s] writing dependency_links to ../../build/otonom_arac/otonom_arac.egg-info/dependency_links.txt
[7.291s] writing entry points to ../../build/otonom_arac/otonom_arac.egg-info/entry_points.txt
[7.308s] writing requirements to ../../build/otonom_arac/otonom_arac.egg-info/requires.txt
[7.316s] writing top-level names to ../../build/otonom_arac/otonom_arac.egg-info/top_level.txt
[7.504s] reading manifest file '../../build/otonom_arac/otonom_arac.egg-info/SOURCES.txt'
[7.517s] writing manifest file '../../build/otonom_arac/otonom_arac.egg-info/SOURCES.txt'
[7.535s] running build
[7.537s] running build_py
[7.577s] copying otonom_arac/nodes/perception/lane_detection_node.py -> /workspace/ros2_ws/build/otonom_arac/build/lib/otonom_arac/nodes/perception
[7.625s] running install
[7.654s] running install_lib
[7.734s] copying /workspace/ros2_ws/build/otonom_arac/build/lib/otonom_arac/nodes/perception/lane_detection_node.py -> /workspace/ros2_ws/install/otonom_arac/lib/python3.12/site-packages/otonom_arac/nodes/perception
[7.782s] byte-compiling /workspace/ros2_ws/install/otonom_arac/lib/python3.12/site-packages/otonom_arac/nodes/perception/lane_detection_node.py to lane_detection_node.cpython-312.pyc
[7.841s] running install_data
[7.867s] running install_egg_info
[7.946s] removing '/workspace/ros2_ws/install/otonom_arac/lib/python3.12/site-packages/otonom_arac-0.0.0-py3.12.egg-info' (and everything under it)
[7.967s] Copying ../../build/otonom_arac/otonom_arac.egg-info to /workspace/ros2_ws/install/otonom_arac/lib/python3.12/site-packages/otonom_arac-0.0.0-py3.12.egg-info
[8.227s] running install_scripts
[8.873s] Installing camera_node script to /workspace/ros2_ws/install/otonom_arac/lib/otonom_arac
[8.892s] Installing control_node script to /workspace/ros2_ws/install/otonom_arac/lib/otonom_arac
[8.909s] Installing encoder_node script to /workspace/ros2_ws/install/otonom_arac/lib/otonom_arac
[8.927s] Installing joystick_node script to /workspace/ros2_ws/install/otonom_arac/lib/otonom_arac
[8.950s] Installing lane_detection_node script to /workspace/ros2_ws/install/otonom_arac/lib/otonom_arac
[8.978s] Installing lidar_node script to /workspace/ros2_ws/install/otonom_arac/lib/otonom_arac
[8.982s] Installing object_detection_node script to /workspace/ros2_ws/install/otonom_arac/lib/otonom_arac
[9.011s] Installing teensy_node script to /workspace/ros2_ws/install/otonom_arac/lib/otonom_arac
[9.084s] Installing video_player_node script to /workspace/ros2_ws/install/otonom_arac/lib/otonom_arac
[9.404s] writing list of installed files to '/workspace/ros2_ws/build/otonom_arac/install.log'
[9.751s] Invoked command in '/workspace/ros2_ws/src/otonom_arac' returned '0': PYTHONPATH=/workspace/ros2_ws/build/otonom_arac/prefix_override:/usr/lib/python3/dist-packages/colcon_core/task/python/colcon_distutils_commands:/workspace/ros2_ws/install/otonom_arac/lib/python3.12/site-packages:${PYTHONPATH} /usr/bin/python3 -W ignore:setup.py install is deprecated -W ignore:easy_install command is deprecated setup.py egg_info --egg-base ../../build/otonom_arac build --build-base /workspace/ros2_ws/build/otonom_arac/build install --record /workspace/ros2_ws/build/otonom_arac/install.log --single-version-externally-managed install_data
