[0.431s] colcon DEBUG Command line arguments: ['/opt/homebrew/Caskroom/miniforge/base/envs/isa_env/bin/colcon', 'build', '--packages-select', 'otonom_arac']
[0.431s] colcon DEBUG Parsed command line arguments: Namespace(log_base=None, log_level=None, verb_name='build', build_base='build', install_base='install', merge_install=False, symlink_install=False, test_result_base=None, continue_on_error=False, executor='parallel', parallel_workers=10, event_handlers=None, ignore_user_meta=False, metas=['./colcon.meta'], base_paths=['.'], packages_ignore=None, packages_ignore_regex=None, paths=None, packages_up_to=None, packages_up_to_regex=None, packages_above=None, packages_above_and_dependencies=None, packages_above_depth=None, packages_select_by_dep=None, packages_skip_by_dep=None, packages_skip_up_to=None, packages_select_build_failed=False, packages_skip_build_finished=False, packages_select_test_failures=False, packages_skip_test_passed=False, packages_select=['otonom_arac'], packages_skip=None, packages_select_regex=None, packages_skip_regex=None, packages_start=None, packages_end=None, cmake_args=None, cmake_target=None, cmake_target_skip_unavailable=False, cmake_clean_cache=False, cmake_clean_first=False, cmake_force_configure=False, ament_cmake_args=None, catkin_cmake_args=None, catkin_skip_building_tests=False, verb_parser=<colcon_defaults.argument_parser.defaults.DefaultArgumentsDecorator object at 0x1045b9950>, verb_extension=<colcon_core.verb.build.BuildVerb object at 0x10464c150>, main=<bound method BuildVerb.main of <colcon_core.verb.build.BuildVerb object at 0x10464c150>>)
[0.723s] colcon.colcon_core.package_discovery Level 1 discover_packages(colcon_meta) check parameters
[0.724s] colcon.colcon_core.package_discovery Level 1 discover_packages(recursive) check parameters
[0.725s] colcon.colcon_core.package_discovery Level 1 discover_packages(ignore) check parameters
[0.725s] colcon.colcon_core.package_discovery Level 1 discover_packages(path) check parameters
[0.725s] colcon.colcon_core.package_discovery Level 1 discover_packages(colcon_meta) discover
[0.725s] colcon.colcon_core.package_discovery Level 1 discover_packages(recursive) discover
[0.725s] colcon.colcon_core.package_discovery INFO Crawling recursively for packages in '/Users/faikaktss/ISA_TEAMM_2025-2026/ros2_ws'
[0.726s] colcon.colcon_core.package_identification Level 1 _identify(.) by extensions ['ignore', 'ignore_ament_install']
[0.726s] colcon.colcon_core.package_identification Level 1 _identify(.) by extension 'ignore'
[0.726s] colcon.colcon_core.package_identification Level 1 _identify(.) by extension 'ignore_ament_install'
[0.726s] colcon.colcon_core.package_identification Level 1 _identify(.) by extensions ['colcon_pkg']
[0.726s] colcon.colcon_core.package_identification Level 1 _identify(.) by extension 'colcon_pkg'
[0.726s] colcon.colcon_core.package_identification Level 1 _identify(.) by extensions ['colcon_meta']
[0.726s] colcon.colcon_core.package_identification Level 1 _identify(.) by extension 'colcon_meta'
[0.726s] colcon.colcon_core.package_identification Level 1 _identify(.) by extensions ['ros']
[0.726s] colcon.colcon_core.package_identification Level 1 _identify(.) by extension 'ros'
[0.809s] colcon.colcon_core.package_identification Level 1 _identify(.) by extensions ['cmake', 'python']
[0.809s] colcon.colcon_core.package_identification Level 1 _identify(.) by extension 'cmake'
[0.809s] colcon.colcon_core.package_identification Level 1 _identify(.) by extension 'python'
[0.809s] colcon.colcon_core.package_identification Level 1 _identify(.) by extensions ['python_setup_py']
[0.809s] colcon.colcon_core.package_identification Level 1 _identify(.) by extension 'python_setup_py'
[0.810s] colcon.colcon_core.package_identification Level 1 _identify(build) by extensions ['ignore', 'ignore_ament_install']
[0.810s] colcon.colcon_core.package_identification Level 1 _identify(build) by extension 'ignore'
[0.810s] colcon.colcon_core.package_identification Level 1 _identify(build) ignored
[0.811s] colcon.colcon_core.package_identification Level 1 _identify(install) by extensions ['ignore', 'ignore_ament_install']
[0.811s] colcon.colcon_core.package_identification Level 1 _identify(install) by extension 'ignore'
[0.811s] colcon.colcon_core.package_identification Level 1 _identify(install) ignored
[0.812s] colcon.colcon_core.package_identification Level 1 _identify(log) by extensions ['ignore', 'ignore_ament_install']
[0.812s] colcon.colcon_core.package_identification Level 1 _identify(log) by extension 'ignore'
[0.812s] colcon.colcon_core.package_identification Level 1 _identify(log) ignored
[0.812s] colcon.colcon_core.package_identification Level 1 _identify(src) by extensions ['ignore', 'ignore_ament_install']
[0.812s] colcon.colcon_core.package_identification Level 1 _identify(src) by extension 'ignore'
[0.813s] colcon.colcon_core.package_identification Level 1 _identify(src) by extension 'ignore_ament_install'
[0.813s] colcon.colcon_core.package_identification Level 1 _identify(src) by extensions ['colcon_pkg']
[0.813s] colcon.colcon_core.package_identification Level 1 _identify(src) by extension 'colcon_pkg'
[0.814s] colcon.colcon_core.package_identification Level 1 _identify(src) by extensions ['colcon_meta']
[0.814s] colcon.colcon_core.package_identification Level 1 _identify(src) by extension 'colcon_meta'
[0.814s] colcon.colcon_core.package_identification Level 1 _identify(src) by extensions ['ros']
[0.814s] colcon.colcon_core.package_identification Level 1 _identify(src) by extension 'ros'
[0.814s] colcon.colcon_core.package_identification Level 1 _identify(src) by extensions ['cmake', 'python']
[0.815s] colcon.colcon_core.package_identification Level 1 _identify(src) by extension 'cmake'
[0.815s] colcon.colcon_core.package_identification Level 1 _identify(src) by extension 'python'
[0.815s] colcon.colcon_core.package_identification Level 1 _identify(src) by extensions ['python_setup_py']
[0.815s] colcon.colcon_core.package_identification Level 1 _identify(src) by extension 'python_setup_py'
[0.815s] colcon.colcon_core.package_identification Level 1 _identify(src/otonom_arac) by extensions ['ignore', 'ignore_ament_install']
[0.815s] colcon.colcon_core.package_identification Level 1 _identify(src/otonom_arac) by extension 'ignore'
[0.815s] colcon.colcon_core.package_identification Level 1 _identify(src/otonom_arac) by extension 'ignore_ament_install'
[0.815s] colcon.colcon_core.package_identification Level 1 _identify(src/otonom_arac) by extensions ['colcon_pkg']
[0.815s] colcon.colcon_core.package_identification Level 1 _identify(src/otonom_arac) by extension 'colcon_pkg'
[0.816s] colcon.colcon_core.package_identification Level 1 _identify(src/otonom_arac) by extensions ['colcon_meta']
[0.816s] colcon.colcon_core.package_identification Level 1 _identify(src/otonom_arac) by extension 'colcon_meta'
[0.816s] colcon.colcon_core.package_identification Level 1 _identify(src/otonom_arac) by extensions ['ros']
[0.816s] colcon.colcon_core.package_identification Level 1 _identify(src/otonom_arac) by extension 'ros'
[0.822s] colcon.colcon_core.package_identification DEBUG Package 'src/otonom_arac' with type 'ros.ament_python' and name 'otonom_arac'
[0.822s] colcon.colcon_core.package_discovery Level 1 discover_packages(recursive) using defaults
[0.822s] colcon.colcon_core.package_discovery Level 1 discover_packages(ignore) discover
[0.822s] colcon.colcon_core.package_discovery Level 1 discover_packages(ignore) using defaults
[0.822s] colcon.colcon_core.package_discovery Level 1 discover_packages(path) discover
[0.822s] colcon.colcon_core.package_discovery Level 1 discover_packages(path) using defaults
[0.863s] colcon.colcon_core.verb Level 5 set package 'otonom_arac' build argument 'cmake_args' from command line to 'None'
[0.863s] colcon.colcon_core.verb Level 5 set package 'otonom_arac' build argument 'cmake_target' from command line to 'None'
[0.864s] colcon.colcon_core.verb Level 5 set package 'otonom_arac' build argument 'cmake_target_skip_unavailable' from command line to 'False'
[0.864s] colcon.colcon_core.verb Level 5 set package 'otonom_arac' build argument 'cmake_clean_cache' from command line to 'False'
[0.864s] colcon.colcon_core.verb Level 5 set package 'otonom_arac' build argument 'cmake_clean_first' from command line to 'False'
[0.864s] colcon.colcon_core.verb Level 5 set package 'otonom_arac' build argument 'cmake_force_configure' from command line to 'False'
[0.864s] colcon.colcon_core.verb Level 5 set package 'otonom_arac' build argument 'ament_cmake_args' from command line to 'None'
[0.864s] colcon.colcon_core.verb Level 5 set package 'otonom_arac' build argument 'catkin_cmake_args' from command line to 'None'
[0.864s] colcon.colcon_core.verb Level 5 set package 'otonom_arac' build argument 'catkin_skip_building_tests' from command line to 'False'
[0.864s] colcon.colcon_core.verb DEBUG Building package 'otonom_arac' with the following arguments: {'ament_cmake_args': None, 'build_base': '/Users/faikaktss/ISA_TEAMM_2025-2026/ros2_ws/build/otonom_arac', 'catkin_cmake_args': None, 'catkin_skip_building_tests': False, 'cmake_args': None, 'cmake_clean_cache': False, 'cmake_clean_first': False, 'cmake_force_configure': False, 'cmake_target': None, 'cmake_target_skip_unavailable': False, 'install_base': '/Users/faikaktss/ISA_TEAMM_2025-2026/ros2_ws/install/otonom_arac', 'merge_install': False, 'path': '/Users/faikaktss/ISA_TEAMM_2025-2026/ros2_ws/src/otonom_arac', 'symlink_install': False, 'test_result_base': None}
[0.864s] colcon.colcon_core.executor INFO Executing jobs using 'parallel' executor
[0.866s] colcon.colcon_parallel_executor.executor.parallel DEBUG run_until_complete
[0.866s] colcon.colcon_ros.task.ament_python.build INFO Building ROS package in '/Users/faikaktss/ISA_TEAMM_2025-2026/ros2_ws/src/otonom_arac' with build type 'ament_python'
[0.866s] colcon.colcon_core.shell Level 1 create_environment_hook('otonom_arac', 'ament_prefix_path')
[0.872s] colcon.colcon_core.plugin_system INFO Skipping extension 'colcon_core.shell.bat': Not used on non-Windows systems
[0.872s] colcon.colcon_core.shell INFO Creating environment hook '/Users/faikaktss/ISA_TEAMM_2025-2026/ros2_ws/install/otonom_arac/share/otonom_arac/hook/ament_prefix_path.ps1'
[0.874s] colcon.colcon_core.shell INFO Creating environment descriptor '/Users/faikaktss/ISA_TEAMM_2025-2026/ros2_ws/install/otonom_arac/share/otonom_arac/hook/ament_prefix_path.dsv'
[0.876s] colcon.colcon_core.shell INFO Creating environment hook '/Users/faikaktss/ISA_TEAMM_2025-2026/ros2_ws/install/otonom_arac/share/otonom_arac/hook/ament_prefix_path.sh'
[0.878s] colcon.colcon_core.shell INFO Skip shell extension 'powershell' for command environment: Not usable outside of PowerShell
[0.878s] colcon.colcon_core.shell DEBUG Skip shell extension 'dsv' for command environment
[1.316s] colcon.colcon_core.task.python.build INFO Building Python package in '/Users/faikaktss/ISA_TEAMM_2025-2026/ros2_ws/src/otonom_arac'
[1.316s] colcon.colcon_core.shell INFO Skip shell extension 'powershell' for command environment: Not usable outside of PowerShell
[1.316s] colcon.colcon_core.shell DEBUG Skip shell extension 'dsv' for command environment
[1.955s] colcon.colcon_core.event_handler.log_command DEBUG Invoking command in '/Users/faikaktss/ISA_TEAMM_2025-2026/ros2_ws/src/otonom_arac': CONDA_PROMPT_MODIFIER=(isa_env) PYTHONPATH=/Users/faikaktss/ISA_TEAMM_2025-2026/ros2_ws/build/otonom_arac/prefix_override:/opt/homebrew/Caskroom/miniforge/base/envs/isa_env/lib/python3.11/site-packages/colcon_core/task/python/colcon_distutils_commands:/Users/faikaktss/ISA_TEAMM_2025-2026/ros2_ws/install/otonom_arac/lib/python3.11/site-packages:${PYTHONPATH} SHLVL=2 _=/usr/bin/env /opt/homebrew/Caskroom/miniforge/base/envs/isa_env/bin/python3.11 -W ignore:setup.py install is deprecated -W ignore:easy_install command is deprecated setup.py egg_info --egg-base ../../build/otonom_arac build --build-base /Users/faikaktss/ISA_TEAMM_2025-2026/ros2_ws/build/otonom_arac/build install --record /Users/faikaktss/ISA_TEAMM_2025-2026/ros2_ws/build/otonom_arac/install.log --single-version-externally-managed install_data
[2.801s] colcon.colcon_core.event_handler.log_command DEBUG Invoked command in '/Users/faikaktss/ISA_TEAMM_2025-2026/ros2_ws/src/otonom_arac' returned '0': CONDA_PROMPT_MODIFIER=(isa_env) PYTHONPATH=/Users/faikaktss/ISA_TEAMM_2025-2026/ros2_ws/build/otonom_arac/prefix_override:/opt/homebrew/Caskroom/miniforge/base/envs/isa_env/lib/python3.11/site-packages/colcon_core/task/python/colcon_distutils_commands:/Users/faikaktss/ISA_TEAMM_2025-2026/ros2_ws/install/otonom_arac/lib/python3.11/site-packages:${PYTHONPATH} SHLVL=2 _=/usr/bin/env /opt/homebrew/Caskroom/miniforge/base/envs/isa_env/bin/python3.11 -W ignore:setup.py install is deprecated -W ignore:easy_install command is deprecated setup.py egg_info --egg-base ../../build/otonom_arac build --build-base /Users/faikaktss/ISA_TEAMM_2025-2026/ros2_ws/build/otonom_arac/build install --record /Users/faikaktss/ISA_TEAMM_2025-2026/ros2_ws/build/otonom_arac/install.log --single-version-externally-managed install_data
[2.809s] colcon.colcon_core.environment Level 1 checking '/Users/faikaktss/ISA_TEAMM_2025-2026/ros2_ws/install/otonom_arac' for CMake module files
[2.811s] colcon.colcon_core.environment Level 1 checking '/Users/faikaktss/ISA_TEAMM_2025-2026/ros2_ws/install/otonom_arac' for CMake config files
[2.813s] colcon.colcon_core.environment Level 1 checking '/Users/faikaktss/ISA_TEAMM_2025-2026/ros2_ws/install/otonom_arac/lib'
[2.816s] colcon.colcon_core.environment Level 1 checking '/Users/faikaktss/ISA_TEAMM_2025-2026/ros2_ws/install/otonom_arac/bin'
[2.816s] colcon.colcon_core.environment Level 1 checking '/Users/faikaktss/ISA_TEAMM_2025-2026/ros2_ws/install/otonom_arac/lib/pkgconfig/otonom_arac.pc'
[2.817s] colcon.colcon_core.environment Level 1 checking '/Users/faikaktss/ISA_TEAMM_2025-2026/ros2_ws/install/otonom_arac/lib/python3.11/site-packages'
[2.817s] colcon.colcon_core.shell Level 1 create_environment_hook('otonom_arac', 'pythonpath')
[2.817s] colcon.colcon_core.shell INFO Creating environment hook '/Users/faikaktss/ISA_TEAMM_2025-2026/ros2_ws/install/otonom_arac/share/otonom_arac/hook/pythonpath.ps1'
[2.819s] colcon.colcon_core.shell INFO Creating environment descriptor '/Users/faikaktss/ISA_TEAMM_2025-2026/ros2_ws/install/otonom_arac/share/otonom_arac/hook/pythonpath.dsv'
[2.820s] colcon.colcon_core.shell INFO Creating environment hook '/Users/faikaktss/ISA_TEAMM_2025-2026/ros2_ws/install/otonom_arac/share/otonom_arac/hook/pythonpath.sh'
[2.823s] colcon.colcon_core.environment Level 1 checking '/Users/faikaktss/ISA_TEAMM_2025-2026/ros2_ws/install/otonom_arac/bin'
[2.823s] colcon.colcon_core.environment Level 1 create_environment_scripts_only(otonom_arac)
[2.823s] colcon.colcon_core.shell INFO Creating package script '/Users/faikaktss/ISA_TEAMM_2025-2026/ros2_ws/install/otonom_arac/share/otonom_arac/package.ps1'
[2.825s] colcon.colcon_core.shell INFO Creating package descriptor '/Users/faikaktss/ISA_TEAMM_2025-2026/ros2_ws/install/otonom_arac/share/otonom_arac/package.dsv'
[2.827s] colcon.colcon_core.shell INFO Creating package script '/Users/faikaktss/ISA_TEAMM_2025-2026/ros2_ws/install/otonom_arac/share/otonom_arac/package.sh'
[2.828s] colcon.colcon_core.shell INFO Creating package script '/Users/faikaktss/ISA_TEAMM_2025-2026/ros2_ws/install/otonom_arac/share/otonom_arac/package.bash'
[2.830s] colcon.colcon_core.shell INFO Creating package script '/Users/faikaktss/ISA_TEAMM_2025-2026/ros2_ws/install/otonom_arac/share/otonom_arac/package.zsh'
[2.833s] colcon.colcon_core.environment Level 1 create_file_with_runtime_dependencies(/Users/faikaktss/ISA_TEAMM_2025-2026/ros2_ws/install/otonom_arac/share/colcon-core/packages/otonom_arac)
[2.834s] colcon.colcon_parallel_executor.executor.parallel DEBUG closing loop
[2.835s] colcon.colcon_parallel_executor.executor.parallel DEBUG loop closed
[2.835s] colcon.colcon_parallel_executor.executor.parallel DEBUG run_until_complete finished with '0'
[2.835s] colcon.colcon_core.event_reactor DEBUG joining thread
[2.836s] colcon.colcon_core.event_reactor DEBUG joined thread
[2.836s] colcon.colcon_core.shell INFO Creating prefix script '/Users/faikaktss/ISA_TEAMM_2025-2026/ros2_ws/install/local_setup.ps1'
[2.839s] colcon.colcon_core.shell INFO Creating prefix util module '/Users/faikaktss/ISA_TEAMM_2025-2026/ros2_ws/install/_local_setup_util_ps1.py'
[2.841s] colcon.colcon_core.shell INFO Creating prefix chain script '/Users/faikaktss/ISA_TEAMM_2025-2026/ros2_ws/install/setup.ps1'
[2.844s] colcon.colcon_core.shell INFO Creating prefix script '/Users/faikaktss/ISA_TEAMM_2025-2026/ros2_ws/install/local_setup.sh'
[2.845s] colcon.colcon_core.shell INFO Creating prefix util module '/Users/faikaktss/ISA_TEAMM_2025-2026/ros2_ws/install/_local_setup_util_sh.py'
[2.847s] colcon.colcon_core.shell INFO Creating prefix chain script '/Users/faikaktss/ISA_TEAMM_2025-2026/ros2_ws/install/setup.sh'
[2.849s] colcon.colcon_core.shell INFO Creating prefix script '/Users/faikaktss/ISA_TEAMM_2025-2026/ros2_ws/install/local_setup.bash'
[2.850s] colcon.colcon_core.shell INFO Creating prefix chain script '/Users/faikaktss/ISA_TEAMM_2025-2026/ros2_ws/install/setup.bash'
[2.850s] colcon.colcon_core.shell INFO Creating prefix script '/Users/faikaktss/ISA_TEAMM_2025-2026/ros2_ws/install/local_setup.zsh'
[2.852s] colcon.colcon_core.shell INFO Creating prefix chain script '/Users/faikaktss/ISA_TEAMM_2025-2026/ros2_ws/install/setup.zsh'
