/Applications/PROJELERİM/ISA_TEAM_2025-2026_ROS2/ros2_ws/install/otonom_arac/lib/python3.14/site-packages/otonom_arac/__init__.py
/Applications/PROJELERİM/ISA_TEAM_2025-2026_ROS2/ros2_ws/install/otonom_arac/lib/python3.14/site-packages/otonom_arac/nodes/__init__.py
/Applications/PROJELERİM/ISA_TEAM_2025-2026_ROS2/ros2_ws/install/otonom_arac/lib/python3.14/site-packages/otonom_arac/nodes/sensors/joystick_node.py
/Applications/PROJELERİM/ISA_TEAM_2025-2026_ROS2/ros2_ws/install/otonom_arac/lib/python3.14/site-packages/otonom_arac/nodes/sensors/encoder_node.py
/Applications/PROJELERİM/ISA_TEAM_2025-2026_ROS2/ros2_ws/install/otonom_arac/lib/python3.14/site-packages/otonom_arac/nodes/sensors/lidar_node.py
/Applications/PROJELERİM/ISA_TEAM_2025-2026_ROS2/ros2_ws/install/otonom_arac/lib/python3.14/site-packages/otonom_arac/nodes/sensors/__init__.py
/Applications/PROJELERİM/ISA_TEAM_2025-2026_ROS2/ros2_ws/install/otonom_arac/lib/python3.14/site-packages/otonom_arac/nodes/sensors/camera_node.py
/Applications/PROJELERİM/ISA_TEAM_2025-2026_ROS2/ros2_ws/install/otonom_arac/lib/python3.14/site-packages/otonom_arac/nodes/perception/object_detection_node.py
/Applications/PROJELERİM/ISA_TEAM_2025-2026_ROS2/ros2_ws/install/otonom_arac/lib/python3.14/site-packages/otonom_arac/nodes/perception/__init__.py
/Applications/PROJELERİM/ISA_TEAM_2025-2026_ROS2/ros2_ws/install/otonom_arac/lib/python3.14/site-packages/otonom_arac/nodes/perception/lane_detection_node.py
/Applications/PROJELERİM/ISA_TEAM_2025-2026_ROS2/ros2_ws/install/otonom_arac/lib/python3.14/site-packages/otonom_arac/nodes/control/teensy_node.py
/Applications/PROJELERİM/ISA_TEAM_2025-2026_ROS2/ros2_ws/install/otonom_arac/lib/python3.14/site-packages/otonom_arac/nodes/control/__init__.py
/Applications/PROJELERİM/ISA_TEAM_2025-2026_ROS2/ros2_ws/install/otonom_arac/lib/python3.14/site-packages/otonom_arac/nodes/control/control_node.py
/Applications/PROJELERİM/ISA_TEAM_2025-2026_ROS2/ros2_ws/install/otonom_arac/lib/python3.14/site-packages/otonom_arac/__pycache__/__init__.cpython-314.pyc
/Applications/PROJELERİM/ISA_TEAM_2025-2026_ROS2/ros2_ws/install/otonom_arac/lib/python3.14/site-packages/otonom_arac/nodes/__pycache__/__init__.cpython-314.pyc
/Applications/PROJELERİM/ISA_TEAM_2025-2026_ROS2/ros2_ws/install/otonom_arac/lib/python3.14/site-packages/otonom_arac/nodes/sensors/__pycache__/joystick_node.cpython-314.pyc
/Applications/PROJELERİM/ISA_TEAM_2025-2026_ROS2/ros2_ws/install/otonom_arac/lib/python3.14/site-packages/otonom_arac/nodes/sensors/__pycache__/encoder_node.cpython-314.pyc
/Applications/PROJELERİM/ISA_TEAM_2025-2026_ROS2/ros2_ws/install/otonom_arac/lib/python3.14/site-packages/otonom_arac/nodes/sensors/__pycache__/lidar_node.cpython-314.pyc
/Applications/PROJELERİM/ISA_TEAM_2025-2026_ROS2/ros2_ws/install/otonom_arac/lib/python3.14/site-packages/otonom_arac/nodes/sensors/__pycache__/__init__.cpython-314.pyc
/Applications/PROJELERİM/ISA_TEAM_2025-2026_ROS2/ros2_ws/install/otonom_arac/lib/python3.14/site-packages/otonom_arac/nodes/sensors/__pycache__/camera_node.cpython-314.pyc
/Applications/PROJELERİM/ISA_TEAM_2025-2026_ROS2/ros2_ws/install/otonom_arac/lib/python3.14/site-packages/otonom_arac/nodes/perception/__pycache__/object_detection_node.cpython-314.pyc
/Applications/PROJELERİM/ISA_TEAM_2025-2026_ROS2/ros2_ws/install/otonom_arac/lib/python3.14/site-packages/otonom_arac/nodes/perception/__pycache__/__init__.cpython-314.pyc
/Applications/PROJELERİM/ISA_TEAM_2025-2026_ROS2/ros2_ws/install/otonom_arac/lib/python3.14/site-packages/otonom_arac/nodes/perception/__pycache__/lane_detection_node.cpython-314.pyc
/Applications/PROJELERİM/ISA_TEAM_2025-2026_ROS2/ros2_ws/install/otonom_arac/lib/python3.14/site-packages/otonom_arac/nodes/control/__pycache__/teensy_node.cpython-314.pyc
/Applications/PROJELERİM/ISA_TEAM_2025-2026_ROS2/ros2_ws/install/otonom_arac/lib/python3.14/site-packages/otonom_arac/nodes/control/__pycache__/__init__.cpython-314.pyc
/Applications/PROJELERİM/ISA_TEAM_2025-2026_ROS2/ros2_ws/install/otonom_arac/lib/python3.14/site-packages/otonom_arac/nodes/control/__pycache__/control_node.cpython-314.pyc
/Applications/PROJELERİM/ISA_TEAM_2025-2026_ROS2/ros2_ws/install/otonom_arac/share/ament_index/resource_index/packages/otonom_arac
/Applications/PROJELERİM/ISA_TEAM_2025-2026_ROS2/ros2_ws/install/otonom_arac/share/otonom_arac/package.xml
/Applications/PROJELERİM/ISA_TEAM_2025-2026_ROS2/ros2_ws/install/otonom_arac/share/otonom_arac/launch/otonom_arac_launch.py
/Applications/PROJELERİM/ISA_TEAM_2025-2026_ROS2/ros2_ws/install/otonom_arac/lib/python3.14/site-packages/otonom_arac-0.0.0-py3.14.egg-info/PKG-INFO
/Applications/PROJELERİM/ISA_TEAM_2025-2026_ROS2/ros2_ws/install/otonom_arac/lib/python3.14/site-packages/otonom_arac-0.0.0-py3.14.egg-info/zip-safe
/Applications/PROJELERİM/ISA_TEAM_2025-2026_ROS2/ros2_ws/install/otonom_arac/lib/python3.14/site-packages/otonom_arac-0.0.0-py3.14.egg-info/SOURCES.txt
/Applications/PROJELERİM/ISA_TEAM_2025-2026_ROS2/ros2_ws/install/otonom_arac/lib/python3.14/site-packages/otonom_arac-0.0.0-py3.14.egg-info/entry_points.txt
/Applications/PROJELERİM/ISA_TEAM_2025-2026_ROS2/ros2_ws/install/otonom_arac/lib/python3.14/site-packages/otonom_arac-0.0.0-py3.14.egg-info/requires.txt
/Applications/PROJELERİM/ISA_TEAM_2025-2026_ROS2/ros2_ws/install/otonom_arac/lib/python3.14/site-packages/otonom_arac-0.0.0-py3.14.egg-info/top_level.txt
/Applications/PROJELERİM/ISA_TEAM_2025-2026_ROS2/ros2_ws/install/otonom_arac/lib/python3.14/site-packages/otonom_arac-0.0.0-py3.14.egg-info/dependency_links.txt
/Applications/PROJELERİM/ISA_TEAM_2025-2026_ROS2/ros2_ws/install/otonom_arac/lib/otonom_arac/camera_node
/Applications/PROJELERİM/ISA_TEAM_2025-2026_ROS2/ros2_ws/install/otonom_arac/lib/otonom_arac/control_node
/Applications/PROJELERİM/ISA_TEAM_2025-2026_ROS2/ros2_ws/install/otonom_arac/lib/otonom_arac/encoder_node
/Applications/PROJELERİM/ISA_TEAM_2025-2026_ROS2/ros2_ws/install/otonom_arac/lib/otonom_arac/joystick_node
/Applications/PROJELERİM/ISA_TEAM_2025-2026_ROS2/ros2_ws/install/otonom_arac/lib/otonom_arac/lane_detection_node
/Applications/PROJELERİM/ISA_TEAM_2025-2026_ROS2/ros2_ws/install/otonom_arac/lib/otonom_arac/lidar_node
/Applications/PROJELERİM/ISA_TEAM_2025-2026_ROS2/ros2_ws/install/otonom_arac/lib/otonom_arac/object_detection_node
/Applications/PROJELERİM/ISA_TEAM_2025-2026_ROS2/ros2_ws/install/otonom_arac/lib/otonom_arac/teensy_node
